{"total": {"lines":{"total":3918,"covered":3387,"skipped":0,"pct":86.44},"statements":{"total":4360,"covered":3658,"skipped":0,"pct":83.89},"functions":{"total":1311,"covered":1091,"skipped":0,"pct":83.21},"branches":{"total":4233,"covered":3210,"skipped":0,"pct":75.83},"branchesTrue":{"total":0,"covered":0,"skipped":0,"pct":100}}
,"/home/hongjian/loom/.claude/worktrees/pr856/web/src/App.tsx": {"lines":{"total":1,"covered":1,"skipped":0,"pct":100},"functions":{"total":1,"covered":1,"skipped":0,"pct":100},"statements":{"total":1,"covered":1,"skipped":0,"pct":100},"branches":{"total":0,"covered":0,"skipped":0,"pct":100}}
,"/home/hongjian/loom/.claude/worktrees/pr856/web/src/main.tsx": {"lines":{"total":24,"covered":0,"skipped":0,"pct":0},"functions":{"total":5,"covered":0,"skipped":0,"pct":0},"statements":{"total":24,"covered":0,"skipped":0,"pct":0},"branches":{"total":10,"covered":0,"skipped":0,"pct":0}}
,"/home/hongjian/loom/.claude/worktrees/pr856/web/src/vite-env.d.ts": {"lines":{"total":0,"covered":0,"skipped":0,"pct":100},"functions":{"total":0,"covered":0,"skipped":0,"pct":100},"statements":{"total":0,"covered":0,"skipped":0,"pct":100},"branches":{"total":0,"covered":0,"skipped":0,"pct":100}}
,"/home/hongjian/loom/.claude/worktrees/pr856/web/src/api/client.ts": {"lines":{"total":193,"covered":169,"skipped":0,"pct":87.56},"functions":{"total":113,"covered":95,"skipped":0,"pct":84.07},"statements":{"total":201,"covered":174,"skipped":0,"pct":86.56},"branches":{"total":127,"covered":101,"skipped":0,"pct":79.52}}
,"/home/hongjian/loom/.claude/worktrees/pr856/web/src/auth/AuthContext.tsx": {"lines":{"total":157,"covered":154,"skipped":0,"pct":98.08},"functions":{"total":42,"covered":40,"skipped":0,"pct":95.23},"statements":{"total":170,"covered":162,"skipped":0,"pct":95.29},"branches":{"total":83,"covered":74,"skipped":0,"pct":89.15}}
,"/home/hongjian/loom/.claude/worktrees/pr856/web/src/auth/authContextValue.ts": {"lines":{"total":1,"covered":1,"skipped":0,"pct":100},"functions":{"total":0,"covered":0,"skipped":0,"pct":100},"statements":{"total":1,"covered":1,"skipped":0,"pct":100},"branches":{"total":0,"covered":0,"skipped":0,"pct":100}}
,"/home/hongjian/loom/.claude/worktrees/pr856/web/src/auth/useAuth.ts": {"lines":{"total":4,"covered":3,"skipped":0,"pct":75},"functions":{"total":1,"covered":1,"skipped":0,"pct":100},"statements":{"total":4,"covered":3,"skipped":0,"pct":75},"branches":{"total":2,"covered":1,"skipped":0,"pct":50}}
,"/home/hongjian/loom/.claude/worktrees/pr856/web/src/bootstrap/FrontendBootstrap.tsx": {"lines":{"total":25,"covered":25,"skipped":0,"pct":100},"functions":{"total":8,"covered":8,"skipped":0,"pct":100},"statements":{"total":28,"covered":28,"skipped":0,"pct":100},"branches":{"total":10,"covered":9,"skipped":0,"pct":90}}
,"/home/hongjian/loom/.claude/worktrees/pr856/web/src/components/AgentModelPicker.tsx": {"lines":{"total":197,"covered":168,"skipped":0,"pct":85.27},"functions":{"total":76,"covered":65,"skipped":0,"pct":85.52},"statements":{"total":232,"covered":193,"skipped":0,"pct":83.18},"branches":{"total":303,"covered":245,"skipped":0,"pct":80.85}}
,"/home/hongjian/loom/.claude/worktrees/pr856/web/src/components/BrowserErrorBoundary.tsx": {"lines":{"total":20,"covered":18,"skipped":0,"pct":90},"functions":{"total":6,"covered":6,"skipped":0,"pct":100},"statements":{"total":22,"covered":20,"skipped":0,"pct":90.9},"branches":{"total":8,"covered":6,"skipped":0,"pct":75}}
,"/home/hongjian/loom/.claude/worktrees/pr856/web/src/components/Button.tsx": {"lines":{"total":4,"covered":4,"skipped":0,"pct":100},"functions":{"total":1,"covered":1,"skipped":0,"pct":100},"statements":{"total":4,"covered":4,"skipped":0,"pct":100},"branches":{"total":3,"covered":3,"skipped":0,"pct":100}}
,"/home/hongjian/loom/.claude/worktrees/pr856/web/src/components/Card.tsx": {"lines":{"total":7,"covered":7,"skipped":0,"pct":100},"functions":{"total":4,"covered":4,"skipped":0,"pct":100},"statements":{"total":7,"covered":7,"skipped":0,"pct":100},"branches":{"total":5,"covered":5,"skipped":0,"pct":100}}
,"/home/hongjian/loom/.claude/worktrees/pr856/web/src/components/CommandSnippet.tsx": {"lines":{"total":7,"covered":7,"skipped":0,"pct":100},"functions":{"total":4,"covered":3,"skipped":0,"pct":75},"statements":{"total":8,"covered":7,"skipped":0,"pct":87.5},"branches":{"total":5,"covered":5,"skipped":0,"pct":100}}
,"/home/hongjian/loom/.claude/worktrees/pr856/web/src/components/CopyableId.tsx": {"lines":{"total":6,"covered":0,"skipped":0,"pct":0},"functions":{"total":3,"covered":0,"skipped":0,"pct":0},"statements":{"total":7,"covered":0,"skipped":0,"pct":0},"branches":{"total":5,"covered":0,"skipped":0,"pct":0}}
,"/home/hongjian/loom/.claude/worktrees/pr856/web/src/components/DebugEvidenceCard.tsx": {"lines":{"total":13,"covered":12,"skipped":0,"pct":92.3},"functions":{"total":4,"covered":4,"skipped":0,"pct":100},"statements":{"total":17,"covered":14,"skipped":0,"pct":82.35},"branches":{"total":27,"covered":16,"skipped":0,"pct":59.25}}
,"/home/hongjian/loom/.claude/worktrees/pr856/web/src/components/DiagnosisCard.tsx": {"lines":{"total":18,"covered":16,"skipped":0,"pct":88.88},"functions":{"total":7,"covered":7,"skipped":0,"pct":100},"statements":{"total":23,"covered":18,"skipped":0,"pct":78.26},"branches":{"total":38,"covered":24,"skipped":0,"pct":63.15}}
,"/home/hongjian/loom/.claude/worktrees/pr856/web/src/components/DiagnosticPanel.tsx": {"lines":{"total":5,"covered":5,"skipped":0,"pct":100},"functions":{"total":3,"covered":3,"skipped":0,"pct":100},"statements":{"total":6,"covered":5,"skipped":0,"pct":83.33},"branches":{"total":6,"covered":5,"skipped":0,"pct":83.33}}
,"/home/hongjian/loom/.claude/worktrees/pr856/web/src/components/DocsCallout.tsx": {"lines":{"total":2,"covered":2,"skipped":0,"pct":100},"functions":{"total":1,"covered":1,"skipped":0,"pct":100},"statements":{"total":2,"covered":2,"skipped":0,"pct":100},"branches":{"total":1,"covered":1,"skipped":0,"pct":100}}
,"/home/hongjian/loom/.claude/worktrees/pr856/web/src/components/EmptyState.tsx": {"lines":{"total":1,"covered":1,"skipped":0,"pct":100},"functions":{"total":1,"covered":1,"skipped":0,"pct":100},"statements":{"total":1,"covered":1,"skipped":0,"pct":100},"branches":{"total":2,"covered":2,"skipped":0,"pct":100}}
,"/home/hongjian/loom/.claude/worktrees/pr856/web/src/components/ErrorState.tsx": {"lines":{"total":10,"covered":9,"skipped":0,"pct":90},"functions":{"total":1,"covered":1,"skipped":0,"pct":100},"statements":{"total":10,"covered":9,"skipped":0,"pct":90},"branches":{"total":9,"covered":7,"skipped":0,"pct":77.77}}
,"/home/hongjian/loom/.claude/worktrees/pr856/web/src/components/EventTimeline.tsx": {"lines":{"total":30,"covered":24,"skipped":0,"pct":80},"functions":{"total":6,"covered":6,"skipped":0,"pct":100},"statements":{"total":30,"covered":24,"skipped":0,"pct":80},"branches":{"total":59,"covered":30,"skipped":0,"pct":50.84}}
,"/home/hongjian/loom/.claude/worktrees/pr856/web/src/components/InfoHint.tsx": {"lines":{"total":1,"covered":0,"skipped":0,"pct":0},"functions":{"total":1,"covered":0,"skipped":0,"pct":0},"statements":{"total":1,"covered":0,"skipped":0,"pct":0},"branches":{"total":0,"covered":0,"skipped":0,"pct":100}}
,"/home/hongjian/loom/.claude/worktrees/pr856/web/src/components/Input.tsx": {"lines":{"total":5,"covered":5,"skipped":0,"pct":100},"functions":{"total":2,"covered":2,"skipped":0,"pct":100},"statements":{"total":5,"covered":5,"skipped":0,"pct":100},"branches":{"total":0,"covered":0,"skipped":0,"pct":100}}
,"/home/hongjian/loom/.claude/worktrees/pr856/web/src/components/JsonViewer.tsx": {"lines":{"total":2,"covered":2,"skipped":0,"pct":100},"functions":{"total":2,"covered":2,"skipped":0,"pct":100},"statements":{"total":2,"covered":2,"skipped":0,"pct":100},"branches":{"total":3,"covered":3,"skipped":0,"pct":100}}
,"/home/hongjian/loom/.claude/worktrees/pr856/web/src/components/Layout.tsx": {"lines":{"total":19,"covered":17,"skipped":0,"pct":89.47},"functions":{"total":2,"covered":2,"skipped":0,"pct":100},"statements":{"total":19,"covered":17,"skipped":0,"pct":89.47},"branches":{"total":25,"covered":20,"skipped":0,"pct":80}}
,"/home/hongjian/loom/.claude/worktrees/pr856/web/src/components/LoadingState.tsx": {"lines":{"total":1,"covered":1,"skipped":0,"pct":100},"functions":{"total":1,"covered":1,"skipped":0,"pct":100},"statements":{"total":1,"covered":1,"skipped":0,"pct":100},"branches":{"total":1,"covered":1,"skipped":0,"pct":100}}
,"/home/hongjian/loom/.claude/worktrees/pr856/web/src/components/Modal.tsx": {"lines":{"total":137,"covered":131,"skipped":0,"pct":95.62},"functions":{"total":19,"covered":19,"skipped":0,"pct":100},"statements":{"total":155,"covered":146,"skipped":0,"pct":94.19},"branches":{"total":108,"covered":93,"skipped":0,"pct":86.11}}
,"/home/hongjian/loom/.claude/worktrees/pr856/web/src/components/NavBar.tsx": {"lines":{"total":18,"covered":18,"skipped":0,"pct":100},"functions":{"total":8,"covered":8,"skipped":0,"pct":100},"statements":{"total":18,"covered":18,"skipped":0,"pct":100},"branches":{"total":33,"covered":30,"skipped":0,"pct":90.9}}
,"/home/hongjian/loom/.claude/worktrees/pr856/web/src/components/Pagination.tsx": {"lines":{"total":16,"covered":16,"skipped":0,"pct":100},"functions":{"total":4,"covered":4,"skipped":0,"pct":100},"statements":{"total":16,"covered":16,"skipped":0,"pct":100},"branches":{"total":28,"covered":27,"skipped":0,"pct":96.42}}
,"/home/hongjian/loom/.claude/worktrees/pr856/web/src/components/RecoveryPanel.tsx": {"lines":{"total":9,"covered":8,"skipped":0,"pct":88.88},"functions":{"total":3,"covered":2,"skipped":0,"pct":66.66},"statements":{"total":9,"covered":8,"skipped":0,"pct":88.88},"branches":{"total":7,"covered":6,"skipped":0,"pct":85.71}}
,"/home/hongjian/loom/.claude/worktrees/pr856/web/src/components/RootErrorBoundary.tsx": {"lines":{"total":19,"covered":18,"skipped":0,"pct":94.73},"functions":{"total":5,"covered":5,"skipped":0,"pct":100},"statements":{"total":20,"covered":19,"skipped":0,"pct":95},"branches":{"total":6,"covered":4,"skipped":0,"pct":66.66}}
,"/home/hongjian/loom/.claude/worktrees/pr856/web/src/components/RouteRecoveryBoundary.tsx": {"lines":{"total":4,"covered":4,"skipped":0,"pct":100},"functions":{"total":3,"covered":3,"skipped":0,"pct":100},"statements":{"total":4,"covered":4,"skipped":0,"pct":100},"branches":{"total":7,"covered":7,"skipped":0,"pct":100}}
,"/home/hongjian/loom/.claude/worktrees/pr856/web/src/components/SkipLink.tsx": {"lines":{"total":1,"covered":1,"skipped":0,"pct":100},"functions":{"total":1,"covered":1,"skipped":0,"pct":100},"statements":{"total":1,"covered":1,"skipped":0,"pct":100},"branches":{"total":1,"covered":1,"skipped":0,"pct":100}}
,"/home/hongjian/loom/.claude/worktrees/pr856/web/src/components/StatCard.tsx": {"lines":{"total":1,"covered":1,"skipped":0,"pct":100},"functions":{"total":1,"covered":1,"skipped":0,"pct":100},"statements":{"total":1,"covered":1,"skipped":0,"pct":100},"branches":{"total":4,"covered":3,"skipped":0,"pct":75}}
,"/home/hongjian/loom/.claude/worktrees/pr856/web/src/components/StatusPill.tsx": {"lines":{"total":3,"covered":3,"skipped":0,"pct":100},"functions":{"total":1,"covered":1,"skipped":0,"pct":100},"statements":{"total":3,"covered":3,"skipped":0,"pct":100},"branches":{"total":2,"covered":2,"skipped":0,"pct":100}}
,"/home/hongjian/loom/.claude/worktrees/pr856/web/src/components/SubmitTrialModal.tsx": {"lines":{"total":38,"covered":26,"skipped":0,"pct":68.42},"functions":{"total":7,"covered":4,"skipped":0,"pct":57.14},"statements":{"total":39,"covered":27,"skipped":0,"pct":69.23},"branches":{"total":18,"covered":15,"skipped":0,"pct":83.33}}
,"/home/hongjian/loom/.claude/worktrees/pr856/web/src/components/Tabs.tsx": {"lines":{"total":125,"covered":118,"skipped":0,"pct":94.4},"functions":{"total":26,"covered":26,"skipped":0,"pct":100},"statements":{"total":136,"covered":126,"skipped":0,"pct":92.64},"branches":{"total":105,"covered":91,"skipped":0,"pct":86.66}}
,"/home/hongjian/loom/.claude/worktrees/pr856/web/src/components/agentModelSelection.ts": {"lines":{"total":17,"covered":13,"skipped":0,"pct":76.47},"functions":{"total":2,"covered":2,"skipped":0,"pct":100},"statements":{"total":23,"covered":16,"skipped":0,"pct":69.56},"branches":{"total":24,"covered":14,"skipped":0,"pct":58.33}}
,"/home/hongjian/loom/.claude/worktrees/pr856/web/src/components/paginationState.ts": {"lines":{"total":6,"covered":6,"skipped":0,"pct":100},"functions":{"total":2,"covered":2,"skipped":0,"pct":100},"statements":{"total":7,"covered":7,"skipped":0,"pct":100},"branches":{"total":4,"covered":4,"skipped":0,"pct":100}}
,"/home/hongjian/loom/.claude/worktrees/pr856/web/src/components/admin/AdminAuditLog.tsx": {"lines":{"total":10,"covered":10,"skipped":0,"pct":100},"functions":{"total":6,"covered":6,"skipped":0,"pct":100},"statements":{"total":12,"covered":12,"skipped":0,"pct":100},"branches":{"total":16,"covered":15,"skipped":0,"pct":93.75}}
,"/home/hongjian/loom/.claude/worktrees/pr856/web/src/components/providers/AddManualModelModal.tsx": {"lines":{"total":9,"covered":9,"skipped":0,"pct":100},"functions":{"total":4,"covered":4,"skipped":0,"pct":100},"statements":{"total":9,"covered":9,"skipped":0,"pct":100},"branches":{"total":4,"covered":4,"skipped":0,"pct":100}}
,"/home/hongjian/loom/.claude/worktrees/pr856/web/src/components/providers/DeleteConnectionModal.tsx": {"lines":{"total":5,"covered":5,"skipped":0,"pct":100},"functions":{"total":2,"covered":2,"skipped":0,"pct":100},"statements":{"total":5,"covered":5,"skipped":0,"pct":100},"branches":{"total":2,"covered":2,"skipped":0,"pct":100}}
,"/home/hongjian/loom/.claude/worktrees/pr856/web/src/components/providers/ModelsTab.tsx": {"lines":{"total":35,"covered":32,"skipped":0,"pct":91.42},"functions":{"total":14,"covered":12,"skipped":0,"pct":85.71},"statements":{"total":36,"covered":33,"skipped":0,"pct":91.66},"branches":{"total":34,"covered":26,"skipped":0,"pct":76.47}}
,"/home/hongjian/loom/.claude/worktrees/pr856/web/src/components/providers/ProviderForm.tsx": {"lines":{"total":33,"covered":26,"skipped":0,"pct":78.78},"functions":{"total":15,"covered":10,"skipped":0,"pct":66.66},"statements":{"total":34,"covered":27,"skipped":0,"pct":79.41},"branches":{"total":34,"covered":27,"skipped":0,"pct":79.41}}
,"/home/hongjian/loom/.claude/worktrees/pr856/web/src/components/providers/RotateKeyModal.tsx": {"lines":{"total":9,"covered":9,"skipped":0,"pct":100},"functions":{"total":4,"covered":4,"skipped":0,"pct":100},"statements":{"total":9,"covered":9,"skipped":0,"pct":100},"branches":{"total":4,"covered":4,"skipped":0,"pct":100}}
,"/home/hongjian/loom/.claude/worktrees/pr856/web/src/hooks/providers.ts": {"lines":{"total":45,"covered":45,"skipped":0,"pct":100},"functions":{"total":30,"covered":30,"skipped":0,"pct":100},"statements":{"total":45,"covered":45,"skipped":0,"pct":100},"branches":{"total":0,"covered":0,"skipped":0,"pct":100}}
,"/home/hongjian/loom/.claude/worktrees/pr856/web/src/hooks/useAdaptivePolling.ts": {"lines":{"total":24,"covered":23,"skipped":0,"pct":95.83},"functions":{"total":11,"covered":6,"skipped":0,"pct":54.54},"statements":{"total":29,"covered":23,"skipped":0,"pct":79.31},"branches":{"total":14,"covered":11,"skipped":0,"pct":78.57}}
,"/home/hongjian/loom/.claude/worktrees/pr856/web/src/hooks/useCursorPage.ts": {"lines":{"total":17,"covered":17,"skipped":0,"pct":100},"functions":{"total":11,"covered":11,"skipped":0,"pct":100},"statements":{"total":19,"covered":19,"skipped":0,"pct":100},"branches":{"total":8,"covered":7,"skipped":0,"pct":87.5}}
,"/home/hongjian/loom/.claude/worktrees/pr856/web/src/hooks/useDebouncedValue.ts": {"lines":{"total":5,"covered":5,"skipped":0,"pct":100},"functions":{"total":4,"covered":3,"skipped":0,"pct":75},"statements":{"total":7,"covered":6,"skipped":0,"pct":85.71},"branches":{"total":0,"covered":0,"skipped":0,"pct":100}}
,"/home/hongjian/loom/.claude/worktrees/pr856/web/src/hooks/useTrialEventStream.ts": {"lines":{"total":38,"covered":37,"skipped":0,"pct":97.36},"functions":{"total":10,"covered":9,"skipped":0,"pct":90},"statements":{"total":40,"covered":39,"skipped":0,"pct":97.5},"branches":{"total":16,"covered":15,"skipped":0,"pct":93.75}}
,"/home/hongjian/loom/.claude/worktrees/pr856/web/src/lib/agentReadiness.ts": {"lines":{"total":2,"covered":2,"skipped":0,"pct":100},"functions":{"total":2,"covered":2,"skipped":0,"pct":100},"statements":{"total":2,"covered":2,"skipped":0,"pct":100},"branches":{"total":3,"covered":3,"skipped":0,"pct":100}}
,"/home/hongjian/loom/.claude/worktrees/pr856/web/src/lib/browserTestBuild.ts": {"lines":{"total":1,"covered":1,"skipped":0,"pct":100},"functions":{"total":0,"covered":0,"skipped":0,"pct":100},"statements":{"total":1,"covered":1,"skipped":0,"pct":100},"branches":{"total":0,"covered":0,"skipped":0,"pct":100}}
,"/home/hongjian/loom/.claude/worktrees/pr856/web/src/lib/cn.ts": {"lines":{"total":1,"covered":1,"skipped":0,"pct":100},"functions":{"total":1,"covered":1,"skipped":0,"pct":100},"statements":{"total":1,"covered":1,"skipped":0,"pct":100},"branches":{"total":0,"covered":0,"skipped":0,"pct":100}}
,"/home/hongjian/loom/.claude/worktrees/pr856/web/src/lib/dateTime.ts": {"lines":{"total":14,"covered":14,"skipped":0,"pct":100},"functions":{"total":3,"covered":3,"skipped":0,"pct":100},"statements":{"total":18,"covered":17,"skipped":0,"pct":94.44},"branches":{"total":22,"covered":18,"skipped":0,"pct":81.81}}
,"/home/hongjian/loom/.claude/worktrees/pr856/web/src/lib/errorReporting.ts": {"lines":{"total":186,"covered":176,"skipped":0,"pct":94.62},"functions":{"total":42,"covered":39,"skipped":0,"pct":92.85},"statements":{"total":202,"covered":183,"skipped":0,"pct":90.59},"branches":{"total":111,"covered":87,"skipped":0,"pct":78.37}}
,"/home/hongjian/loom/.claude/worktrees/pr856/web/src/lib/frontendConfig.ts": {"lines":{"total":97,"covered":85,"skipped":0,"pct":87.62},"functions":{"total":21,"covered":21,"skipped":0,"pct":100},"statements":{"total":105,"covered":91,"skipped":0,"pct":86.66},"branches":{"total":111,"covered":88,"skipped":0,"pct":79.27}}
,"/home/hongjian/loom/.claude/worktrees/pr856/web/src/lib/helpText.ts": {"lines":{"total":14,"covered":14,"skipped":0,"pct":100},"functions":{"total":3,"covered":3,"skipped":0,"pct":100},"statements":{"total":18,"covered":18,"skipped":0,"pct":100},"branches":{"total":18,"covered":18,"skipped":0,"pct":100}}
,"/home/hongjian/loom/.claude/worktrees/pr856/web/src/lib/humanizeFailureReason.ts": {"lines":{"total":9,"covered":9,"skipped":0,"pct":100},"functions":{"total":4,"covered":4,"skipped":0,"pct":100},"statements":{"total":11,"covered":10,"skipped":0,"pct":90.9},"branches":{"total":4,"covered":3,"skipped":0,"pct":75}}
,"/home/hongjian/loom/.claude/worktrees/pr856/web/src/lib/humanizeTaskFilter.ts": {"lines":{"total":41,"covered":35,"skipped":0,"pct":85.36},"functions":{"total":12,"covered":11,"skipped":0,"pct":91.66},"statements":{"total":46,"covered":38,"skipped":0,"pct":82.6},"branches":{"total":52,"covered":31,"skipped":0,"pct":59.61}}
,"/home/hongjian/loom/.claude/worktrees/pr856/web/src/lib/humanizeTrialConfig.ts": {"lines":{"total":45,"covered":39,"skipped":0,"pct":86.66},"functions":{"total":9,"covered":9,"skipped":0,"pct":100},"statements":{"total":50,"covered":43,"skipped":0,"pct":86},"branches":{"total":51,"covered":38,"skipped":0,"pct":74.5}}
,"/home/hongjian/loom/.claude/worktrees/pr856/web/src/lib/modelLabel.ts": {"lines":{"total":9,"covered":9,"skipped":0,"pct":100},"functions":{"total":1,"covered":1,"skipped":0,"pct":100},"statements":{"total":14,"covered":14,"skipped":0,"pct":100},"branches":{"total":18,"covered":18,"skipped":0,"pct":100}}
,"/home/hongjian/loom/.claude/worktrees/pr856/web/src/lib/ownership.ts": {"lines":{"total":5,"covered":5,"skipped":0,"pct":100},"functions":{"total":2,"covered":2,"skipped":0,"pct":100},"statements":{"total":6,"covered":6,"skipped":0,"pct":100},"branches":{"total":11,"covered":11,"skipped":0,"pct":100}}
,"/home/hongjian/loom/.claude/worktrees/pr856/web/src/lib/parseTaskIds.ts": {"lines":{"total":110,"covered":107,"skipped":0,"pct":97.27},"functions":{"total":20,"covered":20,"skipped":0,"pct":100},"statements":{"total":139,"covered":132,"skipped":0,"pct":94.96},"branches":{"total":73,"covered":67,"skipped":0,"pct":91.78}}
,"/home/hongjian/loom/.claude/worktrees/pr856/web/src/lib/provenanceLabel.ts": {"lines":{"total":5,"covered":5,"skipped":0,"pct":100},"functions":{"total":1,"covered":1,"skipped":0,"pct":100},"statements":{"total":5,"covered":5,"skipped":0,"pct":100},"branches":{"total":8,"covered":6,"skipped":0,"pct":75}}
,"/home/hongjian/loom/.claude/worktrees/pr856/web/src/lib/providerDisplay.ts": {"lines":{"total":10,"covered":10,"skipped":0,"pct":100},"functions":{"total":2,"covered":2,"skipped":0,"pct":100},"statements":{"total":10,"covered":10,"skipped":0,"pct":100},"branches":{"total":12,"covered":12,"skipped":0,"pct":100}}
,"/home/hongjian/loom/.claude/worktrees/pr856/web/src/lib/quickstartSnippets.ts": {"lines":{"total":22,"covered":22,"skipped":0,"pct":100},"functions":{"total":12,"covered":12,"skipped":0,"pct":100},"statements":{"total":23,"covered":23,"skipped":0,"pct":100},"branches":{"total":12,"covered":11,"skipped":0,"pct":91.66}}
,"/home/hongjian/loom/.claude/worktrees/pr856/web/src/lib/redaction.ts": {"lines":{"total":17,"covered":17,"skipped":0,"pct":100},"functions":{"total":4,"covered":3,"skipped":0,"pct":75},"statements":{"total":21,"covered":19,"skipped":0,"pct":90.47},"branches":{"total":14,"covered":13,"skipped":0,"pct":92.85}}
,"/home/hongjian/loom/.claude/worktrees/pr856/web/src/lib/refreshPolicy.ts": {"lines":{"total":23,"covered":23,"skipped":0,"pct":100},"functions":{"total":1,"covered":1,"skipped":0,"pct":100},"statements":{"total":27,"covered":27,"skipped":0,"pct":100},"branches":{"total":34,"covered":34,"skipped":0,"pct":100}}
,"/home/hongjian/loom/.claude/worktrees/pr856/web/src/lib/serverOrigin.ts": {"lines":{"total":4,"covered":4,"skipped":0,"pct":100},"functions":{"total":1,"covered":1,"skipped":0,"pct":100},"statements":{"total":6,"covered":4,"skipped":0,"pct":66.66},"branches":{"total":6,"covered":4,"skipped":0,"pct":66.66}}
,"/home/hongjian/loom/.claude/worktrees/pr856/web/src/lib/statusVariant.ts": {"lines":{"total":13,"covered":11,"skipped":0,"pct":84.61},"functions":{"total":2,"covered":2,"skipped":0,"pct":100},"statements":{"total":13,"covered":11,"skipped":0,"pct":84.61},"branches":{"total":14,"covered":12,"skipped":0,"pct":85.71}}
,"/home/hongjian/loom/.claude/worktrees/pr856/web/src/lib/tokenUsage.ts": {"lines":{"total":1,"covered":1,"skipped":0,"pct":100},"functions":{"total":1,"covered":1,"skipped":0,"pct":100},"statements":{"total":1,"covered":1,"skipped":0,"pct":100},"branches":{"total":4,"covered":4,"skipped":0,"pct":100}}
,"/home/hongjian/loom/.claude/worktrees/pr856/web/src/lib/usageCost.ts": {"lines":{"total":56,"covered":46,"skipped":0,"pct":82.14},"functions":{"total":6,"covered":6,"skipped":0,"pct":100},"statements":{"total":60,"covered":49,"skipped":0,"pct":81.66},"branches":{"total":64,"covered":45,"skipped":0,"pct":70.31}}
,"/home/hongjian/loom/.claude/worktrees/pr856/web/src/pages/AdminAccess.tsx": {"lines":{"total":219,"covered":170,"skipped":0,"pct":77.62},"functions":{"total":110,"covered":75,"skipped":0,"pct":68.18},"statements":{"total":233,"covered":176,"skipped":0,"pct":75.53},"branches":{"total":257,"covered":196,"skipped":0,"pct":76.26}}
,"/home/hongjian/loom/.claude/worktrees/pr856/web/src/pages/BatchDetail.tsx": {"lines":{"total":96,"covered":83,"skipped":0,"pct":86.45},"functions":{"total":36,"covered":27,"skipped":0,"pct":75},"statements":{"total":101,"covered":86,"skipped":0,"pct":85.14},"branches":{"total":214,"covered":150,"skipped":0,"pct":70.09}}
,"/home/hongjian/loom/.claude/worktrees/pr856/web/src/pages/Benchmarks.tsx": {"lines":{"total":53,"covered":39,"skipped":0,"pct":73.58},"functions":{"total":19,"covered":14,"skipped":0,"pct":73.68},"statements":{"total":64,"covered":44,"skipped":0,"pct":68.75},"branches":{"total":76,"covered":36,"skipped":0,"pct":47.36}}
,"/home/hongjian/loom/.claude/worktrees/pr856/web/src/pages/Home.tsx": {"lines":{"total":30,"covered":28,"skipped":0,"pct":93.33},"functions":{"total":15,"covered":15,"skipped":0,"pct":100},"statements":{"total":36,"covered":32,"skipped":0,"pct":88.88},"branches":{"total":34,"covered":24,"skipped":0,"pct":70.58}}
,"/home/hongjian/loom/.claude/worktrees/pr856/web/src/pages/InviteAccept.tsx": {"lines":{"total":32,"covered":32,"skipped":0,"pct":100},"functions":{"total":10,"covered":10,"skipped":0,"pct":100},"statements":{"total":35,"covered":34,"skipped":0,"pct":97.14},"branches":{"total":41,"covered":34,"skipped":0,"pct":82.92}}
,"/home/hongjian/loom/.claude/worktrees/pr856/web/src/pages/Monitor.tsx": {"lines":{"total":162,"covered":123,"skipped":0,"pct":75.92},"functions":{"total":65,"covered":43,"skipped":0,"pct":66.15},"statements":{"total":179,"covered":129,"skipped":0,"pct":72.06},"branches":{"total":267,"covered":209,"skipped":0,"pct":78.27}}
,"/home/hongjian/loom/.claude/worktrees/pr856/web/src/pages/NewBatch.tsx": {"lines":{"total":583,"covered":490,"skipped":0,"pct":84.04},"functions":{"total":163,"covered":137,"skipped":0,"pct":84.04},"statements":{"total":685,"covered":545,"skipped":0,"pct":79.56},"branches":{"total":626,"covered":447,"skipped":0,"pct":71.4}}
,"/home/hongjian/loom/.claude/worktrees/pr856/web/src/pages/NotFound.tsx": {"lines":{"total":1,"covered":0,"skipped":0,"pct":0},"functions":{"total":1,"covered":0,"skipped":0,"pct":0},"statements":{"total":1,"covered":0,"skipped":0,"pct":0},"branches":{"total":0,"covered":0,"skipped":0,"pct":100}}
,"/home/hongjian/loom/.claude/worktrees/pr856/web/src/pages/PasswordAction.tsx": {"lines":{"total":19,"covered":15,"skipped":0,"pct":78.94},"functions":{"total":8,"covered":4,"skipped":0,"pct":50},"statements":{"total":19,"covered":15,"skipped":0,"pct":78.94},"branches":{"total":44,"covered":34,"skipped":0,"pct":77.27}}
,"/home/hongjian/loom/.claude/worktrees/pr856/web/src/pages/ProviderCreate.tsx": {"lines":{"total":19,"covered":18,"skipped":0,"pct":94.73},"functions":{"total":2,"covered":2,"skipped":0,"pct":100},"statements":{"total":19,"covered":18,"skipped":0,"pct":94.73},"branches":{"total":11,"covered":9,"skipped":0,"pct":81.81}}
,"/home/hongjian/loom/.claude/worktrees/pr856/web/src/pages/ProviderDetail.tsx": {"lines":{"total":65,"covered":41,"skipped":0,"pct":63.07},"functions":{"total":20,"covered":9,"skipped":0,"pct":45},"statements":{"total":70,"covered":43,"skipped":0,"pct":61.42},"branches":{"total":66,"covered":43,"skipped":0,"pct":65.15}}
,"/home/hongjian/loom/.claude/worktrees/pr856/web/src/pages/ProvidersList.tsx": {"lines":{"total":11,"covered":10,"skipped":0,"pct":90.9},"functions":{"total":3,"covered":3,"skipped":0,"pct":100},"statements":{"total":12,"covered":11,"skipped":0,"pct":91.66},"branches":{"total":8,"covered":6,"skipped":0,"pct":75}}
,"/home/hongjian/loom/.claude/worktrees/pr856/web/src/pages/RateCardsAdmin.tsx": {"lines":{"total":27,"covered":27,"skipped":0,"pct":100},"functions":{"total":10,"covered":10,"skipped":0,"pct":100},"statements":{"total":28,"covered":28,"skipped":0,"pct":100},"branches":{"total":45,"covered":40,"skipped":0,"pct":88.88}}
,"/home/hongjian/loom/.claude/worktrees/pr856/web/src/pages/RunLibrary.tsx": {"lines":{"total":80,"covered":56,"skipped":0,"pct":70},"functions":{"total":36,"covered":22,"skipped":0,"pct":61.11},"statements":{"total":88,"covered":60,"skipped":0,"pct":68.18},"branches":{"total":100,"covered":85,"skipped":0,"pct":85}}
,"/home/hongjian/loom/.claude/worktrees/pr856/web/src/pages/RunLibraryBatchDetail.tsx": {"lines":{"total":93,"covered":87,"skipped":0,"pct":93.54},"functions":{"total":36,"covered":35,"skipped":0,"pct":97.22},"statements":{"total":106,"covered":93,"skipped":0,"pct":87.73},"branches":{"total":158,"covered":101,"skipped":0,"pct":63.92}}
,"/home/hongjian/loom/.claude/worktrees/pr856/web/src/pages/Settings.tsx": {"lines":{"total":68,"covered":62,"skipped":0,"pct":91.17},"functions":{"total":32,"covered":28,"skipped":0,"pct":87.5},"statements":{"total":70,"covered":63,"skipped":0,"pct":90},"branches":{"total":115,"covered":90,"skipped":0,"pct":78.26}}
,"/home/hongjian/loom/.claude/worktrees/pr856/web/src/pages/TaskSetDetail.tsx": {"lines":{"total":62,"covered":36,"skipped":0,"pct":58.06},"functions":{"total":22,"covered":12,"skipped":0,"pct":54.54},"statements":{"total":67,"covered":40,"skipped":0,"pct":59.7},"branches":{"total":60,"covered":32,"skipped":0,"pct":53.33}}
,"/home/hongjian/loom/.claude/worktrees/pr856/web/src/pages/TaskSetSubmit.tsx": {"lines":{"total":26,"covered":26,"skipped":0,"pct":100},"functions":{"total":6,"covered":6,"skipped":0,"pct":100},"statements":{"total":28,"covered":28,"skipped":0,"pct":100},"branches":{"total":12,"covered":12,"skipped":0,"pct":100}}
,"/home/hongjian/loom/.claude/worktrees/pr856/web/src/pages/TaskSetsList.tsx": {"lines":{"total":20,"covered":20,"skipped":0,"pct":100},"functions":{"total":6,"covered":6,"skipped":0,"pct":100},"statements":{"total":22,"covered":22,"skipped":0,"pct":100},"branches":{"total":20,"covered":19,"skipped":0,"pct":95}}
,"/home/hongjian/loom/.claude/worktrees/pr856/web/src/pages/Tasks.tsx": {"lines":{"total":33,"covered":26,"skipped":0,"pct":78.78},"functions":{"total":17,"covered":11,"skipped":0,"pct":64.7},"statements":{"total":39,"covered":29,"skipped":0,"pct":74.35},"branches":{"total":39,"covered":26,"skipped":0,"pct":66.66}}
,"/home/hongjian/loom/.claude/worktrees/pr856/web/src/pages/TrialCompare.tsx": {"lines":{"total":27,"covered":18,"skipped":0,"pct":66.66},"functions":{"total":9,"covered":7,"skipped":0,"pct":77.77},"statements":{"total":31,"covered":19,"skipped":0,"pct":61.29},"branches":{"total":26,"covered":8,"skipped":0,"pct":30.76}}
,"/home/hongjian/loom/.claude/worktrees/pr856/web/src/pages/TrialDetail.tsx": {"lines":{"total":78,"covered":63,"skipped":0,"pct":80.76},"functions":{"total":21,"covered":18,"skipped":0,"pct":85.71},"statements":{"total":90,"covered":69,"skipped":0,"pct":76.66},"branches":{"total":119,"covered":85,"skipped":0,"pct":71.42}}
,"/home/hongjian/loom/.claude/worktrees/pr856/web/src/pages/UsageDashboard.tsx": {"lines":{"total":52,"covered":49,"skipped":0,"pct":94.23},"functions":{"total":26,"covered":23,"skipped":0,"pct":88.46},"statements":{"total":55,"covered":52,"skipped":0,"pct":94.54},"branches":{"total":42,"covered":35,"skipped":0,"pct":83.33}}
}
