TN:
SF:src/App.tsx
FN:28,App
FNF:1
FNH:1
FNDA:12,App
DA:29,12
LF:1
LH:1
BRF:0
BRH:0
end_of_record
TN:
SF:src/main.tsx
FN:30,MountedApp
FN:32,(anonymous_1)
FN:48,(anonymous_2)
FN:66,(anonymous_3)
FN:74,(anonymous_4)
FNF:5
FNH:0
FNDA:0,MountedApp
FNDA:0,(anonymous_1)
FNDA:0,(anonymous_2)
FNDA:0,(anonymous_3)
FNDA:0,(anonymous_4)
DA:17,0
DA:31,0
DA:32,0
DA:33,0
DA:34,0
DA:35,0
DA:36,0
DA:38,0
DA:39,0
DA:48,0
DA:49,0
DA:50,0
DA:51,0
DA:54,0
DA:57,0
DA:58,0
DA:59,0
DA:61,0
DA:65,0
DA:66,0
DA:67,0
DA:68,0
DA:71,0
DA:76,0
LF:24
LH:0
BRDA:34,0,0,0
BRDA:34,0,1,0
BRDA:41,1,0,0
BRDA:41,1,1,0
BRDA:43,2,0,0
BRDA:43,2,1,0
BRDA:65,3,0,0
BRDA:65,3,1,0
BRDA:77,4,0,0
BRDA:77,4,1,0
BRF:10
BRH:0
end_of_record
TN:
SF:src/vite-env.d.ts
FNF:0
FNH:0
LF:0
LH:0
BRF:0
BRH:0
end_of_record
TN:
SF:src/api/client.ts
FN:24,constructor
FN:39,(anonymous_1)
FN:40,setUnauthorizedHandler
FN:45,setCsrfToken
FN:49,apiBase
FN:53,isUnsafeMethod
FN:58,authHeaders
FN:71,throwIfApiError
FN:99,apiFetch
FN:120,apiUpload
FN:139,apiDownload
FN:391,isRecord
FN:395,isNonEmptyString
FN:399,parseAuthTeam
FN:412,parseAuthMe
FN:444,(anonymous_15)
FN:471,parseAuthSessionResponse
FN:492,loadAuthSession
FN:506,mutateAuthSession
FN:948,qs
FN:960,(anonymous_20)
FN:961,(anonymous_21)
FN:965,(anonymous_22)
FN:966,(anonymous_23)
FN:968,(anonymous_24)
FN:973,(anonymous_25)
FN:977,(anonymous_26)
FN:982,(anonymous_27)
FN:987,(anonymous_28)
FN:991,(anonymous_29)
FN:996,(anonymous_30)
FN:1001,(anonymous_31)
FN:1003,(anonymous_32)
FN:1007,(anonymous_33)
FN:1009,(anonymous_34)
FN:1011,(anonymous_35)
FN:1012,(anonymous_36)
FN:1014,(anonymous_37)
FN:1016,(anonymous_38)
FN:1018,(anonymous_39)
FN:1020,(anonymous_40)
FN:1030,(anonymous_41)
FN:1034,(anonymous_42)
FN:1036,(anonymous_43)
FN:1041,(anonymous_44)
FN:1046,(anonymous_45)
FN:1054,(anonymous_46)
FN:1059,(anonymous_47)
FN:1061,(anonymous_48)
FN:1065,(anonymous_49)
FN:1094,(anonymous_50)
FN:1103,(anonymous_51)
FN:1107,(anonymous_52)
FN:1111,(anonymous_53)
FN:1113,(anonymous_54)
FN:1118,(anonymous_55)
FN:1123,(anonymous_56)
FN:1125,(anonymous_57)
FN:1130,(anonymous_58)
FN:1134,(anonymous_59)
FN:1142,(anonymous_60)
FN:1147,(anonymous_61)
FN:1152,(anonymous_62)
FN:1157,(anonymous_63)
FN:1162,(anonymous_64)
FN:1163,(anonymous_65)
FN:1174,(anonymous_66)
FN:1179,(anonymous_67)
FN:1184,(anonymous_68)
FN:1189,(anonymous_69)
FN:1195,(anonymous_70)
FN:1199,(anonymous_71)
FN:1204,(anonymous_72)
FN:1209,(anonymous_73)
FN:1213,(anonymous_74)
FN:1218,(anonymous_75)
FN:1223,(anonymous_76)
FN:1225,(anonymous_77)
FN:1231,(anonymous_78)
FN:1237,(anonymous_79)
FN:1250,(anonymous_80)
FN:1259,(anonymous_81)
FN:1263,(anonymous_82)
FN:1269,(anonymous_83)
FN:1278,(anonymous_84)
FN:1286,(anonymous_85)
FN:1290,(anonymous_86)
FN:1292,(anonymous_87)
FN:1294,(anonymous_88)
FN:1296,(anonymous_89)
FN:1298,(anonymous_90)
FN:1300,(anonymous_91)
FN:1308,(anonymous_92)
FN:1310,(anonymous_93)
FN:1313,(anonymous_94)
FN:1319,(anonymous_95)
FN:1332,(anonymous_96)
FN:1346,(anonymous_97)
FN:1355,(anonymous_98)
FN:1363,(anonymous_99)
FN:1368,(anonymous_100)
FN:1370,(anonymous_101)
FN:1375,(anonymous_102)
FN:1387,(anonymous_103)
FN:1392,(anonymous_104)
FN:1394,(anonymous_105)
FN:1399,(anonymous_106)
FN:1406,(anonymous_107)
FN:1410,(anonymous_108)
FN:1412,(anonymous_109)
FN:1414,(anonymous_110)
FN:1416,(anonymous_111)
FN:1420,(anonymous_112)
FNF:113
FNH:95
FNDA:123,constructor
FNDA:0,(anonymous_1)
FNDA:376,setUnauthorizedHandler
FNDA:569,setCsrfToken
FNDA:823,apiBase
FNDA:641,isUnsafeMethod
FNDA:641,authHeaders
FNDA:622,throwIfApiError
FNDA:619,apiFetch
FNDA:3,apiUpload
FNDA:5,apiDownload
FNDA:334,isRecord
FNDA:945,isNonEmptyString
FNDA:176,parseAuthTeam
FNDA:79,parseAuthMe
FNDA:73,(anonymous_15)
FNDA:118,parseAuthSessionResponse
FNDA:182,loadAuthSession
FNDA:14,mutateAuthSession
FNDA:192,qs
FNDA:2,(anonymous_20)
FNDA:5,(anonymous_21)
FNDA:10,(anonymous_22)
FNDA:6,(anonymous_23)
FNDA:1,(anonymous_24)
FNDA:1,(anonymous_25)
FNDA:0,(anonymous_26)
FNDA:1,(anonymous_27)
FNDA:1,(anonymous_28)
FNDA:0,(anonymous_29)
FNDA:0,(anonymous_30)
FNDA:2,(anonymous_31)
FNDA:10,(anonymous_32)
FNDA:1,(anonymous_33)
FNDA:5,(anonymous_34)
FNDA:3,(anonymous_35)
FNDA:4,(anonymous_36)
FNDA:11,(anonymous_37)
FNDA:0,(anonymous_38)
FNDA:0,(anonymous_39)
FNDA:2,(anonymous_40)
FNDA:11,(anonymous_41)
FNDA:0,(anonymous_42)
FNDA:1,(anonymous_43)
FNDA:1,(anonymous_44)
FNDA:9,(anonymous_45)
FNDA:4,(anonymous_46)
FNDA:41,(anonymous_47)
FNDA:23,(anonymous_48)
FNDA:42,(anonymous_49)
FNDA:42,(anonymous_50)
FNDA:43,(anonymous_51)
FNDA:51,(anonymous_52)
FNDA:13,(anonymous_53)
FNDA:4,(anonymous_54)
FNDA:3,(anonymous_55)
FNDA:2,(anonymous_56)
FNDA:4,(anonymous_57)
FNDA:17,(anonymous_58)
FNDA:3,(anonymous_59)
FNDA:2,(anonymous_60)
FNDA:1,(anonymous_61)
FNDA:2,(anonymous_62)
FNDA:2,(anonymous_63)
FNDA:11,(anonymous_64)
FNDA:1,(anonymous_65)
FNDA:1,(anonymous_66)
FNDA:1,(anonymous_67)
FNDA:0,(anonymous_68)
FNDA:9,(anonymous_69)
FNDA:8,(anonymous_70)
FNDA:1,(anonymous_71)
FNDA:0,(anonymous_72)
FNDA:2,(anonymous_73)
FNDA:1,(anonymous_74)
FNDA:0,(anonymous_75)
FNDA:16,(anonymous_76)
FNDA:1,(anonymous_77)
FNDA:1,(anonymous_78)
FNDA:4,(anonymous_79)
FNDA:0,(anonymous_80)
FNDA:11,(anonymous_81)
FNDA:1,(anonymous_82)
FNDA:0,(anonymous_83)
FNDA:0,(anonymous_84)
FNDA:7,(anonymous_85)
FNDA:1,(anonymous_86)
FNDA:14,(anonymous_87)
FNDA:1,(anonymous_88)
FNDA:1,(anonymous_89)
FNDA:13,(anonymous_90)
FNDA:0,(anonymous_91)
FNDA:1,(anonymous_92)
FNDA:14,(anonymous_93)
FNDA:6,(anonymous_94)
FNDA:2,(anonymous_95)
FNDA:1,(anonymous_96)
FNDA:1,(anonymous_97)
FNDA:1,(anonymous_98)
FNDA:18,(anonymous_99)
FNDA:34,(anonymous_100)
FNDA:0,(anonymous_101)
FNDA:0,(anonymous_102)
FNDA:1,(anonymous_103)
FNDA:5,(anonymous_104)
FNDA:1,(anonymous_105)
FNDA:6,(anonymous_106)
FNDA:3,(anonymous_107)
FNDA:37,(anonymous_108)
FNDA:2,(anonymous_109)
FNDA:3,(anonymous_110)
FNDA:0,(anonymous_111)
FNDA:0,(anonymous_112)
DA:26,123
DA:33,123
DA:34,123
DA:35,123
DA:39,28
DA:41,376
DA:44,28
DA:46,569
DA:50,823
DA:54,641
DA:55,641
DA:62,641
DA:65,641
DA:66,92
DA:68,641
DA:75,622
DA:76,3
DA:77,3
DA:79,619
DA:80,11
DA:81,11
DA:82,11
DA:83,11
DA:88,11
DA:89,11
DA:90,0
DA:95,11
DA:103,619
DA:104,619
DA:109,619
DA:115,615
DA:116,602
DA:117,586
DA:124,3
DA:125,3
DA:127,3
DA:134,2
DA:135,1
DA:136,1
DA:143,5
DA:144,5
DA:149,5
DA:151,5
DA:152,5
DA:153,5
DA:154,5
DA:155,5
DA:156,5
DA:157,5
DA:158,5
DA:159,5
DA:161,5
DA:162,5
DA:392,334
DA:396,945
DA:400,176
DA:401,176
DA:406,0
DA:408,176
DA:413,79
DA:419,1
DA:421,78
DA:422,78
DA:424,78
DA:425,79
DA:439,5
DA:441,73
DA:442,73
DA:446,73
DA:451,2
DA:454,71
DA:472,118
DA:473,20
DA:475,98
DA:478,13
DA:480,85
DA:481,2
DA:484,83
DA:485,83
DA:487,12
DA:488,4
DA:494,182
DA:495,182
DA:500,74
DA:503,105
DA:511,14
DA:512,14
DA:523,1
DA:526,13
DA:951,192
DA:952,192
DA:953,569
DA:955,192
DA:956,192
DA:959,28
DA:960,2
DA:963,5
DA:965,10
DA:967,6
DA:969,1
DA:974,1
DA:978,0
DA:983,1
DA:988,1
DA:992,0
DA:997,0
DA:1002,2
DA:1004,10
DA:1008,1
DA:1010,5
DA:1011,3
DA:1013,4
DA:1015,11
DA:1017,0
DA:1019,0
DA:1026,2
DA:1031,11
DA:1035,0
DA:1037,1
DA:1042,1
DA:1047,9
DA:1055,4
DA:1060,41
DA:1062,23
DA:1066,42
DA:1095,42
DA:1104,43
DA:1108,51
DA:1112,13
DA:1114,4
DA:1119,3
DA:1124,2
DA:1126,4
DA:1131,17
DA:1138,3
DA:1143,2
DA:1148,1
DA:1153,2
DA:1158,2
DA:1162,11
DA:1170,1
DA:1175,1
DA:1180,1
DA:1185,0
DA:1192,9
DA:1196,8
DA:1200,1
DA:1205,0
DA:1210,2
DA:1214,1
DA:1219,0
DA:1224,16
DA:1226,1
DA:1232,1
DA:1242,4
DA:1251,0
DA:1260,11
DA:1264,1
DA:1270,0
DA:1279,0
DA:1287,7
DA:1291,1
DA:1293,14
DA:1295,1
DA:1297,1
DA:1299,13
DA:1304,0
DA:1309,1
DA:1312,14
DA:1314,6
DA:1328,2
DA:1342,1
DA:1351,1
DA:1359,1
DA:1364,18
DA:1369,34
DA:1371,0
DA:1379,0
DA:1380,0
DA:1381,0
DA:1382,0
DA:1384,0
DA:1385,0
DA:1388,1
DA:1393,5
DA:1395,1
DA:1405,6
DA:1407,3
DA:1411,37
DA:1413,2
DA:1415,3
DA:1417,0
DA:1421,0
LF:193
LH:169
BRDA:26,0,0,21
BRDA:26,0,1,102
BRDA:28,1,0,75
BRDA:28,1,1,27
BRDA:30,2,0,13
BRDA:30,2,1,14
BRDA:54,3,0,641
BRDA:54,3,1,549
BRDA:65,4,0,92
BRDA:65,4,1,549
BRDA:65,5,0,641
BRDA:65,5,1,92
BRDA:66,6,0,36
BRDA:66,6,1,56
BRDA:75,7,0,3
BRDA:75,7,1,619
BRDA:79,8,0,11
BRDA:79,8,1,608
BRDA:83,9,0,11
BRDA:83,9,1,0
BRDA:84,10,0,11
BRDA:84,10,1,11
BRDA:84,10,2,11
BRDA:89,11,0,11
BRDA:89,11,1,0
BRDA:101,12,0,619
BRDA:116,13,0,16
BRDA:116,13,1,586
BRDA:135,14,0,0
BRDA:135,14,1,1
BRDA:392,15,0,334
BRDA:392,15,1,333
BRDA:392,15,2,333
BRDA:396,16,0,945
BRDA:396,16,1,943
BRDA:400,17,0,0
BRDA:400,17,1,176
BRDA:401,18,0,0
BRDA:401,18,1,176
BRDA:402,19,0,176
BRDA:402,19,1,176
BRDA:402,19,2,176
BRDA:413,20,0,1
BRDA:413,20,1,78
BRDA:414,21,0,79
BRDA:414,21,1,79
BRDA:414,21,2,78
BRDA:414,21,3,78
BRDA:424,22,0,6
BRDA:424,22,1,72
BRDA:425,23,0,5
BRDA:425,23,1,74
BRDA:426,24,0,79
BRDA:426,24,1,78
BRDA:426,24,2,77
BRDA:426,24,3,77
BRDA:426,24,4,76
BRDA:426,24,5,76
BRDA:426,24,6,76
BRDA:426,24,7,70
BRDA:426,24,8,76
BRDA:426,24,9,76
BRDA:426,24,10,76
BRDA:426,24,11,75
BRDA:426,24,12,75
BRDA:426,24,13,75
BRDA:442,25,0,2
BRDA:442,25,1,71
BRDA:443,26,0,73
BRDA:443,26,1,67
BRDA:446,27,0,73
BRDA:446,27,1,65
BRDA:446,27,2,65
BRDA:472,28,0,20
BRDA:472,28,1,98
BRDA:475,29,0,13
BRDA:475,29,1,85
BRDA:480,30,0,2
BRDA:480,30,1,83
BRDA:487,31,0,8
BRDA:487,31,1,4
BRDA:953,32,0,303
BRDA:953,32,1,266
BRDA:953,33,0,569
BRDA:953,33,1,303
BRDA:956,34,0,187
BRDA:956,34,1,5
BRDA:962,35,0,5
BRDA:1012,36,0,4
BRDA:1030,37,0,11
BRDA:1046,38,0,9
BRDA:1059,39,0,41
BRDA:1190,40,0,9
BRDA:1195,41,0,8
BRDA:1199,42,0,1
BRDA:1207,43,0,0
BRDA:1207,43,1,0
BRDA:1209,44,0,2
BRDA:1221,45,0,0
BRDA:1221,45,1,0
BRDA:1256,46,0,0
BRDA:1256,46,1,0
BRDA:1259,47,0,11
BRDA:1266,48,0,1
BRDA:1266,48,1,0
BRDA:1274,49,0,0
BRDA:1274,49,1,0
BRDA:1275,50,0,0
BRDA:1275,50,1,0
BRDA:1283,51,0,0
BRDA:1283,51,1,0
BRDA:1286,52,0,7
BRDA:1290,53,0,1
BRDA:1302,54,0,0
BRDA:1311,55,0,14
BRDA:1313,56,0,6
BRDA:1316,57,0,1
BRDA:1316,57,1,5
BRDA:1356,58,0,1
BRDA:1357,59,0,1
BRDA:1377,60,0,0
BRDA:1380,61,0,0
BRDA:1380,61,1,0
BRDA:1381,62,0,0
BRDA:1381,62,1,0
BRDA:1384,63,0,0
BRDA:1384,63,1,0
BRF:127
BRH:101
end_of_record
TN:
SF:src/auth/AuthContext.tsx
FN:50,sessionAuthorityEpoch
FN:54,invalidateSessionAuthority
FN:62,coordinateSessionOperation
FN:71,(anonymous_3)
FN:72,(anonymous_4)
FN:79,loadAuthoritativeSession
FN:81,(anonymous_6)
FN:98,mutateAuthoritativeSession
FN:103,(anonymous_8)
FN:119,clearAuthoritativeSession
FN:123,(anonymous_10)
FN:132,sessionAuthorizationFingerprint
FN:141,(anonymous_12)
FN:142,(anonymous_13)
FN:148,unavailableKind
FN:158,AuthProvider
FN:178,(anonymous_16)
FN:186,(anonymous_17)
FN:188,(anonymous_18)
FN:193,(anonymous_19)
FN:212,(anonymous_20)
FN:228,(anonymous_21)
FN:233,(anonymous_22)
FN:253,(anonymous_23)
FN:262,(anonymous_24)
FN:288,(anonymous_25)
FN:290,(anonymous_26)
FN:290,(anonymous_27)
FN:293,(anonymous_28)
FN:297,(anonymous_29)
FN:303,(anonymous_30)
FN:338,(anonymous_31)
FN:339,(anonymous_32)
FN:345,(anonymous_33)
FN:346,(anonymous_34)
FN:352,(anonymous_35)
FN:353,(anonymous_36)
FN:359,(anonymous_37)
FN:360,(anonymous_38)
FN:365,(anonymous_39)
FN:371,(anonymous_40)
FN:379,(anonymous_41)
FNF:42
FNH:40
FNDA:271,sessionAuthorityEpoch
FNDA:22,invalidateSessionAuthority
FNDA:182,coordinateSessionOperation
FNDA:73,(anonymous_3)
FNDA:106,(anonymous_4)
FNDA:168,loadAuthoritativeSession
FNDA:168,(anonymous_6)
FNDA:11,mutateAuthoritativeSession
FNDA:11,(anonymous_8)
FNDA:3,clearAuthoritativeSession
FNDA:3,(anonymous_10)
FNDA:67,sessionAuthorizationFingerprint
FNDA:89,(anonymous_12)
FNDA:28,(anonymous_13)
FNDA:87,unavailableKind
FNDA:663,AuthProvider
FNDA:316,(anonymous_16)
FNDA:161,(anonymous_17)
FNDA:161,(anonymous_18)
FNDA:67,(anonymous_19)
FNDA:22,(anonymous_20)
FNDA:1,(anonymous_21)
FNDA:87,(anonymous_22)
FNDA:169,(anonymous_23)
FNDA:168,(anonymous_24)
FNDA:161,(anonymous_25)
FNDA:161,(anonymous_26)
FNDA:0,(anonymous_27)
FNDA:161,(anonymous_28)
FNDA:0,(anonymous_29)
FNDA:11,(anonymous_30)
FNDA:2,(anonymous_31)
FNDA:2,(anonymous_32)
FNDA:4,(anonymous_33)
FNDA:4,(anonymous_34)
FNDA:1,(anonymous_35)
FNDA:1,(anonymous_36)
FNDA:4,(anonymous_37)
FNDA:4,(anonymous_38)
FNDA:3,(anonymous_39)
FNDA:3,(anonymous_40)
FNDA:506,(anonymous_41)
DA:42,19
DA:47,19
DA:48,19
DA:51,271
DA:55,22
DA:59,22
DA:67,182
DA:68,182
DA:69,182
DA:72,73
DA:73,106
DA:76,182
DA:80,168
DA:81,168
DA:82,168
DA:83,168
DA:84,168
DA:87,63
DA:88,62
DA:90,63
DA:92,102
DA:93,102
DA:102,11
DA:103,11
DA:104,11
DA:105,11
DA:106,7
DA:107,7
DA:109,7
DA:113,4
DA:114,4
DA:123,3
DA:124,3
DA:125,3
DA:127,3
DA:133,67
DA:141,89
DA:143,28
DA:149,87
DA:153,87
DA:155,0
DA:159,663
DA:160,663
DA:161,663
DA:165,663
DA:168,663
DA:171,663
DA:172,663
DA:173,663
DA:174,663
DA:178,663
DA:179,316
DA:182,156
DA:183,156
DA:186,663
DA:187,161
DA:188,161
DA:189,161
DA:193,663
DA:195,67
DA:196,67
DA:201,10
DA:203,67
DA:204,67
DA:205,67
DA:206,67
DA:207,67
DA:212,663
DA:214,22
DA:215,1
DA:216,1
DA:218,22
DA:219,22
DA:220,22
DA:221,22
DA:222,22
DA:223,22
DA:228,663
DA:229,1
DA:230,1
DA:233,663
DA:235,87
DA:236,3
DA:237,3
DA:238,3
DA:240,87
DA:241,87
DA:242,87
DA:243,87
DA:244,87
DA:245,87
DA:253,663
DA:254,169
DA:255,169
DA:257,168
DA:258,168
DA:259,168
DA:260,168
DA:262,168
DA:263,168
DA:264,168
DA:265,63
DA:266,61
DA:268,102
DA:269,102
DA:273,18
DA:274,18
DA:277,84
DA:279,165
DA:280,163
DA:284,168
DA:285,168
DA:288,663
DA:289,161
DA:290,161
DA:293,663
DA:294,161
DA:297,663
DA:298,0
DA:302,663
DA:304,11
DA:305,0
DA:307,11
DA:308,11
DA:309,11
DA:310,11
DA:311,11
DA:312,7
DA:313,1
DA:315,6
DA:316,6
DA:319,5
DA:322,5
DA:323,4
DA:324,1
DA:328,3
DA:331,5
DA:337,663
DA:339,2
DA:344,663
DA:346,4
DA:351,663
DA:353,1
DA:358,663
DA:360,4
DA:365,663
DA:366,3
DA:367,3
DA:368,3
DA:369,3
DA:370,3
DA:371,3
DA:373,3
DA:374,2
DA:379,663
DA:380,506
DA:410,663
LF:157
LH:154
BRDA:51,0,0,271
BRDA:51,0,1,257
BRDA:67,1,0,182
BRDA:67,1,1,154
BRDA:87,2,0,62
BRDA:87,2,1,1
BRDA:106,3,0,7
BRDA:106,3,1,0
BRDA:135,4,0,67
BRDA:135,4,1,6
BRDA:136,5,0,67
BRDA:136,5,1,6
BRDA:143,6,0,28
BRDA:143,6,1,0
BRDA:149,7,0,87
BRDA:149,7,1,0
BRDA:150,8,0,87
BRDA:150,8,1,87
BRDA:166,9,0,663
BRDA:166,9,1,578
BRDA:179,10,0,160
BRDA:179,10,1,156
BRDA:196,11,0,10
BRDA:196,11,1,57
BRDA:197,12,0,67
BRDA:197,12,1,61
BRDA:197,12,2,7
BRDA:214,13,0,1
BRDA:214,13,1,21
BRDA:229,14,0,0
BRDA:229,14,1,1
BRDA:235,15,0,3
BRDA:235,15,1,84
BRDA:254,16,0,0
BRDA:254,16,1,169
BRDA:255,17,0,1
BRDA:255,17,1,168
BRDA:265,18,0,2
BRDA:265,18,1,61
BRDA:265,19,0,63
BRDA:265,19,1,62
BRDA:268,20,0,0
BRDA:268,20,1,102
BRDA:268,21,0,102
BRDA:268,21,1,102
BRDA:269,22,0,18
BRDA:269,22,1,84
BRDA:270,23,0,102
BRDA:270,23,1,102
BRDA:279,24,0,163
BRDA:279,24,1,2
BRDA:279,25,0,165
BRDA:279,25,1,164
BRDA:304,26,0,0
BRDA:304,26,1,11
BRDA:312,27,0,1
BRDA:312,27,1,6
BRDA:312,28,0,7
BRDA:312,28,1,6
BRDA:319,29,0,5
BRDA:319,29,1,0
BRDA:322,30,0,4
BRDA:322,30,1,1
BRDA:322,31,0,5
BRDA:322,31,1,4
BRDA:323,32,0,1
BRDA:323,32,1,3
BRDA:366,33,0,0
BRDA:366,33,1,3
BRDA:373,34,0,2
BRDA:373,34,1,1
BRDA:373,35,0,3
BRDA:373,35,1,2
BRDA:382,36,0,506
BRDA:382,36,1,439
BRDA:383,37,0,506
BRDA:383,37,1,445
BRDA:384,38,0,506
BRDA:384,38,1,67
BRDA:386,39,0,506
BRDA:386,39,1,439
BRDA:412,40,0,506
BRDA:412,40,1,156
BRF:83
BRH:74
end_of_record
TN:
SF:src/auth/authContextValue.ts
FNF:0
FNH:0
DA:36,19
LF:1
LH:1
BRF:0
BRH:0
end_of_record
TN:
SF:src/auth/useAuth.ts
FN:5,useAuth
FNF:1
FNH:1
FNDA:512,useAuth
DA:6,512
DA:7,512
DA:8,0
DA:10,512
LF:4
LH:3
BRDA:7,0,0,0
BRDA:7,0,1,512
BRF:2
BRH:1
end_of_record
TN:
SF:src/bootstrap/FrontendBootstrap.tsx
FN:33,failureKind
FN:37,FrontendBootstrap
FN:44,(anonymous_2)
FN:50,(anonymous_3)
FN:53,(anonymous_4)
FN:61,(anonymous_5)
FN:72,(anonymous_6)
FN:74,(anonymous_7)
FNF:8
FNH:8
FNDA:4,failureKind
FNDA:20,FrontendBootstrap
FNDA:8,(anonymous_2)
FNDA:3,(anonymous_3)
FNDA:5,(anonymous_4)
FNDA:8,(anonymous_5)
FNDA:1,(anonymous_6)
FNDA:2,(anonymous_7)
DA:27,1
DA:34,4
DA:40,20
DA:41,20
DA:42,20
DA:44,20
DA:45,8
DA:46,8
DA:47,8
DA:49,8
DA:51,3
DA:54,5
DA:55,4
DA:56,4
DA:57,4
DA:58,4
DA:61,8
DA:62,8
DA:66,20
DA:67,7
DA:73,1
DA:74,2
DA:81,13
DA:82,9
DA:99,4
LF:25
LH:25
BRDA:34,0,0,4
BRDA:34,0,1,0
BRDA:51,1,0,2
BRDA:51,1,1,1
BRDA:54,2,0,1
BRDA:54,2,1,4
BRDA:66,3,0,7
BRDA:66,3,1,13
BRDA:81,4,0,9
BRDA:81,4,1,4
BRF:10
BRH:9
end_of_record
TN:
SF:src/components/AgentModelPicker.tsx
FN:100,modelKey
FN:104,sourceLabel
FN:108,preflightOptionSuffix
FN:114,providerNamespace
FN:121,firstSource
FN:125,supportsModelSelection
FN:135,AgentModelPicker
FN:146,(anonymous_7)
FN:151,(anonymous_8)
FN:156,(anonymous_9)
FN:161,(anonymous_10)
FN:165,(anonymous_11)
FN:166,(anonymous_12)
FN:170,(anonymous_13)
FN:172,(anonymous_14)
FN:176,(anonymous_15)
FN:184,(anonymous_16)
FN:188,(anonymous_17)
FN:196,(anonymous_18)
FN:213,(anonymous_19)
FN:238,(anonymous_20)
FN:240,(anonymous_21)
FN:246,(anonymous_22)
FN:249,(anonymous_23)
FN:257,(anonymous_24)
FN:260,(anonymous_25)
FN:265,(anonymous_26)
FN:269,(anonymous_27)
FN:282,(anonymous_28)
FN:290,(anonymous_29)
FN:292,(anonymous_30)
FN:298,(anonymous_31)
FN:300,(anonymous_32)
FN:304,(anonymous_33)
FN:310,(anonymous_34)
FN:329,(anonymous_35)
FN:330,(anonymous_36)
FN:337,(anonymous_37)
FN:345,(anonymous_38)
FN:347,(anonymous_39)
FN:359,(anonymous_40)
FN:361,(anonymous_41)
FN:382,(anonymous_42)
FN:390,(anonymous_43)
FN:405,(anonymous_44)
FN:409,(anonymous_45)
FN:423,(anonymous_46)
FN:443,(anonymous_47)
FN:455,(anonymous_48)
FN:456,(anonymous_49)
FN:469,(anonymous_50)
FN:496,(anonymous_51)
FN:509,(anonymous_52)
FN:530,(anonymous_53)
FN:545,(anonymous_54)
FN:560,(anonymous_55)
FN:579,(anonymous_56)
FN:604,(anonymous_57)
FN:621,(anonymous_58)
FN:668,(anonymous_59)
FN:676,(anonymous_60)
FN:698,(anonymous_61)
FN:713,(anonymous_62)
FN:729,(anonymous_63)
FN:742,(anonymous_64)
FN:747,(anonymous_65)
FN:770,(anonymous_66)
FN:790,(anonymous_67)
FN:802,(anonymous_68)
FN:811,(anonymous_69)
FN:812,(anonymous_70)
FN:842,(anonymous_71)
FN:872,(anonymous_72)
FN:891,(anonymous_73)
FN:900,(anonymous_74)
FN:940,(anonymous_75)
FNF:76
FNH:65
FNDA:839,modelKey
FNDA:380,sourceLabel
FNDA:345,preflightOptionSuffix
FNDA:49,providerNamespace
FNDA:6,firstSource
FNDA:3,supportsModelSelection
FNDA:401,AgentModelPicker
FNDA:38,(anonymous_7)
FNDA:43,(anonymous_8)
FNDA:42,(anonymous_9)
FNDA:42,(anonymous_10)
FNDA:132,(anonymous_11)
FNDA:248,(anonymous_12)
FNDA:84,(anonymous_13)
FNDA:80,(anonymous_14)
FNDA:6,(anonymous_15)
FNDA:376,(anonymous_16)
FNDA:4,(anonymous_17)
FNDA:678,(anonymous_18)
FNDA:31,(anonymous_19)
FNDA:84,(anonymous_20)
FNDA:182,(anonymous_21)
FNDA:84,(anonymous_22)
FNDA:140,(anonymous_23)
FNDA:94,(anonymous_24)
FNDA:156,(anonymous_25)
FNDA:102,(anonymous_26)
FNDA:190,(anonymous_27)
FNDA:376,(anonymous_28)
FNDA:84,(anonymous_29)
FNDA:39,(anonymous_30)
FNDA:109,(anonymous_31)
FNDA:108,(anonymous_32)
FNDA:121,(anonymous_33)
FNDA:209,(anonymous_34)
FNDA:96,(anonymous_35)
FNDA:139,(anonymous_36)
FNDA:0,(anonymous_37)
FNDA:165,(anonymous_38)
FNDA:213,(anonymous_39)
FNDA:165,(anonymous_40)
FNDA:90,(anonymous_41)
FNDA:114,(anonymous_42)
FNDA:166,(anonymous_43)
FNDA:45,(anonymous_44)
FNDA:2,(anonymous_45)
FNDA:0,(anonymous_46)
FNDA:374,(anonymous_47)
FNDA:25,(anonymous_48)
FNDA:27,(anonymous_49)
FNDA:653,(anonymous_50)
FNDA:0,(anonymous_51)
FNDA:1,(anonymous_52)
FNDA:24,(anonymous_53)
FNDA:22,(anonymous_54)
FNDA:345,(anonymous_55)
FNDA:22,(anonymous_56)
FNDA:0,(anonymous_57)
FNDA:0,(anonymous_58)
FNDA:2,(anonymous_59)
FNDA:0,(anonymous_60)
FNDA:0,(anonymous_61)
FNDA:0,(anonymous_62)
FNDA:2,(anonymous_63)
FNDA:0,(anonymous_64)
FNDA:0,(anonymous_65)
FNDA:0,(anonymous_66)
FNDA:2,(anonymous_67)
FNDA:378,(anonymous_68)
FNDA:6,(anonymous_69)
FNDA:9,(anonymous_70)
FNDA:5,(anonymous_71)
FNDA:5,(anonymous_72)
FNDA:6,(anonymous_73)
FNDA:92,(anonymous_74)
FNDA:969,(anonymous_75)
DA:95,6
DA:97,6
DA:98,6
DA:101,839
DA:105,380
DA:109,345
DA:110,345
DA:111,341
DA:115,49
DA:116,49
DA:117,0
DA:118,0
DA:122,6
DA:126,3
DA:127,0
DA:128,0
DA:129,0
DA:142,401
DA:143,401
DA:144,401
DA:146,38
DA:149,401
DA:151,43
DA:154,401
DA:156,42
DA:159,401
DA:161,42
DA:165,401
DA:166,248
DA:170,401
DA:171,84
DA:172,42
DA:173,80
DA:175,42
DA:176,3
DA:177,6
DA:184,401
DA:185,376
DA:186,334
DA:187,8
DA:188,4
DA:189,4
DA:190,0
DA:191,0
DA:194,326
DA:195,304
DA:196,678
DA:197,304
DA:198,269
DA:200,35
DA:203,304
DA:210,304
DA:213,31
DA:214,22
DA:215,19
DA:217,3
DA:219,376
DA:220,3
DA:238,401
DA:240,84
DA:241,182
DA:246,401
DA:248,84
DA:249,140
DA:254,401
DA:257,401
DA:258,94
DA:259,52
DA:260,156
DA:262,401
DA:265,401
DA:268,102
DA:269,190
DA:282,401
DA:283,376
DA:284,285
DA:285,0
DA:286,0
DA:287,0
DA:290,401
DA:292,84
DA:293,39
DA:298,401
DA:300,109
DA:304,401
DA:305,121
DA:306,121
DA:307,121
DA:310,121
DA:311,209
DA:312,143
DA:314,66
DA:315,0
DA:317,66
DA:318,0
DA:320,66
DA:329,401
DA:330,96
DA:331,139
DA:333,96
DA:334,91
DA:336,5
DA:337,5
DA:340,401
DA:341,401
DA:345,401
DA:346,165
DA:347,122
DA:349,213
DA:359,401
DA:360,165
DA:361,46
DA:363,90
DA:377,401
DA:378,401
DA:382,401
DA:383,114
DA:384,24
DA:390,401
DA:391,166
DA:399,22
DA:405,401
DA:406,45
DA:409,401
DA:410,2
DA:411,2
DA:412,0
DA:413,0
DA:414,0
DA:423,401
DA:424,0
DA:425,0
DA:433,401
DA:443,401
DA:444,374
DA:456,27
DA:457,25
DA:458,25
DA:470,653
DA:496,0
DA:509,1
DA:531,24
DA:532,24
DA:533,2
DA:534,2
DA:535,2
DA:541,2
DA:543,22
DA:544,22
DA:545,22
DA:546,22
DA:561,345
DA:580,22
DA:605,0
DA:622,0
DA:668,401
DA:669,2
DA:677,0
DA:699,0
DA:714,0
DA:729,401
DA:730,2
DA:731,2
DA:743,0
DA:748,0
DA:771,0
DA:790,401
DA:791,2
DA:802,401
DA:803,378
DA:804,4
DA:805,2
DA:806,0
DA:809,401
DA:811,401
DA:812,9
DA:813,6
DA:814,0
DA:819,0
DA:821,6
DA:822,6
DA:823,6
DA:826,6
DA:839,6
DA:842,401
DA:843,5
DA:844,4
DA:849,4
DA:851,1
DA:852,1
DA:865,401
DA:872,5
DA:891,6
DA:901,92
DA:902,92
DA:903,92
DA:941,969
LF:197
LH:168
BRDA:101,0,0,839
BRDA:101,0,1,284
BRDA:105,1,0,204
BRDA:105,1,1,176
BRDA:105,2,0,88
BRDA:105,2,1,88
BRDA:109,3,0,0
BRDA:109,3,1,345
BRDA:110,4,0,4
BRDA:110,4,1,341
BRDA:115,5,0,0
BRDA:115,5,1,49
BRDA:116,6,0,49
BRDA:116,6,1,0
BRDA:117,7,0,0
BRDA:117,7,1,0
BRDA:122,8,0,6
BRDA:122,8,1,6
BRDA:126,9,0,3
BRDA:126,9,1,0
BRDA:127,10,0,0
BRDA:127,10,1,0
BRDA:128,11,0,0
BRDA:128,11,1,0
BRDA:130,12,0,0
BRDA:130,12,1,0
BRDA:139,13,0,401
BRDA:140,14,0,401
BRDA:150,15,0,37
BRDA:150,15,1,364
BRDA:151,16,0,1
BRDA:151,16,1,42
BRDA:171,17,0,42
BRDA:171,17,1,42
BRDA:173,18,0,80
BRDA:173,18,1,39
BRDA:175,19,0,39
BRDA:175,19,1,3
BRDA:176,20,0,3
BRDA:176,20,1,0
BRDA:177,21,0,6
BRDA:177,21,1,6
BRDA:185,22,0,42
BRDA:185,22,1,334
BRDA:186,23,0,8
BRDA:186,23,1,326
BRDA:186,24,0,334
BRDA:186,24,1,312
BRDA:187,25,0,4
BRDA:187,25,1,4
BRDA:189,26,0,4
BRDA:189,26,1,0
BRDA:189,27,0,4
BRDA:189,27,1,4
BRDA:194,28,0,304
BRDA:194,28,1,22
BRDA:195,29,0,0
BRDA:195,29,1,304
BRDA:197,30,0,269
BRDA:197,30,1,35
BRDA:197,31,0,304
BRDA:197,31,1,269
BRDA:200,32,0,35
BRDA:200,32,1,0
BRDA:206,33,0,35
BRDA:206,33,1,0
BRDA:208,34,0,304
BRDA:208,34,1,0
BRDA:214,35,0,19
BRDA:214,35,1,3
BRDA:214,36,0,22
BRDA:214,36,1,19
BRDA:217,37,0,3
BRDA:217,37,1,0
BRDA:219,38,0,0
BRDA:219,38,1,376
BRDA:240,39,0,84
BRDA:240,39,1,42
BRDA:248,40,0,69
BRDA:248,40,1,15
BRDA:254,41,0,401
BRDA:254,41,1,84
BRDA:258,42,0,42
BRDA:258,42,1,52
BRDA:262,43,0,349
BRDA:262,43,1,52
BRDA:264,44,0,52
BRDA:264,44,1,52
BRDA:268,45,0,52
BRDA:268,45,1,50
BRDA:283,46,0,91
BRDA:283,46,1,285
BRDA:283,47,0,376
BRDA:283,47,1,292
BRDA:284,48,0,285
BRDA:284,48,1,0
BRDA:286,49,0,0
BRDA:286,49,1,0
BRDA:292,50,0,84
BRDA:292,50,1,42
BRDA:305,51,0,121
BRDA:305,51,1,43
BRDA:307,52,0,73
BRDA:307,52,1,48
BRDA:309,53,0,48
BRDA:309,53,1,42
BRDA:311,54,0,143
BRDA:311,54,1,66
BRDA:314,55,0,0
BRDA:314,55,1,66
BRDA:314,56,0,66
BRDA:314,56,1,1
BRDA:317,57,0,0
BRDA:317,57,1,66
BRDA:317,58,0,66
BRDA:317,58,1,0
BRDA:330,59,0,96
BRDA:330,59,1,43
BRDA:333,60,0,91
BRDA:333,60,1,5
BRDA:333,61,0,96
BRDA:333,61,1,54
BRDA:340,62,0,401
BRDA:340,62,1,42
BRDA:341,63,0,317
BRDA:341,63,1,84
BRDA:346,64,0,43
BRDA:346,64,1,122
BRDA:349,65,0,213
BRDA:349,65,1,94
BRDA:360,66,0,119
BRDA:360,66,1,46
BRDA:360,67,0,165
BRDA:360,67,1,122
BRDA:360,67,2,72
BRDA:363,68,0,90
BRDA:363,68,1,68
BRDA:363,68,2,24
BRDA:365,69,0,24
BRDA:365,69,1,0
BRDA:366,70,0,24
BRDA:366,70,1,0
BRDA:383,71,0,24
BRDA:383,71,1,90
BRDA:391,72,0,22
BRDA:391,72,1,144
BRDA:392,73,0,166
BRDA:392,73,1,160
BRDA:392,73,2,158
BRDA:392,73,3,72
BRDA:392,73,4,45
BRDA:392,73,5,45
BRDA:411,74,0,0
BRDA:411,74,1,2
BRDA:411,75,0,2
BRDA:411,75,1,0
BRDA:413,76,0,0
BRDA:413,76,1,0
BRDA:413,77,0,0
BRDA:413,77,1,0
BRDA:433,78,0,36
BRDA:433,78,1,365
BRDA:435,79,0,127
BRDA:435,79,1,238
BRDA:435,80,0,365
BRDA:435,80,1,154
BRDA:453,81,0,374
BRDA:453,81,1,195
BRDA:454,82,0,374
BRDA:454,82,1,372
BRDA:477,83,0,0
BRDA:477,83,1,374
BRDA:477,84,0,374
BRDA:477,84,1,42
BRDA:527,85,0,374
BRDA:527,85,1,372
BRDA:527,85,2,329
BRDA:527,85,3,329
BRDA:532,86,0,2
BRDA:532,86,1,22
BRDA:548,87,0,22
BRDA:548,87,1,0
BRDA:549,88,0,24
BRDA:549,88,1,0
BRDA:550,89,0,24
BRDA:550,89,1,0
BRDA:552,90,0,24
BRDA:552,90,1,0
BRDA:559,91,0,179
BRDA:559,91,1,195
BRDA:564,92,0,25
BRDA:564,92,1,320
BRDA:564,93,0,345
BRDA:564,93,1,50
BRDA:570,94,0,25
BRDA:570,94,1,349
BRDA:572,95,0,25
BRDA:572,95,1,0
BRDA:582,96,0,22
BRDA:582,96,1,0
BRDA:645,97,0,1
BRDA:645,97,1,373
BRDA:645,98,0,374
BRDA:645,98,1,349
BRDA:648,99,0,1
BRDA:648,99,1,0
BRDA:653,100,0,1
BRDA:653,100,1,0
BRDA:660,101,0,1
BRDA:660,101,1,373
BRDA:660,102,0,374
BRDA:660,102,1,179
BRDA:660,102,2,1
BRDA:697,103,0,2
BRDA:697,103,1,2
BRDA:730,104,0,2
BRDA:730,104,1,0
BRDA:739,105,0,2
BRDA:739,105,1,2
BRDA:740,106,0,2
BRDA:740,106,1,2
BRDA:750,107,0,0
BRDA:750,107,1,0
BRDA:754,108,0,2
BRDA:754,108,1,0
BRDA:754,109,0,2
BRDA:754,109,1,2
BRDA:803,110,0,374
BRDA:803,110,1,4
BRDA:804,111,0,2
BRDA:804,111,1,2
BRDA:805,112,0,2
BRDA:805,112,1,0
BRDA:809,113,0,401
BRDA:809,113,1,359
BRDA:813,114,0,0
BRDA:813,114,1,6
BRDA:817,115,0,0
BRDA:817,115,1,0
BRDA:821,116,0,0
BRDA:821,116,1,6
BRDA:822,117,0,6
BRDA:822,117,1,3
BRDA:823,118,0,3
BRDA:823,118,1,3
BRDA:823,119,0,6
BRDA:823,119,1,3
BRDA:829,120,0,3
BRDA:829,120,1,3
BRDA:830,121,0,3
BRDA:830,121,1,3
BRDA:831,122,0,3
BRDA:831,122,1,3
BRDA:832,123,0,3
BRDA:832,123,1,3
BRDA:833,124,0,3
BRDA:833,124,1,3
BRDA:834,125,0,3
BRDA:834,125,1,3
BRDA:835,126,0,6
BRDA:835,126,1,1
BRDA:836,127,0,3
BRDA:836,127,1,3
BRDA:837,128,0,3
BRDA:837,128,1,3
BRDA:843,129,0,4
BRDA:843,129,1,1
BRDA:854,130,0,1
BRDA:854,130,1,0
BRDA:855,131,0,1
BRDA:855,131,1,0
BRDA:856,132,0,1
BRDA:856,132,1,0
BRDA:861,133,0,5
BRDA:861,133,1,0
BRDA:867,134,0,359
BRDA:867,134,1,42
BRDA:880,135,0,50
BRDA:880,135,1,351
BRDA:890,136,0,50
BRDA:890,136,1,48
BRDA:893,137,0,8
BRDA:893,137,1,42
BRDA:897,138,0,8
BRDA:897,138,1,34
BRDA:902,139,0,84
BRDA:902,139,1,8
BRDA:910,140,0,84
BRDA:910,140,1,8
BRDA:917,141,0,35
BRDA:917,141,1,15
BRDA:917,142,0,50
BRDA:917,142,1,35
BRDA:922,143,0,0
BRDA:922,143,1,50
BRDA:922,144,0,50
BRDA:922,144,1,35
BRDA:930,145,0,0
BRDA:930,145,1,401
BRDA:930,146,0,391
BRDA:930,146,1,10
BRDA:942,147,0,323
BRDA:942,147,1,646
BRF:303
BRH:245
end_of_record
TN:
SF:src/components/BrowserErrorBoundary.tsx
FN:44,getDerivedStateFromProps
FN:56,getDerivedStateFromError
FN:62,componentDidCatch
FN:82,(anonymous_3)
FN:83,(anonymous_4)
FN:89,render
FNF:6
FNH:6
FNDA:33,getDerivedStateFromProps
FNDA:33,getDerivedStateFromError
FNDA:14,componentDidCatch
FNDA:2,(anonymous_3)
FNDA:3,(anonymous_4)
FNDA:64,render
DA:35,33
DA:36,33
DA:38,33
DA:48,64
DA:49,2
DA:59,28
DA:63,14
DA:64,14
DA:65,14
DA:66,0
DA:67,0
DA:69,14
DA:70,14
DA:71,14
DA:78,14
DA:82,2
DA:83,3
DA:90,64
DA:91,26
DA:97,38
LF:20
LH:18
BRDA:48,0,0,62
BRDA:48,0,1,2
BRDA:65,1,0,0
BRDA:65,1,1,14
BRDA:69,2,0,14
BRDA:69,2,1,0
BRDA:90,3,0,26
BRDA:90,3,1,38
BRF:8
BRH:6
end_of_record
TN:
SF:src/components/Button.tsx
FN:38,Button
FNF:1
FNH:1
FNDA:2578,Button
DA:17,30
DA:26,30
DA:37,30
DA:42,2578
LF:4
LH:4
BRDA:39,0,0,2578
BRDA:39,1,0,2578
BRDA:39,2,0,2578
BRF:3
BRH:3
end_of_record
TN:
SF:src/components/Card.tsx
FN:19,CardRoot
FN:49,CardHeader
FN:77,CardBody
FN:87,CardFooter
FNF:4
FNH:4
FNDA:2825,CardRoot
FNDA:2163,CardHeader
FNDA:2472,CardBody
FNDA:78,CardFooter
DA:19,23
DA:23,2825
DA:56,2163
DA:57,2163
DA:84,2472
DA:94,78
DA:106,23
LF:7
LH:7
BRDA:54,0,0,2163
BRDA:68,1,0,2140
BRDA:68,1,1,23
BRDA:72,2,0,62
BRDA:72,2,1,2101
BRF:5
BRH:5
end_of_record
TN:
SF:src/components/CommandSnippet.tsx
FN:11,CommandSnippet
FN:18,(anonymous_1)
FN:21,(anonymous_2)
FN:33,(anonymous_3)
FNF:4
FNH:3
FNDA:626,CommandSnippet
FNDA:1,(anonymous_1)
FNDA:0,(anonymous_2)
FNDA:1,(anonymous_3)
DA:16,626
DA:18,626
DA:19,1
DA:20,1
DA:21,1
DA:24,626
DA:33,1
LF:7
LH:7
BRDA:13,0,0,626
BRDA:37,1,0,1
BRDA:37,1,1,625
BRDA:43,2,0,33
BRDA:43,2,1,593
BRF:5
BRH:5
end_of_record
TN:
SF:src/components/CopyableId.tsx
FN:11,CopyableId
FN:26,(anonymous_1)
FN:29,(anonymous_2)
FNF:3
FNH:0
FNDA:0,CopyableId
FNDA:0,(anonymous_1)
FNDA:0,(anonymous_2)
DA:16,0
DA:18,0
DA:22,0
DA:27,0
DA:28,0
DA:29,0
LF:6
LH:0
BRDA:13,0,0,0
BRDA:18,1,0,0
BRDA:18,1,1,0
BRDA:25,2,0,0
BRDA:25,2,1,0
BRF:5
BRH:0
end_of_record
TN:
SF:src/components/DebugEvidenceCard.tsx
FN:8,valueText
FN:15,lifecycleValue
FN:19,DebugEvidenceCard
FN:66,(anonymous_3)
FNF:4
FNH:4
FNDA:6,valueText
FNDA:6,lifecycleValue
FNDA:36,DebugEvidenceCard
FNDA:6,(anonymous_3)
DA:9,6
DA:10,6
DA:11,6
DA:12,0
DA:16,6
DA:24,36
DA:26,6
DA:27,36
DA:30,36
DA:31,36
DA:32,36
DA:34,36
DA:67,6
LF:13
LH:12
BRDA:9,0,0,0
BRDA:9,0,1,6
BRDA:9,1,0,6
BRDA:9,1,1,6
BRDA:9,1,2,6
BRDA:10,2,0,0
BRDA:10,2,1,6
BRDA:10,3,0,0
BRDA:10,3,1,0
BRDA:11,4,0,6
BRDA:11,4,1,0
BRDA:24,5,0,30
BRDA:24,5,1,6
BRDA:26,6,0,6
BRDA:26,6,1,0
BRDA:27,7,0,6
BRDA:27,7,1,0
BRDA:30,8,0,6
BRDA:30,8,1,0
BRDA:31,9,0,5
BRDA:31,9,1,1
BRDA:48,10,0,36
BRDA:48,10,1,0
BRDA:53,11,0,6
BRDA:53,11,1,0
BRDA:62,12,0,6
BRDA:62,12,1,0
BRF:27
BRH:16
end_of_record
TN:
SF:src/components/DiagnosisCard.tsx
FN:10,text
FN:17,percent
FN:22,actionKey
FN:26,DiagnosisCard
FN:78,(anonymous_4)
FN:99,(anonymous_5)
FN:123,(anonymous_6)
FNF:7
FNH:7
FNDA:6,text
FNDA:12,percent
FNDA:6,actionKey
FNDA:36,DiagnosisCard
FNDA:6,(anonymous_4)
FNDA:6,(anonymous_5)
FNDA:6,(anonymous_6)
DA:11,6
DA:12,6
DA:13,6
DA:14,0
DA:18,12
DA:19,12
DA:23,6
DA:35,36
DA:37,6
DA:38,6
DA:41,36
DA:44,36
DA:48,36
DA:79,6
DA:100,6
DA:124,6
DA:125,0
DA:138,6
LF:18
LH:16
BRDA:11,0,0,0
BRDA:11,0,1,6
BRDA:11,1,0,6
BRDA:11,1,1,6
BRDA:11,1,2,6
BRDA:12,2,0,0
BRDA:12,2,1,6
BRDA:12,3,0,0
BRDA:12,3,1,0
BRDA:13,4,0,6
BRDA:13,4,1,0
BRDA:18,5,0,0
BRDA:18,5,1,12
BRDA:18,6,0,12
BRDA:18,6,1,12
BRDA:29,7,0,36
BRDA:35,8,0,30
BRDA:35,8,1,6
BRDA:38,9,0,6
BRDA:38,9,1,0
BRDA:41,10,0,6
BRDA:41,10,1,0
BRDA:44,11,0,6
BRDA:44,11,1,0
BRDA:74,12,0,6
BRDA:74,12,1,0
BRDA:85,13,0,6
BRDA:85,13,1,0
BRDA:100,14,0,6
BRDA:100,14,1,0
BRDA:119,15,0,6
BRDA:119,15,1,0
BRDA:124,16,0,0
BRDA:124,16,1,6
BRDA:124,17,0,6
BRDA:124,17,1,1
BRDA:144,18,0,4
BRDA:144,18,1,2
BRF:38
BRH:24
end_of_record
TN:
SF:src/components/DiagnosticPanel.tsx
FN:17,DiagnosticPanel
FN:29,(anonymous_1)
FN:37,(anonymous_2)
FNF:3
FNH:3
FNDA:24,DiagnosticPanel
FNDA:1,(anonymous_1)
FNDA:3,(anonymous_2)
DA:22,24
DA:24,24
DA:26,24
DA:29,1
DA:38,3
LF:5
LH:5
BRDA:19,0,0,24
BRDA:20,1,0,24
BRDA:24,2,0,0
BRDA:24,2,1,24
BRDA:34,3,0,1
BRDA:34,3,1,23
BRF:6
BRH:5
end_of_record
TN:
SF:src/components/DocsCallout.tsx
FN:20,DocsCallout
FNF:1
FNH:1
FNDA:572,DocsCallout
DA:7,16
DA:26,572
LF:2
LH:2
BRDA:23,0,0,572
BRF:1
BRH:1
end_of_record
TN:
SF:src/components/EmptyState.tsx
FN:3,EmptyState
FNF:1
FNH:1
FNDA:98,EmptyState
DA:12,98
LF:1
LH:1
BRDA:20,0,0,2
BRDA:20,0,1,96
BRF:2
BRH:2
end_of_record
TN:
SF:src/components/ErrorState.tsx
FN:4,ErrorState
FNF:1
FNH:1
FNDA:10,ErrorState
DA:9,10
DA:10,10
DA:11,10
DA:12,5
DA:13,5
DA:14,5
DA:15,5
DA:16,5
DA:18,0
DA:20,10
LF:10
LH:9
BRDA:11,0,0,5
BRDA:11,0,1,5
BRDA:11,1,0,10
BRDA:11,1,1,10
BRDA:11,1,2,10
BRDA:15,2,0,5
BRDA:15,2,1,0
BRDA:23,3,0,10
BRDA:23,3,1,0
BRF:9
BRH:7
end_of_record
TN:
SF:src/components/EventTimeline.tsx
FN:36,summary
FN:75,eventKey
FN:94,Row
FN:124,(anonymous_3)
FN:139,EventTimeline
FN:149,(anonymous_5)
FNF:6
FNH:6
FNDA:12,summary
FNDA:9,eventKey
FNDA:12,Row
FNDA:3,(anonymous_3)
FNDA:29,EventTimeline
FNDA:9,(anonymous_5)
DA:23,5
DA:34,5
DA:37,12
DA:39,1
DA:41,1
DA:42,1
DA:45,0
DA:47,0
DA:48,0
DA:53,6
DA:54,6
DA:55,6
DA:56,6
DA:57,6
DA:58,6
DA:63,0
DA:65,0
DA:69,4
DA:71,0
DA:77,9
DA:82,9
DA:91,9
DA:95,12
DA:96,12
DA:97,12
DA:124,3
DA:144,29
DA:145,23
DA:147,6
DA:150,9
LF:30
LH:24
BRDA:37,0,0,1
BRDA:37,0,1,1
BRDA:37,0,2,0
BRDA:37,0,3,0
BRDA:37,0,4,6
BRDA:37,0,5,0
BRDA:37,0,6,0
BRDA:37,0,7,4
BRDA:37,0,8,0
BRDA:41,1,0,1
BRDA:41,1,1,1
BRDA:45,2,0,0
BRDA:45,2,1,0
BRDA:47,3,0,0
BRDA:47,3,1,0
BRDA:48,4,0,0
BRDA:48,4,1,0
BRDA:49,5,0,0
BRDA:49,5,1,0
BRDA:54,6,0,0
BRDA:54,6,1,6
BRDA:55,7,0,6
BRDA:55,7,1,0
BRDA:56,8,0,6
BRDA:56,8,1,0
BRDA:57,9,0,6
BRDA:57,9,1,5
BRDA:59,10,0,1
BRDA:59,10,1,5
BRDA:63,11,0,0
BRDA:63,11,1,0
BRDA:66,12,0,0
BRDA:66,12,1,0
BRDA:69,13,0,4
BRDA:69,13,1,0
BRDA:77,14,0,0
BRDA:77,14,1,9
BRDA:79,15,0,0
BRDA:79,15,1,9
BRDA:83,16,0,0
BRDA:83,16,1,9
BRDA:84,17,0,0
BRDA:84,17,1,9
BRDA:85,18,0,9
BRDA:85,18,1,0
BRDA:87,19,0,7
BRDA:87,19,1,2
BRDA:88,20,0,9
BRDA:88,20,1,0
BRDA:96,21,0,12
BRDA:96,21,1,0
BRDA:112,22,0,10
BRDA:112,22,1,2
BRDA:119,23,0,12
BRDA:119,23,1,0
BRDA:129,24,0,3
BRDA:129,24,1,9
BRDA:144,25,0,23
BRDA:144,25,1,6
BRF:59
BRH:30
end_of_record
TN:
SF:src/components/InfoHint.tsx
FN:10,InfoHint
FNF:1
FNH:0
FNDA:0,InfoHint
DA:11,0
LF:1
LH:0
BRF:0
BRH:0
end_of_record
TN:
SF:src/components/Input.tsx
FN:15,Input
FN:22,Textarea
FNF:2
FNH:2
FNDA:7445,Input
FNDA:127,Textarea
DA:10,20
DA:12,20
DA:16,7445
DA:19,20
DA:23,127
LF:5
LH:5
BRF:0
BRH:0
end_of_record
TN:
SF:src/components/JsonViewer.tsx
FN:22,JsonViewer
FN:37,(anonymous_1)
FNF:2
FNH:2
FNDA:6,JsonViewer
FNDA:9,(anonymous_1)
DA:27,6
DA:37,9
LF:2
LH:2
BRDA:24,0,0,6
BRDA:37,1,0,6
BRDA:37,1,1,3
BRF:3
BRH:3
end_of_record
TN:
SF:src/components/Layout.tsx
FN:23,Layout
FN:69,(anonymous_1)
FNF:2
FNH:2
FNDA:38,Layout
FNDA:1,(anonymous_1)
DA:17,2
DA:30,38
DA:32,38
DA:33,38
DA:34,38
DA:36,38
DA:38,38
DA:40,38
DA:41,25
DA:60,13
DA:61,4
DA:62,0
DA:64,4
DA:70,1
DA:77,9
DA:78,0
DA:81,9
DA:82,6
DA:98,3
LF:19
LH:17
BRDA:36,0,0,38
BRDA:36,0,1,35
BRDA:38,1,0,38
BRDA:38,1,1,15
BRDA:38,1,2,12
BRDA:40,2,0,25
BRDA:40,2,1,13
BRDA:60,3,0,4
BRDA:60,3,1,9
BRDA:61,4,0,0
BRDA:61,4,1,4
BRDA:77,5,0,0
BRDA:77,5,1,9
BRDA:77,6,0,9
BRDA:77,6,1,6
BRDA:81,7,0,6
BRDA:81,7,1,3
BRDA:89,8,0,3
BRDA:89,8,1,3
BRDA:102,9,0,3
BRDA:102,9,1,0
BRDA:103,10,0,38
BRDA:103,10,1,0
BRDA:104,11,0,38
BRDA:104,11,1,0
BRF:25
BRH:20
end_of_record
TN:
SF:src/components/LoadingState.tsx
FN:1,LoadingState
FNF:1
FNH:1
FNDA:180,LoadingState
DA:6,180
LF:1
LH:1
BRDA:2,0,0,180
BRF:1
BRH:1
end_of_record
TN:
SF:src/components/Modal.tsx
FN:65,ensureModalLayer
FN:73,hideNewBackgroundElements
FN:76,(anonymous_2)
FN:87,acquireModalEnvironment
FN:100,(anonymous_4)
FN:109,(anonymous_5)
FN:132,focusableElements
FN:133,(anonymous_7)
FN:141,initialFocusTarget
FN:150,isTopDialog
FN:154,syncDialogStackAccessibility
FN:175,Modal
FN:181,(anonymous_12)
FN:199,ModalContent
FN:217,(anonymous_14)
FN:228,(anonymous_15)
FN:232,(anonymous_16)
FN:263,(anonymous_17)
FN:278,(anonymous_18)
FNF:19
FNH:19
FNDA:40,ensureModalLayer
FNDA:43,hideNewBackgroundElements
FNDA:6,(anonymous_2)
FNDA:42,acquireModalEnvironment
FNDA:1,(anonymous_4)
FNDA:42,(anonymous_5)
FNDA:48,focusableElements
FNDA:137,(anonymous_7)
FNDA:46,initialFocusTarget
FNDA:204,isTopDialog
FNDA:84,syncDialogStackAccessibility
FNDA:213,Modal
FNDA:62,(anonymous_12)
FNDA:142,ModalContent
FNDA:42,(anonymous_14)
FNDA:3,(anonymous_15)
FNDA:81,(anonymous_16)
FNDA:78,(anonymous_17)
FNDA:42,(anonymous_18)
DA:34,12
DA:40,12
DA:57,12
DA:58,12
DA:59,12
DA:60,12
DA:61,12
DA:62,12
DA:63,12
DA:66,40
DA:67,7
DA:68,7
DA:69,7
DA:70,7
DA:74,43
DA:75,87
DA:76,44
DA:77,39
DA:82,39
DA:83,39
DA:88,42
DA:89,42
DA:90,38
DA:94,38
DA:95,38
DA:97,42
DA:98,42
DA:99,42
DA:100,38
DA:101,1
DA:102,1
DA:105,38
DA:107,42
DA:109,42
DA:110,42
DA:111,42
DA:112,42
DA:113,42
DA:115,38
DA:116,42
DA:117,42
DA:118,42
DA:119,39
DA:120,1
DA:121,39
DA:122,2
DA:124,38
DA:125,38
DA:126,38
DA:127,38
DA:128,38
DA:133,48
DA:135,137
DA:142,46
DA:143,46
DA:151,204
DA:155,84
DA:156,84
DA:157,50
DA:158,50
DA:159,50
DA:160,46
DA:161,46
DA:163,4
DA:164,4
DA:176,213
DA:177,213
DA:178,213
DA:179,213
DA:181,213
DA:182,62
DA:183,40
DA:186,213
DA:188,142
DA:211,142
DA:212,142
DA:213,142
DA:214,142
DA:215,142
DA:217,142
DA:218,42
DA:219,42
DA:221,42
DA:224,42
DA:225,42
DA:226,42
DA:228,42
DA:229,3
DA:232,42
DA:233,81
DA:234,79
DA:235,4
DA:236,4
DA:237,4
DA:238,4
DA:240,75
DA:242,2
DA:243,2
DA:244,0
DA:245,0
DA:246,0
DA:248,2
DA:249,2
DA:250,2
DA:251,2
DA:252,0
DA:253,0
DA:254,2
DA:255,1
DA:256,1
DA:257,1
DA:258,1
DA:259,1
DA:263,42
DA:264,78
DA:269,3
DA:270,3
DA:274,42
DA:275,42
DA:276,42
DA:278,42
DA:279,42
DA:280,42
DA:281,42
DA:282,42
DA:283,42
DA:284,42
DA:285,42
DA:286,42
DA:287,42
DA:288,4
DA:293,3
DA:294,3
DA:295,1
DA:297,1
DA:298,0
DA:304,142
LF:137
LH:131
BRDA:66,0,0,33
BRDA:66,0,1,7
BRDA:75,1,0,43
BRDA:75,1,1,44
BRDA:75,2,0,87
BRDA:75,2,1,87
BRDA:76,3,0,5
BRDA:76,3,1,39
BRDA:89,4,0,38
BRDA:89,4,1,4
BRDA:91,5,0,38
BRDA:91,5,1,0
BRDA:99,6,0,38
BRDA:99,6,1,4
BRDA:101,7,0,1
BRDA:101,7,1,0
BRDA:101,8,0,1
BRDA:101,8,1,1
BRDA:110,9,0,0
BRDA:110,9,1,42
BRDA:113,10,0,4
BRDA:113,10,1,38
BRDA:119,11,0,38
BRDA:119,11,1,1
BRDA:121,12,0,37
BRDA:121,12,1,2
BRDA:127,13,0,38
BRDA:127,13,1,0
BRDA:135,14,0,137
BRDA:135,14,1,137
BRDA:135,14,2,125
BRDA:144,15,0,46
BRDA:144,15,1,11
BRDA:144,15,2,1
BRDA:158,16,0,0
BRDA:158,16,1,50
BRDA:159,17,0,46
BRDA:159,17,1,4
BRDA:182,18,0,22
BRDA:182,18,1,40
BRDA:182,19,0,62
BRDA:182,19,1,40
BRDA:186,20,0,71
BRDA:186,20,1,142
BRDA:186,21,0,213
BRDA:186,21,1,184
BRDA:205,22,0,142
BRDA:206,23,0,142
BRDA:219,24,0,0
BRDA:219,24,1,42
BRDA:221,25,0,42
BRDA:221,25,1,0
BRDA:229,26,0,3
BRDA:229,26,1,0
BRDA:233,27,0,2
BRDA:233,27,1,79
BRDA:234,28,0,4
BRDA:234,28,1,75
BRDA:237,29,0,3
BRDA:237,29,1,1
BRDA:240,30,0,73
BRDA:240,30,1,2
BRDA:243,31,0,0
BRDA:243,31,1,2
BRDA:251,32,0,0
BRDA:251,32,1,2
BRDA:251,33,0,2
BRDA:251,33,1,2
BRDA:253,34,0,0
BRDA:253,34,1,0
BRDA:254,35,0,1
BRDA:254,35,1,1
BRDA:254,36,0,2
BRDA:254,36,1,1
BRDA:257,37,0,1
BRDA:257,37,1,0
BRDA:257,38,0,1
BRDA:257,38,1,1
BRDA:264,39,0,3
BRDA:264,39,1,75
BRDA:265,40,0,78
BRDA:265,40,1,74
BRDA:265,40,2,74
BRDA:283,41,0,42
BRDA:283,41,1,0
BRDA:287,42,0,4
BRDA:287,42,1,38
BRDA:287,43,0,42
BRDA:287,43,1,4
BRDA:288,44,0,3
BRDA:288,44,1,1
BRDA:289,45,0,4
BRDA:289,45,1,3
BRDA:289,45,2,3
BRDA:294,46,0,1
BRDA:294,46,1,2
BRDA:297,47,0,0
BRDA:297,47,1,1
BRDA:309,48,0,140
BRDA:309,48,1,2
BRDA:326,49,0,110
BRDA:326,49,1,32
BRDA:338,50,0,110
BRDA:338,50,1,32
BRDA:344,51,0,140
BRDA:344,51,1,2
BRDA:371,52,0,107
BRDA:371,52,1,35
BRF:108
BRH:93
end_of_record
TN:
SF:src/components/NavBar.tsx
FN:36,formatRole
FN:47,NavBar
FN:84,(anonymous_2)
FN:88,(anonymous_3)
FN:102,(anonymous_4)
FN:108,(anonymous_5)
FN:112,(anonymous_6)
FN:144,(anonymous_7)
FNF:8
FNH:8
FNDA:11,formatRole
FNDA:11,NavBar
FNDA:66,(anonymous_2)
FNDA:66,(anonymous_3)
FNDA:6,(anonymous_4)
FNDA:1,(anonymous_5)
FNDA:1,(anonymous_6)
FNDA:11,(anonymous_7)
DA:16,3
DA:25,3
DA:27,3
DA:32,3
DA:33,3
DA:34,3
DA:37,11
DA:53,11
DA:54,11
DA:55,11
DA:56,11
DA:60,11
DA:85,66
DA:88,66
DA:102,6
DA:109,1
DA:112,1
DA:144,11
LF:18
LH:18
BRDA:37,0,0,8
BRDA:37,0,1,3
BRDA:49,1,0,11
BRDA:50,2,0,11
BRDA:51,3,0,11
BRDA:53,4,0,11
BRDA:53,4,1,10
BRDA:57,5,0,11
BRDA:57,5,1,5
BRDA:58,6,0,11
BRDA:58,6,1,5
BRDA:89,7,0,10
BRDA:89,7,1,56
BRDA:95,8,0,6
BRDA:95,8,1,5
BRDA:98,9,0,1
BRDA:98,9,1,5
BRDA:103,10,0,0
BRDA:103,10,1,6
BRDA:108,11,0,1
BRDA:108,11,1,5
BRDA:113,12,0,0
BRDA:113,12,1,1
BRDA:123,13,0,8
BRDA:123,13,1,3
BRDA:123,14,0,11
BRDA:123,14,1,5
BRDA:132,15,0,8
BRDA:132,15,1,2
BRDA:134,16,0,8
BRDA:134,16,1,0
BRDA:148,17,0,1
BRDA:148,17,1,10
BRF:33
BRH:30
end_of_record
TN:
SF:src/components/Pagination.tsx
FN:20,Pagination
FN:36,(anonymous_1)
FN:40,(anonymous_2)
FN:41,(anonymous_3)
FNF:4
FNH:4
FNDA:73,Pagination
FNDA:59,(anonymous_1)
FNDA:149,(anonymous_2)
FNDA:13,(anonymous_3)
DA:30,73
DA:31,73
DA:32,73
DA:33,73
DA:34,73
DA:36,73
DA:37,59
DA:40,73
DA:41,149
DA:43,13
DA:44,4
DA:45,4
DA:47,9
DA:48,9
DA:51,73
DA:59,73
LF:16
LH:16
BRDA:23,0,0,73
BRDA:24,1,0,73
BRDA:28,2,0,73
BRDA:32,3,0,73
BRDA:32,3,1,43
BRDA:34,4,0,73
BRDA:34,4,1,43
BRDA:34,4,2,40
BRDA:43,5,0,4
BRDA:43,5,1,9
BRDA:43,6,0,13
BRDA:43,6,1,10
BRDA:51,7,0,30
BRDA:51,7,1,43
BRDA:53,8,0,3
BRDA:53,8,1,40
BRDA:55,9,0,9
BRDA:55,9,1,31
BRDA:74,10,0,73
BRDA:74,10,1,67
BRDA:78,11,0,3
BRDA:78,11,1,70
BRDA:78,12,0,73
BRDA:78,12,1,3
BRDA:84,13,0,3
BRDA:84,13,1,0
BRDA:95,14,0,73
BRDA:95,14,1,64
BRF:28
BRH:27
end_of_record
TN:
SF:src/components/RecoveryPanel.tsx
FN:15,RecoveryPanel
FN:27,(anonymous_1)
FN:52,(anonymous_2)
FNF:3
FNH:2
FNDA:27,RecoveryPanel
FNDA:18,(anonymous_1)
FNDA:0,(anonymous_2)
DA:24,27
DA:25,27
DA:27,27
DA:28,18
DA:32,27
DA:52,0
DA:67,27
DA:68,5
DA:81,22
LF:9
LH:8
BRDA:22,0,0,27
BRDA:41,1,0,25
BRDA:41,1,1,2
BRDA:52,2,0,27
BRDA:52,2,1,0
BRDA:67,3,0,5
BRDA:67,3,1,22
BRF:7
BRH:6
end_of_record
TN:
SF:src/components/RootErrorBoundary.tsx
FN:29,getDerivedStateFromError
FN:33,componentDidCatch
FN:45,(anonymous_2)
FN:53,(anonymous_3)
FN:58,render
FNF:5
FNH:5
FNDA:8,getDerivedStateFromError
FNDA:6,componentDidCatch
FNDA:1,(anonymous_2)
FNDA:2,(anonymous_3)
FNDA:21,render
DA:25,8
DA:27,8
DA:30,12
DA:34,6
DA:35,6
DA:36,6
DA:37,6
DA:38,6
DA:41,6
DA:45,1
DA:46,1
DA:47,1
DA:48,1
DA:50,0
DA:53,2
DA:54,2
DA:55,2
DA:59,21
DA:61,10
LF:19
LH:18
BRDA:36,0,0,6
BRDA:36,0,1,0
BRDA:46,1,0,1
BRDA:46,1,1,0
BRDA:59,2,0,11
BRDA:59,2,1,10
BRF:6
BRH:4
end_of_record
TN:
SF:src/components/RouteRecoveryBoundary.tsx
FN:15,RouteLoadingStatus
FN:24,RouteRecoveryBoundary
FN:35,(anonymous_2)
FNF:3
FNH:3
FNDA:2,RouteLoadingStatus
FNDA:15,RouteRecoveryBoundary
FNDA:4,(anonymous_2)
DA:16,2
DA:29,15
DA:31,15
DA:36,4
LF:4
LH:4
BRDA:27,0,0,15
BRDA:40,1,0,2
BRDA:40,1,1,2
BRDA:45,2,0,2
BRDA:45,2,1,2
BRDA:52,3,0,15
BRDA:52,3,1,9
BRF:7
BRH:7
end_of_record
TN:
SF:src/components/SkipLink.tsx
FN:5,SkipLink
FNF:1
FNH:1
FNDA:56,SkipLink
DA:6,56
LF:1
LH:1
BRDA:5,0,0,56
BRF:1
BRH:1
end_of_record
TN:
SF:src/components/StatCard.tsx
FN:16,StatCard
FNF:1
FNH:1
FNDA:365,StatCard
DA:23,365
LF:1
LH:1
BRDA:35,0,0,0
BRDA:35,0,1,365
BRDA:37,1,0,10
BRDA:37,1,1,355
BRF:4
BRH:3
end_of_record
TN:
SF:src/components/StatusPill.tsx
FN:45,StatusPill
FNF:1
FNH:1
FNDA:169,StatusPill
DA:29,14
DA:44,14
DA:46,169
LF:3
LH:3
BRDA:49,0,0,169
BRDA:49,0,1,152
BRF:2
BRH:2
end_of_record
TN:
SF:src/components/SubmitTrialModal.tsx
FN:44,SubmitTrialModal
FN:56,(anonymous_1)
FN:60,(anonymous_2)
FN:62,(anonymous_3)
FN:110,(anonymous_4)
FN:118,(anonymous_5)
FN:129,(anonymous_6)
FNF:7
FNH:4
FNDA:21,SubmitTrialModal
FNDA:4,(anonymous_1)
FNDA:3,(anonymous_2)
FNDA:5,(anonymous_3)
FNDA:0,(anonymous_4)
FNDA:0,(anonymous_5)
FNDA:0,(anonymous_6)
DA:36,4
DA:49,21
DA:50,21
DA:51,21
DA:52,21
DA:54,21
DA:56,4
DA:60,21
DA:61,3
DA:62,5
DA:63,3
DA:64,0
DA:65,0
DA:67,3
DA:68,0
DA:69,0
DA:71,3
DA:72,3
DA:73,1
DA:78,1
DA:80,2
DA:83,2
DA:84,2
DA:85,2
DA:86,0
DA:91,2
DA:101,2
DA:102,2
DA:104,0
DA:106,2
DA:110,21
DA:111,0
DA:112,0
DA:115,21
DA:119,0
DA:120,0
DA:130,0
DA:131,0
LF:38
LH:26
BRDA:63,0,0,0
BRDA:63,0,1,3
BRDA:67,1,0,0
BRDA:67,1,1,3
BRDA:72,2,0,1
BRDA:72,2,1,2
BRDA:72,3,0,3
BRDA:72,3,1,2
BRDA:85,4,0,0
BRDA:85,4,1,2
BRDA:94,5,0,1
BRDA:94,5,1,1
BRDA:140,6,0,21
BRDA:140,6,1,19
BRDA:142,7,0,2
BRDA:142,7,1,19
BRDA:148,8,0,1
BRDA:148,8,1,20
BRF:18
BRH:15
end_of_record
TN:
SF:src/components/Tabs.tsx
FN:45,uniqueItems
FN:49,(anonymous_1)
FN:63,Tabs
FN:78,(anonymous_3)
FN:79,(anonymous_4)
FN:83,(anonymous_5)
FN:93,(anonymous_6)
FN:96,(anonymous_7)
FN:105,(anonymous_8)
FN:106,(anonymous_9)
FN:125,(anonymous_10)
FN:133,(anonymous_11)
FN:135,(anonymous_12)
FN:173,(anonymous_13)
FN:181,(anonymous_14)
FN:194,(anonymous_15)
FN:202,(anonymous_16)
FN:207,(anonymous_17)
FN:253,(anonymous_18)
FN:255,(anonymous_19)
FN:264,(anonymous_20)
FN:286,(anonymous_21)
FN:299,(anonymous_22)
FN:317,(anonymous_23)
FN:321,(anonymous_24)
FN:330,(anonymous_25)
FNF:26
FNH:26
FNDA:149,uniqueItems
FNDA:346,(anonymous_1)
FNDA:601,Tabs
FNDA:149,(anonymous_3)
FNDA:2029,(anonymous_4)
FNDA:3,(anonymous_5)
FNDA:863,(anonymous_6)
FNDA:896,(anonymous_7)
FNDA:83,(anonymous_8)
FNDA:227,(anonymous_9)
FNDA:83,(anonymous_10)
FNDA:561,(anonymous_11)
FNDA:1881,(anonymous_12)
FNDA:440,(anonymous_13)
FNDA:125,(anonymous_14)
FNDA:11,(anonymous_15)
FNDA:13,(anonymous_16)
FNDA:21,(anonymous_17)
FNDA:38,(anonymous_18)
FNDA:77,(anonymous_19)
FNDA:22,(anonymous_20)
FNDA:1973,(anonymous_21)
FNDA:3662,(anonymous_22)
FNDA:9,(anonymous_23)
FNDA:13,(anonymous_24)
FNDA:2029,(anonymous_25)
DA:43,10
DA:48,149
DA:49,149
DA:50,346
DA:51,345
DA:52,345
DA:76,601
DA:77,601
DA:78,601
DA:79,2029
DA:81,601
DA:83,3
DA:84,601
DA:85,601
DA:86,601
DA:87,601
DA:88,601
DA:89,601
DA:90,601
DA:91,601
DA:93,863
DA:96,601
DA:97,896
DA:99,601
DA:105,601
DA:106,83
DA:107,227
DA:108,227
DA:109,227
DA:113,34
DA:118,193
DA:119,12
DA:121,181
DA:122,181
DA:124,83
DA:125,83
DA:126,83
DA:133,601
DA:134,561
DA:135,1881
DA:137,561
DA:138,561
DA:140,561
DA:144,561
DA:145,4
DA:147,4
DA:150,4
DA:155,4
DA:156,4
DA:157,0
DA:158,0
DA:159,0
DA:163,561
DA:164,0
DA:165,0
DA:167,561
DA:173,601
DA:174,440
DA:175,8
DA:181,601
DA:182,125
DA:183,21
DA:184,21
DA:185,21
DA:187,104
DA:188,11
DA:192,601
DA:194,600
DA:195,11
DA:196,11
DA:197,11
DA:198,9
DA:202,600
DA:206,13
DA:207,13
DA:208,21
DA:210,13
DA:213,13
DA:215,5
DA:216,5
DA:218,1
DA:222,1
DA:224,2
DA:225,2
DA:227,3
DA:228,3
DA:231,2
DA:232,2
DA:233,2
DA:235,2
DA:237,0
DA:240,11
DA:241,11
DA:244,600
DA:254,38
DA:255,38
DA:256,77
DA:258,38
DA:259,38
DA:260,38
DA:261,38
DA:262,38
DA:265,22
DA:266,22
DA:270,12
DA:272,10
DA:273,10
DA:280,0
DA:282,10
DA:283,10
DA:287,1973
DA:288,1973
DA:289,1973
DA:290,1973
DA:292,1973
DA:296,1973
DA:300,3662
DA:301,1831
DA:318,9
DA:319,9
DA:321,13
DA:331,2029
DA:332,2029
DA:333,2029
DA:334,2029
LF:125
LH:118
BRDA:50,0,0,1
BRDA:50,0,1,345
BRDA:69,1,0,601
BRDA:70,2,0,601
BRDA:81,3,0,601
BRDA:81,3,1,39
BRDA:81,3,2,4
BRDA:93,4,0,601
BRDA:93,4,1,4
BRDA:99,5,0,582
BRDA:99,5,1,19
BRDA:109,6,0,34
BRDA:109,6,1,193
BRDA:110,7,0,227
BRDA:110,7,1,227
BRDA:118,8,0,12
BRDA:118,8,1,181
BRDA:140,9,0,561
BRDA:140,9,1,42
BRDA:140,9,2,42
BRDA:144,10,0,4
BRDA:144,10,1,557
BRDA:147,11,0,0
BRDA:147,11,1,4
BRDA:150,12,0,4
BRDA:150,12,1,0
BRDA:151,13,0,4
BRDA:151,13,1,4
BRDA:151,13,2,4
BRDA:157,14,0,0
BRDA:157,14,1,0
BRDA:163,15,0,0
BRDA:163,15,1,561
BRDA:163,16,0,561
BRDA:163,16,1,56
BRDA:174,17,0,8
BRDA:174,17,1,432
BRDA:174,18,0,440
BRDA:174,18,1,439
BRDA:182,19,0,21
BRDA:182,19,1,104
BRDA:184,20,0,21
BRDA:184,20,1,0
BRDA:187,21,0,11
BRDA:187,21,1,93
BRDA:187,22,0,104
BRDA:187,22,1,12
BRDA:192,23,0,1
BRDA:192,23,1,600
BRDA:197,24,0,9
BRDA:197,24,1,2
BRDA:197,25,0,11
BRDA:197,25,1,9
BRDA:206,26,0,0
BRDA:206,26,1,13
BRDA:210,27,0,0
BRDA:210,27,1,13
BRDA:213,28,0,5
BRDA:213,28,1,1
BRDA:213,28,2,2
BRDA:213,28,3,3
BRDA:213,28,4,1
BRDA:213,28,5,2
BRDA:213,28,6,0
BRDA:231,29,0,2
BRDA:231,29,1,0
BRDA:233,30,0,2
BRDA:233,30,1,0
BRDA:246,31,0,56
BRDA:246,31,1,544
BRDA:258,32,0,0
BRDA:258,32,1,38
BRDA:266,33,0,12
BRDA:266,33,1,10
BRDA:267,34,0,22
BRDA:267,34,1,22
BRDA:273,35,0,0
BRDA:273,35,1,10
BRDA:274,36,0,10
BRDA:274,36,1,10
BRDA:274,36,2,10
BRDA:292,37,0,1767
BRDA:292,37,1,206
BRDA:300,38,0,1831
BRDA:300,38,1,1831
BRDA:308,39,0,1973
BRDA:308,39,1,1939
BRDA:309,40,0,34
BRDA:309,40,1,1939
BRDA:309,41,0,542
BRDA:309,41,1,1397
BRDA:319,42,0,9
BRDA:319,42,1,0
BRDA:337,43,0,56
BRDA:337,43,1,1973
BRDA:338,44,0,56
BRDA:338,44,1,1973
BRDA:339,45,0,56
BRDA:339,45,1,1973
BRDA:341,46,0,56
BRDA:341,46,1,1973
BRDA:341,47,0,544
BRDA:341,47,1,1429
BRDA:344,48,0,600
BRDA:344,48,1,1429
BRF:105
BRH:91
end_of_record
TN:
SF:src/components/agentModelSelection.ts
FN:18,buildAgentModel
FN:54,buildProviderOverride
FNF:2
FNH:2
FNDA:24,buildAgentModel
FNDA:44,buildProviderOverride
DA:28,24
DA:29,22
DA:30,22
DA:31,21
DA:32,21
DA:33,21
DA:34,21
DA:36,0
DA:37,0
DA:44,0
DA:45,24
DA:46,0
DA:58,44
DA:59,41
DA:60,44
DA:61,44
DA:62,41
LF:17
LH:13
BRDA:28,0,0,2
BRDA:28,0,1,22
BRDA:30,1,0,1
BRDA:30,1,1,21
BRDA:31,2,0,21
BRDA:31,2,1,0
BRDA:33,3,0,0
BRDA:33,3,1,21
BRDA:36,4,0,0
BRDA:36,4,1,0
BRDA:41,5,0,0
BRDA:41,5,1,0
BRDA:45,6,0,0
BRDA:45,6,1,24
BRDA:47,7,0,0
BRDA:47,7,1,0
BRDA:58,8,0,3
BRDA:58,8,1,41
BRDA:58,9,0,44
BRDA:58,9,1,41
BRDA:61,10,0,0
BRDA:61,10,1,44
BRDA:61,11,0,44
BRDA:61,11,1,41
BRF:24
BRH:14
end_of_record
TN:
SF:src/components/paginationState.ts
FN:8,nextPage
FN:12,prevPage
FNF:2
FNH:2
FNDA:10,nextPage
FNDA:8,prevPage
DA:6,10
DA:9,10
DA:13,8
DA:14,6
DA:15,6
DA:16,8
LF:6
LH:6
BRDA:13,0,0,2
BRDA:13,0,1,6
BRDA:15,1,0,6
BRDA:15,1,1,3
BRF:4
BRH:4
end_of_record
TN:
SF:src/components/admin/AdminAuditLog.tsx
FN:12,AuditRows
FN:27,(anonymous_1)
FN:52,AdminAuditLog
FN:56,(anonymous_3)
FN:79,(anonymous_4)
FN:84,(anonymous_5)
FNF:6
FNH:6
FNDA:7,AuditRows
FNDA:6,(anonymous_1)
FNDA:17,AdminAuditLog
FNDA:7,(anonymous_3)
FNDA:1,(anonymous_4)
FNDA:1,(anonymous_5)
DA:13,7
DA:14,6
DA:28,6
DA:53,17
DA:54,17
DA:56,7
DA:59,17
DA:80,1
DA:81,1
DA:84,1
LF:10
LH:10
BRDA:13,0,0,1
BRDA:13,0,1,6
BRDA:42,1,0,6
BRDA:42,1,1,1
BRDA:56,2,0,7
BRDA:56,2,1,6
BRDA:69,3,0,5
BRDA:69,3,1,12
BRDA:70,4,0,2
BRDA:70,4,1,15
BRDA:71,5,0,10
BRDA:71,5,1,7
BRDA:77,6,0,17
BRDA:77,6,1,12
BRDA:81,7,0,1
BRDA:81,7,1,0
BRF:16
BRH:15
end_of_record
TN:
SF:src/components/providers/AddManualModelModal.tsx
FN:13,AddManualModelModal
FN:34,(anonymous_1)
FN:60,(anonymous_2)
FN:74,(anonymous_3)
FNF:4
FNH:4
FNDA:44,AddManualModelModal
FNDA:2,(anonymous_1)
FNDA:33,(anonymous_2)
FNDA:5,(anonymous_3)
DA:16,44
DA:17,44
DA:18,44
DA:19,44
DA:20,44
DA:22,44
DA:35,2
DA:60,33
DA:74,5
LF:9
LH:9
BRDA:37,0,0,1
BRDA:37,0,1,1
BRDA:42,1,0,44
BRDA:42,1,1,38
BRF:4
BRH:4
end_of_record
TN:
SF:src/components/providers/DeleteConnectionModal.tsx
FN:14,DeleteConnectionModal
FN:58,(anonymous_1)
FNF:2
FNH:2
FNDA:10,DeleteConnectionModal
FNDA:7,(anonymous_1)
DA:17,10
DA:18,10
DA:19,10
DA:21,10
DA:58,7
LF:5
LH:5
BRDA:34,0,0,10
BRDA:34,0,1,2
BRF:2
BRH:2
end_of_record
TN:
SF:src/components/providers/ModelsTab.tsx
FN:27,PreflightStatus
FN:77,ModelsTab
FN:84,(anonymous_2)
FN:104,(anonymous_3)
FN:108,(anonymous_4)
FN:111,(anonymous_5)
FN:120,(anonymous_6)
FN:122,(anonymous_7)
FN:125,(anonymous_8)
FN:159,(anonymous_9)
FN:180,(anonymous_10)
FN:187,(anonymous_11)
FN:191,(anonymous_12)
FN:206,(anonymous_13)
FNF:14
FNH:12
FNDA:10,PreflightStatus
FNDA:28,ModelsTab
FNDA:16,(anonymous_2)
FNDA:10,(anonymous_3)
FNDA:10,(anonymous_4)
FNDA:1,(anonymous_5)
FNDA:0,(anonymous_6)
FNDA:1,(anonymous_7)
FNDA:1,(anonymous_8)
FNDA:10,(anonymous_9)
FNDA:1,(anonymous_10)
FNDA:1,(anonymous_11)
FNDA:1,(anonymous_12)
FNDA:0,(anonymous_13)
DA:28,10
DA:29,1
DA:45,9
DA:46,1
DA:67,8
DA:78,28
DA:79,28
DA:80,28
DA:82,28
DA:84,16
DA:87,28
DA:88,28
DA:89,28
DA:90,28
DA:91,28
DA:93,28
DA:94,17
DA:95,0
DA:104,17
DA:105,10
DA:108,28
DA:109,10
DA:111,28
DA:112,1
DA:113,1
DA:116,28
DA:120,0
DA:122,1
DA:125,1
DA:160,10
DA:161,10
DA:180,1
DA:187,1
DA:191,1
DA:206,0
LF:35
LH:32
BRDA:28,0,0,1
BRDA:28,0,1,9
BRDA:37,1,0,1
BRDA:37,1,1,0
BRDA:45,2,0,1
BRDA:45,2,1,8
BRDA:54,3,0,1
BRDA:54,3,1,0
BRDA:59,4,0,1
BRDA:59,4,1,0
BRDA:80,5,0,28
BRDA:80,5,1,22
BRDA:93,6,0,11
BRDA:93,6,1,17
BRDA:94,7,0,0
BRDA:94,7,1,17
BRDA:104,8,0,17
BRDA:104,8,1,0
BRDA:105,9,0,10
BRDA:105,9,1,0
BRDA:109,10,0,10
BRDA:109,10,1,6
BRDA:123,11,0,0
BRDA:123,11,1,17
BRDA:142,12,0,8
BRDA:142,12,1,9
BRDA:164,13,0,10
BRDA:164,13,1,0
BRDA:169,14,0,4
BRDA:169,14,1,6
BRDA:186,15,0,4
BRDA:186,15,1,6
BRDA:204,16,0,28
BRDA:204,16,1,1
BRF:34
BRH:26
end_of_record
TN:
SF:src/components/providers/ProviderForm.tsx
FN:45,ProviderForm
FN:67,(anonymous_1)
FN:70,(anonymous_2)
FN:101,(anonymous_3)
FN:112,(anonymous_4)
FN:115,(anonymous_5)
FN:126,(anonymous_6)
FN:144,(anonymous_7)
FN:158,(anonymous_8)
FN:169,(anonymous_9)
FN:169,(anonymous_10)
FN:183,(anonymous_11)
FN:187,(anonymous_12)
FN:202,(anonymous_13)
FN:216,(anonymous_14)
FNF:15
FNH:10
FNDA:91,ProviderForm
FNDA:4,(anonymous_1)
FNDA:4,(anonymous_2)
FNDA:24,(anonymous_3)
FNDA:0,(anonymous_4)
FNDA:364,(anonymous_5)
FNDA:40,(anonymous_6)
FNDA:16,(anonymous_7)
FNDA:0,(anonymous_8)
FNDA:1,(anonymous_9)
FNDA:1,(anonymous_10)
FNDA:0,(anonymous_11)
FNDA:3,(anonymous_12)
FNDA:0,(anonymous_13)
FNDA:0,(anonymous_14)
DA:32,5
DA:39,5
DA:51,91
DA:52,91
DA:53,91
DA:54,91
DA:55,91
DA:58,91
DA:59,91
DA:60,91
DA:63,91
DA:67,91
DA:68,4
DA:69,4
DA:70,4
DA:71,4
DA:72,4
DA:73,0
DA:74,0
DA:79,4
DA:89,4
DA:92,91
DA:101,24
DA:112,0
DA:115,364
DA:126,40
DA:144,16
DA:158,0
DA:169,1
DA:183,0
DA:187,3
DA:202,0
DA:216,0
LF:33
LH:26
BRDA:51,0,0,91
BRDA:51,0,1,90
BRDA:52,1,0,91
BRDA:52,1,1,90
BRDA:53,2,0,91
BRDA:53,2,1,90
BRDA:56,3,0,91
BRDA:56,3,1,91
BRDA:59,4,0,91
BRDA:59,4,1,91
BRDA:61,5,0,0
BRDA:61,5,1,91
BRDA:64,6,0,91
BRDA:64,6,1,91
BRDA:72,7,0,0
BRDA:72,7,1,4
BRDA:83,8,0,4
BRDA:83,8,1,0
BRDA:84,9,0,0
BRDA:84,9,1,4
BRDA:85,10,0,0
BRDA:85,10,1,4
BRDA:86,11,0,0
BRDA:86,11,1,4
BRDA:87,12,0,0
BRDA:87,12,1,4
BRDA:135,13,0,91
BRDA:135,13,1,90
BRDA:172,14,0,1
BRDA:172,14,1,90
BRDA:174,15,0,91
BRDA:174,15,1,1
BRDA:229,16,0,90
BRDA:229,16,1,1
BRF:34
BRH:27
end_of_record
TN:
SF:src/components/providers/RotateKeyModal.tsx
FN:14,RotateKeyModal
FN:35,(anonymous_1)
FN:56,(anonymous_2)
FN:69,(anonymous_3)
FNF:4
FNH:4
FNDA:31,RotateKeyModal
FNDA:1,(anonymous_1)
FNDA:12,(anonymous_2)
FNDA:15,(anonymous_3)
DA:17,31
DA:18,31
DA:19,31
DA:20,31
DA:21,31
DA:23,31
DA:35,1
DA:56,12
DA:69,15
LF:9
LH:9
BRDA:21,0,0,31
BRDA:21,0,1,27
BRDA:36,1,0,31
BRDA:36,1,1,2
BRF:4
BRH:4
end_of_record
TN:
SF:src/hooks/providers.ts
FN:17,useCreateConnection
FN:20,(anonymous_1)
FN:22,(anonymous_2)
FN:28,useEditConnection
FN:31,(anonymous_4)
FN:33,(anonymous_5)
FN:40,useRotateConnectionKey
FN:43,(anonymous_7)
FN:45,(anonymous_8)
FN:52,useDeleteConnection
FN:55,(anonymous_10)
FN:56,(anonymous_11)
FN:63,useTestConnection
FN:66,(anonymous_13)
FN:67,(anonymous_14)
FN:74,useRefreshModels
FN:77,(anonymous_16)
FN:78,(anonymous_17)
FN:84,usePreflightModel
FN:87,(anonymous_19)
FN:89,(anonymous_20)
FN:96,useAddManualModel
FN:99,(anonymous_22)
FN:101,(anonymous_23)
FN:107,useHideModel
FN:110,(anonymous_25)
FN:112,(anonymous_26)
FN:118,useUnhideModel
FN:121,(anonymous_28)
FN:123,(anonymous_29)
FNF:30
FNH:30
FNDA:6,useCreateConnection
FNDA:3,(anonymous_1)
FNDA:2,(anonymous_2)
FNDA:1,useEditConnection
FNDA:1,(anonymous_4)
FNDA:1,(anonymous_5)
FNDA:1,useRotateConnectionKey
FNDA:1,(anonymous_7)
FNDA:1,(anonymous_8)
FNDA:1,useDeleteConnection
FNDA:1,(anonymous_10)
FNDA:1,(anonymous_11)
FNDA:9,useTestConnection
FNDA:3,(anonymous_13)
FNDA:3,(anonymous_14)
FNDA:28,useRefreshModels
FNDA:1,(anonymous_16)
FNDA:1,(anonymous_17)
FNDA:28,usePreflightModel
FNDA:1,(anonymous_19)
FNDA:1,(anonymous_20)
FNDA:28,useAddManualModel
FNDA:1,(anonymous_22)
FNDA:1,(anonymous_23)
FNDA:28,useHideModel
FNDA:1,(anonymous_25)
FNDA:1,(anonymous_26)
FNDA:28,useUnhideModel
FNDA:1,(anonymous_28)
FNDA:1,(anonymous_29)
DA:18,6
DA:19,6
DA:21,3
DA:23,2
DA:29,1
DA:30,1
DA:32,1
DA:34,1
DA:35,1
DA:41,1
DA:42,1
DA:44,1
DA:46,1
DA:47,1
DA:53,1
DA:54,1
DA:55,1
DA:57,1
DA:58,1
DA:64,9
DA:65,9
DA:66,3
DA:68,3
DA:69,3
DA:75,28
DA:76,28
DA:77,1
DA:79,1
DA:85,28
DA:86,28
DA:88,1
DA:90,1
DA:91,1
DA:97,28
DA:98,28
DA:100,1
DA:102,1
DA:108,28
DA:109,28
DA:111,1
DA:113,1
DA:119,28
DA:120,28
DA:122,1
DA:124,1
LF:45
LH:45
BRF:0
BRH:0
end_of_record
TN:
SF:src/hooks/useAdaptivePolling.ts
FN:55,readVisibility
FN:59,readFocus
FN:65,useAdaptivePolling
FN:75,(anonymous_3)
FN:79,(anonymous_4)
FN:80,(anonymous_5)
FN:81,(anonymous_6)
FN:85,(anonymous_7)
FN:100,(anonymous_8)
FN:121,(anonymous_9)
FN:122,(anonymous_10)
FNF:11
FNH:6
FNDA:34,readVisibility
FNDA:34,readFocus
FNDA:91,useAdaptivePolling
FNDA:34,(anonymous_3)
FNDA:0,(anonymous_4)
FNDA:0,(anonymous_5)
FNDA:0,(anonymous_6)
FNDA:34,(anonymous_7)
FNDA:34,(anonymous_8)
FNDA:0,(anonymous_9)
FNDA:0,(anonymous_10)
DA:56,34
DA:60,34
DA:68,91
DA:69,91
DA:70,91
DA:73,91
DA:75,91
DA:76,34
DA:77,0
DA:79,34
DA:80,34
DA:81,34
DA:82,34
DA:83,34
DA:84,34
DA:85,34
DA:86,34
DA:87,34
DA:88,34
DA:98,91
DA:100,34
DA:121,91
DA:122,91
DA:124,91
LF:24
LH:23
BRDA:56,0,0,0
BRDA:56,0,1,34
BRDA:60,1,0,0
BRDA:60,1,1,34
BRDA:60,2,0,34
BRDA:60,2,1,34
BRDA:68,3,0,91
BRDA:68,4,0,91
BRDA:76,5,0,0
BRDA:76,5,1,34
BRDA:76,6,0,34
BRDA:76,6,1,34
BRDA:102,7,0,34
BRDA:102,7,1,34
BRF:14
BRH:11
end_of_record
TN:
SF:src/hooks/useCursorPage.ts
FN:28,useCursorPage
FN:29,(anonymous_1)
FN:36,(anonymous_2)
FN:37,(anonymous_3)
FN:44,(anonymous_4)
FN:46,(anonymous_5)
FN:58,(anonymous_6)
FN:60,(anonymous_7)
FN:65,(anonymous_8)
FN:66,(anonymous_9)
FN:69,(anonymous_10)
FNF:11
FNH:11
FNDA:71,useCursorPage
FNDA:17,(anonymous_1)
FNDA:19,(anonymous_2)
FNDA:19,(anonymous_3)
FNDA:13,(anonymous_4)
FNDA:13,(anonymous_5)
FNDA:9,(anonymous_6)
FNDA:9,(anonymous_7)
FNDA:4,(anonymous_8)
FNDA:4,(anonymous_9)
FNDA:1,(anonymous_10)
DA:29,71
DA:34,71
DA:36,71
DA:37,19
DA:38,19
DA:44,71
DA:46,13
DA:48,13
DA:49,13
DA:58,71
DA:60,9
DA:61,9
DA:65,71
DA:66,4
DA:69,71
DA:70,1
DA:74,71
LF:17
LH:17
BRDA:34,0,0,69
BRDA:34,0,1,2
BRDA:38,1,0,17
BRDA:38,1,1,2
BRDA:48,2,0,13
BRDA:48,2,1,0
BRDA:61,3,0,1
BRDA:61,3,1,8
BRF:8
BRH:7
end_of_record
TN:
SF:src/hooks/useDebouncedValue.ts
FN:8,useDebouncedValue
FN:10,(anonymous_1)
FN:11,(anonymous_2)
FN:12,(anonymous_3)
FNF:4
FNH:3
FNDA:38,useDebouncedValue
FNDA:10,(anonymous_1)
FNDA:0,(anonymous_2)
FNDA:10,(anonymous_3)
DA:9,38
DA:10,38
DA:11,10
DA:12,10
DA:14,38
LF:5
LH:5
BRF:0
BRH:0
end_of_record
TN:
SF:src/hooks/useTrialEventStream.ts
FN:64,_defaultBaseUrl
FN:68,useTrialEventStream
FN:81,(anonymous_2)
FN:97,(anonymous_3)
FN:99,(anonymous_4)
FN:117,(anonymous_5)
FN:120,(anonymous_6)
FN:125,(anonymous_7)
FN:130,(anonymous_8)
FN:137,(anonymous_9)
FNF:10
FNH:9
FNDA:0,_defaultBaseUrl
FNDA:46,useTrialEventStream
FNDA:19,(anonymous_2)
FNDA:6,(anonymous_3)
FNDA:8,(anonymous_4)
FNDA:4,(anonymous_5)
FNDA:1,(anonymous_6)
FNDA:1,(anonymous_7)
FNDA:1,(anonymous_8)
FNDA:8,(anonymous_9)
DA:65,0
DA:72,46
DA:73,46
DA:74,46
DA:79,46
DA:81,46
DA:82,19
DA:83,1
DA:85,18
DA:86,19
DA:90,10
DA:91,10
DA:93,8
DA:94,19
DA:95,19
DA:97,19
DA:99,19
DA:101,8
DA:102,8
DA:105,1
DA:107,7
DA:108,7
DA:110,2
DA:112,5
DA:114,1
DA:116,4
DA:117,4
DA:120,19
DA:121,1
DA:122,1
DA:125,19
DA:126,1
DA:127,1
DA:130,19
DA:134,1
DA:137,19
DA:138,8
DA:142,46
LF:38
LH:37
BRDA:70,0,0,46
BRDA:72,1,0,46
BRDA:82,2,0,1
BRDA:82,2,1,18
BRDA:82,3,0,19
BRDA:82,3,1,18
BRDA:85,4,0,18
BRDA:85,4,1,10
BRDA:86,5,0,10
BRDA:86,5,1,9
BRDA:93,6,0,8
BRDA:93,6,1,0
BRDA:108,7,0,2
BRDA:108,7,1,5
BRDA:112,8,0,1
BRDA:112,8,1,4
BRF:16
BRH:15
end_of_record
TN:
SF:src/lib/agentReadiness.ts
FN:12,agentServiceModeReady
FN:16,agentReadinessMessage
FNF:2
FNH:2
FNDA:781,agentServiceModeReady
FNDA:12,agentReadinessMessage
DA:13,781
DA:17,12
LF:2
LH:2
BRDA:17,0,0,12
BRDA:17,0,1,3
BRDA:17,0,2,2
BRF:3
BRH:3
end_of_record
TN:
SF:src/lib/browserTestBuild.ts
FNF:0
FNH:0
DA:6,1
LF:1
LH:1
BRF:0
BRH:0
end_of_record
TN:
SF:src/lib/cn.ts
FN:9,cn
FNF:1
FNH:1
FNDA:23435,cn
DA:10,23435
LF:1
LH:1
BRF:0
BRH:0
end_of_record
TN:
SF:src/lib/dateTime.ts
FN:6,partValue
FN:10,(anonymous_1)
FN:13,formatLocalDateTime
FNF:3
FNH:3
FNDA:858,partValue
FNDA:5148,(anonymous_1)
FNDA:165,formatLocalDateTime
DA:10,5148
DA:17,165
DA:18,165
DA:20,144
DA:21,165
DA:23,143
DA:34,143
DA:35,143
DA:36,143
DA:37,143
DA:38,143
DA:39,143
DA:40,143
DA:41,143
LF:14
LH:14
BRDA:10,0,0,858
BRDA:10,0,1,0
BRDA:15,1,0,165
BRDA:17,2,0,165
BRDA:17,2,1,140
BRDA:18,3,0,21
BRDA:18,3,1,144
BRDA:18,4,0,165
BRDA:18,4,1,144
BRDA:20,5,0,0
BRDA:20,5,1,144
BRDA:21,6,0,1
BRDA:21,6,1,164
BRDA:40,7,0,0
BRDA:40,7,1,143
BRDA:40,8,0,143
BRDA:40,8,1,143
BRDA:40,8,2,143
BRDA:40,8,3,143
BRDA:40,8,4,143
BRDA:41,9,0,143
BRDA:41,9,1,0
BRF:22
BRH:18
end_of_record
TN:
SF:src/lib/errorReporting.ts
FN:26,defaultReporter
FN:105,defaultUnhandledSignaler
FN:109,(anonymous_2)
FN:118,retainSharedInstallation
FN:130,(anonymous_4)
FN:141,redactedPathname
FN:145,createBrowserFailureId
FN:148,(anonymous_7)
FN:156,isObjectLike
FN:163,defineRedactedProperty
FN:181,createRedactedError
FN:195,failureContext
FN:204,createFailureContext
FN:213,pendingFailureContext
FN:230,clearPendingFailureContext
FN:243,retireFailureContext
FN:254,existingPendingFailureContext
FN:263,boundedPosition
FN:268,browserErrorDiagnostics
FN:293,redactBrowserThrowable
FN:301,markBrowserFailureForConsoleRedaction
FN:309,clearBrowserFailureConsoleRedaction
FN:322,prepareBrowserFailureForBoundary
FN:334,(anonymous_23)
FN:348,isCapturedFailure
FN:355,isClaimedBoundaryFailure
FN:371,installBrowserConsoleErrorRedaction
FN:372,(anonymous_27)
FN:374,(anonymous_28)
FN:375,(anonymous_29)
FN:378,(anonymous_30)
FN:386,(anonymous_31)
FN:401,installBrowserErrorEventRedaction
FN:402,(anonymous_33)
FN:405,(anonymous_34)
FN:412,(anonymous_35)
FN:430,(anonymous_36)
FN:459,(anonymous_37)
FN:480,(anonymous_38)
FN:491,reportBrowserFailure
FN:517,setBrowserFailureReporter
FN:523,setBrowserFailureUnhandledSignaler
FNF:42
FNH:39
FNDA:0,defaultReporter
FNDA:0,defaultUnhandledSignaler
FNDA:0,(anonymous_2)
FNDA:14,retainSharedInstallation
FNDA:14,(anonymous_4)
FNDA:118,redactedPathname
FNDA:113,createBrowserFailureId
FNDA:452,(anonymous_7)
FNDA:453,isObjectLike
FNDA:327,defineRedactedProperty
FNDA:8,createRedactedError
FNDA:89,failureContext
FNDA:22,createFailureContext
FNDA:22,pendingFailureContext
FNDA:14,clearPendingFailureContext
FNDA:14,retireFailureContext
FNDA:44,existingPendingFailureContext
FNDA:6,boundedPosition
FNDA:3,browserErrorDiagnostics
FNDA:64,redactBrowserThrowable
FNDA:66,markBrowserFailureForConsoleRedaction
FNDA:26,clearBrowserFailureConsoleRedaction
FNDA:60,prepareBrowserFailureForBoundary
FNDA:10,(anonymous_23)
FNDA:41,isCapturedFailure
FNDA:22,isClaimedBoundaryFailure
FNDA:11,installBrowserConsoleErrorRedaction
FNDA:11,(anonymous_27)
FNDA:22,(anonymous_28)
FNDA:22,(anonymous_29)
FNDA:19,(anonymous_30)
FNDA:11,(anonymous_31)
FNDA:3,installBrowserErrorEventRedaction
FNDA:3,(anonymous_33)
FNDA:4,(anonymous_34)
FNDA:4,(anonymous_35)
FNDA:3,(anonymous_36)
FNDA:1,(anonymous_37)
FNDA:3,(anonymous_38)
FNDA:115,reportBrowserFailure
FNDA:578,setBrowserFailureReporter
FNDA:11,setBrowserFailureUnhandledSignaler
DA:27,0
DA:28,0
DA:31,0
DA:35,66
DA:36,66
DA:37,66
DA:38,66
DA:41,66
DA:57,66
DA:60,66
DA:67,66
DA:69,66
DA:71,66
DA:77,66
DA:102,66
DA:103,66
DA:109,0
DA:110,0
DA:111,0
DA:116,66
DA:122,14
DA:123,14
DA:124,14
DA:125,14
DA:127,14
DA:128,14
DA:130,14
DA:131,14
DA:132,14
DA:133,14
DA:134,14
DA:135,14
DA:136,14
DA:142,118
DA:146,113
DA:147,113
DA:148,113
DA:149,452
DA:153,113
DA:157,453
DA:168,327
DA:169,327
DA:175,327
DA:177,45
DA:185,8
DA:188,8
DA:189,8
DA:190,8
DA:191,8
DA:192,8
DA:196,89
DA:197,79
DA:198,79
DA:200,0
DA:205,22
DA:214,22
DA:215,20
DA:216,20
DA:217,20
DA:218,20
DA:219,20
DA:225,2
DA:226,2
DA:227,2
DA:234,14
DA:235,14
DA:236,14
DA:238,0
DA:239,0
DA:247,14
DA:248,14
DA:249,13
DA:251,14
DA:257,44
DA:258,30
DA:260,14
DA:264,6
DA:265,6
DA:269,3
DA:270,3
DA:271,3
DA:272,3
DA:273,3
DA:274,3
DA:283,3
DA:284,3
DA:285,3
DA:294,64
DA:295,55
DA:296,55
DA:297,55
DA:298,55
DA:302,66
DA:303,56
DA:304,56
DA:306,10
DA:313,26
DA:314,22
DA:318,4
DA:319,1
DA:323,60
DA:324,60
DA:325,60
DA:326,60
DA:327,60
DA:328,18
DA:333,18
DA:334,18
DA:335,10
DA:336,10
DA:337,0
DA:341,60
DA:342,60
DA:343,51
DA:345,60
DA:349,41
DA:350,17
DA:352,24
DA:356,22
DA:357,11
DA:358,22
DA:372,11
DA:373,11
DA:374,11
DA:375,22
DA:376,3
DA:378,19
DA:379,8
DA:380,8
DA:382,11
DA:384,11
DA:386,11
DA:387,11
DA:402,3
DA:403,3
DA:405,3
DA:412,4
DA:413,4
DA:414,4
DA:415,4
DA:416,4
DA:417,4
DA:423,4
DA:424,4
DA:427,4
DA:430,3
DA:431,3
DA:432,3
DA:434,3
DA:435,3
DA:436,3
DA:437,3
DA:438,3
DA:439,3
DA:440,3
DA:441,3
DA:443,3
DA:444,3
DA:445,3
DA:446,3
DA:447,3
DA:448,3
DA:449,3
DA:450,3
DA:459,3
DA:460,1
DA:461,1
DA:462,1
DA:463,1
DA:464,1
DA:465,1
DA:466,1
DA:467,1
DA:468,1
DA:476,3
DA:477,3
DA:480,3
DA:481,3
DA:482,3
DA:485,3
DA:486,3
DA:497,115
DA:509,115
DA:510,115
DA:520,578
DA:526,11
LF:186
LH:176
BRDA:28,0,0,0
BRDA:28,0,1,0
BRDA:60,1,0,66
BRDA:60,1,1,66
BRDA:110,2,0,0
BRDA:110,2,1,0
BRDA:123,3,0,14
BRDA:123,3,1,0
BRDA:131,4,0,0
BRDA:131,4,1,14
BRDA:134,5,0,14
BRDA:134,5,1,0
BRDA:134,6,0,14
BRDA:134,6,1,14
BRDA:142,7,0,118
BRDA:142,7,1,0
BRDA:158,8,0,453
BRDA:158,8,1,371
BRDA:158,8,2,82
BRDA:183,9,0,8
BRDA:185,10,0,4
BRDA:185,10,1,4
BRDA:196,11,0,10
BRDA:196,11,1,79
BRDA:198,12,0,79
BRDA:198,12,1,35
BRDA:214,13,0,20
BRDA:214,13,1,2
BRDA:216,14,0,0
BRDA:216,14,1,20
BRDA:234,15,0,14
BRDA:234,15,1,0
BRDA:235,16,0,14
BRDA:235,16,1,0
BRDA:238,17,0,0
BRDA:238,17,1,0
BRDA:248,18,0,13
BRDA:248,18,1,1
BRDA:248,19,0,14
BRDA:248,19,1,14
BRDA:257,20,0,30
BRDA:257,20,1,14
BRDA:258,21,0,30
BRDA:258,21,1,23
BRDA:260,22,0,14
BRDA:260,22,1,4
BRDA:264,23,0,0
BRDA:264,23,1,6
BRDA:264,24,0,6
BRDA:264,24,1,6
BRDA:270,25,0,3
BRDA:270,25,1,0
BRDA:273,26,0,3
BRDA:273,26,1,0
BRDA:294,27,0,9
BRDA:294,27,1,55
BRDA:302,28,0,56
BRDA:302,28,1,10
BRDA:313,29,0,22
BRDA:313,29,1,4
BRDA:318,30,0,3
BRDA:318,30,1,1
BRDA:325,31,0,60
BRDA:325,31,1,32
BRDA:326,32,0,0
BRDA:326,32,1,60
BRDA:327,33,0,18
BRDA:327,33,1,42
BRDA:336,34,0,0
BRDA:336,34,1,10
BRDA:342,35,0,51
BRDA:342,35,1,9
BRDA:349,36,0,17
BRDA:349,36,1,24
BRDA:356,37,0,11
BRDA:356,37,1,11
BRDA:357,38,0,11
BRDA:357,38,1,8
BRDA:358,39,0,22
BRDA:358,39,1,3
BRDA:375,40,0,3
BRDA:375,40,1,19
BRDA:378,41,0,8
BRDA:378,41,1,11
BRDA:387,42,0,11
BRDA:387,42,1,0
BRDA:410,43,0,4
BRDA:416,44,0,4
BRDA:416,44,1,0
BRDA:431,45,0,0
BRDA:431,45,1,3
BRDA:431,46,0,3
BRDA:431,46,1,3
BRDA:432,47,0,0
BRDA:432,47,1,3
BRDA:440,48,0,3
BRDA:440,48,1,0
BRDA:460,49,0,0
BRDA:460,49,1,1
BRDA:494,50,0,115
BRDA:495,51,0,115
BRDA:501,52,0,3
BRDA:501,52,1,112
BRDA:504,53,0,112
BRDA:504,53,1,3
BRDA:505,54,0,112
BRDA:505,54,1,3
BRDA:520,55,0,578
BRDA:520,55,1,60
BRDA:526,56,0,11
BRDA:526,56,1,8
BRF:111
BRH:87
end_of_record
TN:
SF:src/lib/frontendConfig.ts
FN:25,constructor
FN:47,viteApiBase
FN:54,expectString
FN:64,normalizePath
FN:72,detectRoutePath
FN:79,apiBasePath
FN:87,apiRouteBase
FN:93,resolveApiRouteBase
FN:114,routeMatches
FN:122,isFrontendEnvironment
FN:126,resolveFrontendConfig
FN:194,defaultConfig
FN:210,configUrlForLocation
FN:215,allowLocalBuildFallback
FN:220,performFrontendConfigLoad
FN:261,loadFrontendConfig
FN:266,resetFrontendConfigLoad
FN:270,getFrontendConfig
FN:274,getApiBase
FN:278,setFrontendConfigForTests
FN:283,frontendHomePath
FNF:21
FNH:21
FNDA:7,constructor
FNDA:116,viteApiBase
FNDA:493,expectString
FNDA:252,normalizePath
FNDA:145,detectRoutePath
FNDA:122,apiBasePath
FNDA:121,apiRouteBase
FNDA:121,resolveApiRouteBase
FNDA:7,routeMatches
FNDA:123,isFrontendEnvironment
FNDA:123,resolveFrontendConfig
FNDA:116,defaultConfig
FNDA:12,configUrlForLocation
FNDA:6,allowLocalBuildFallback
FNDA:12,performFrontendConfigLoad
FNDA:15,loadFrontendConfig
FNDA:2,resetFrontendConfigLoad
FNDA:127,getFrontendConfig
FNDA:823,getApiBase
FNDA:93,setFrontendConfigForTests
FNDA:28,frontendHomePath
DA:27,7
DA:32,7
DA:33,7
DA:34,7
DA:35,7
DA:49,116
DA:51,116
DA:58,493
DA:59,0
DA:61,493
DA:65,252
DA:66,20
DA:67,0
DA:69,20
DA:73,145
DA:74,145
DA:75,141
DA:76,116
DA:80,122
DA:81,6
DA:82,0
DA:84,6
DA:88,121
DA:89,121
DA:90,121
DA:98,121
DA:99,121
DA:100,120
DA:102,1
DA:103,1
DA:104,1
DA:105,1
DA:106,121
DA:107,0
DA:111,1
DA:115,7
DA:116,7
DA:123,123
DA:131,123
DA:132,123
DA:133,123
DA:134,0
DA:136,123
DA:140,123
DA:141,0
DA:143,123
DA:147,123
DA:152,123
DA:153,1
DA:158,122
DA:159,1
DA:164,121
DA:165,121
DA:170,0
DA:175,121
DA:176,0
DA:178,121
DA:179,0
DA:181,121
DA:182,0
DA:185,121
DA:195,116
DA:207,35
DA:208,35
DA:211,12
DA:212,12
DA:216,6
DA:217,6
DA:221,12
DA:222,12
DA:224,12
DA:225,12
DA:231,4
DA:232,1
DA:233,1
DA:235,3
DA:238,8
DA:239,2
DA:240,0
DA:241,0
DA:245,2
DA:248,6
DA:249,6
DA:250,4
DA:251,4
DA:253,2
DA:262,15
DA:263,15
DA:267,2
DA:271,127
DA:275,823
DA:279,93
DA:280,93
DA:286,28
DA:287,28
DA:288,22
DA:289,11
LF:97
LH:85
BRDA:25,0,0,7
BRDA:27,1,0,3
BRDA:27,1,1,4
BRDA:29,2,0,2
BRDA:29,2,1,2
BRDA:51,3,0,116
BRDA:51,3,1,116
BRDA:58,4,0,0
BRDA:58,4,1,493
BRDA:65,5,0,232
BRDA:65,5,1,20
BRDA:65,6,0,252
BRDA:65,6,1,20
BRDA:66,7,0,0
BRDA:66,7,1,20
BRDA:73,8,0,145
BRDA:73,8,1,116
BRDA:74,9,0,4
BRDA:74,9,1,141
BRDA:74,10,0,145
BRDA:74,10,1,145
BRDA:75,11,0,25
BRDA:75,11,1,116
BRDA:75,12,0,141
BRDA:75,12,1,141
BRDA:80,13,0,116
BRDA:80,13,1,6
BRDA:81,14,0,0
BRDA:81,14,1,6
BRDA:81,15,0,6
BRDA:81,15,1,6
BRDA:88,16,0,121
BRDA:88,16,1,116
BRDA:99,17,0,120
BRDA:99,17,1,1
BRDA:99,18,0,121
BRDA:99,18,1,1
BRDA:103,19,0,0
BRDA:103,19,1,1
BRDA:105,20,0,1
BRDA:105,20,1,0
BRDA:106,21,0,0
BRDA:106,21,1,121
BRDA:108,22,0,0
BRDA:108,22,1,0
BRDA:115,23,0,0
BRDA:115,23,1,7
BRDA:117,24,0,7
BRDA:117,24,1,7
BRDA:128,25,0,123
BRDA:129,26,0,123
BRDA:133,27,0,0
BRDA:133,27,1,123
BRDA:140,28,0,0
BRDA:140,28,1,123
BRDA:144,29,0,123
BRDA:144,29,1,0
BRDA:148,30,0,123
BRDA:148,30,1,0
BRDA:152,31,0,1
BRDA:152,31,1,122
BRDA:152,32,0,123
BRDA:152,32,1,7
BRDA:154,33,0,1
BRDA:154,33,1,0
BRDA:158,34,0,1
BRDA:158,34,1,121
BRDA:160,35,0,1
BRDA:160,35,1,0
BRDA:160,36,0,1
BRDA:160,36,1,0
BRDA:165,37,0,0
BRDA:165,37,1,121
BRDA:166,38,0,121
BRDA:166,38,1,5
BRDA:166,38,2,5
BRDA:171,39,0,0
BRDA:171,39,1,0
BRDA:175,40,0,0
BRDA:175,40,1,121
BRDA:175,41,0,121
BRDA:175,41,1,1
BRDA:178,42,0,0
BRDA:178,42,1,121
BRDA:178,43,0,121
BRDA:178,43,1,120
BRDA:181,44,0,0
BRDA:181,44,1,121
BRDA:181,45,0,121
BRDA:181,45,1,1
BRDA:217,46,0,6
BRDA:217,46,1,1
BRDA:231,47,0,1
BRDA:231,47,1,3
BRDA:238,48,0,2
BRDA:238,48,1,6
BRDA:239,49,0,0
BRDA:239,49,1,2
BRDA:280,50,0,93
BRDA:280,50,1,80
BRDA:284,51,0,28
BRDA:286,52,0,28
BRDA:286,52,1,11
BRDA:287,53,0,6
BRDA:287,53,1,22
BRDA:287,54,0,28
BRDA:287,54,1,28
BRDA:288,55,0,11
BRDA:288,55,1,11
BRDA:288,56,0,22
BRDA:288,56,1,22
BRF:111
BRH:88
end_of_record
TN:
SF:src/lib/helpText.ts
FN:29,helpForState
FN:48,humanizeState
FN:60,labelForState
FNF:3
FNH:3
FNDA:160,helpForState
FNDA:5,humanizeState
FNDA:5,labelForState
DA:1,28
DA:21,28
DA:24,28
DA:26,28
DA:27,28
DA:30,160
DA:31,159
DA:32,159
DA:52,5
DA:53,5
DA:61,5
DA:62,4
DA:63,3
DA:64,2
LF:14
LH:14
BRDA:30,0,0,1
BRDA:30,0,1,159
BRDA:30,1,0,160
BRDA:30,1,1,2
BRDA:52,2,0,5
BRDA:52,2,1,1
BRDA:61,3,0,1
BRDA:61,3,1,4
BRDA:61,4,0,5
BRDA:61,4,1,3
BRDA:62,5,0,1
BRDA:62,5,1,3
BRDA:62,6,0,4
BRDA:62,6,1,2
BRDA:63,7,0,1
BRDA:63,7,1,2
BRDA:63,8,0,3
BRDA:63,8,1,1
BRF:18
BRH:18
end_of_record
TN:
SF:src/lib/humanizeFailureReason.ts
FN:55,humanizeFailureReason
FN:65,titleCaseCode
FN:69,(anonymous_2)
FN:74,capitalize
FNF:4
FNH:4
FNDA:5,humanizeFailureReason
FNDA:1,titleCaseCode
FNDA:3,(anonymous_2)
FNDA:1,capitalize
DA:7,4
DA:56,5
DA:57,5
DA:58,1
DA:66,1
DA:69,3
DA:70,1
DA:71,1
DA:75,1
LF:9
LH:9
BRDA:57,0,0,4
BRDA:57,0,1,1
BRDA:70,1,0,0
BRDA:70,1,1,1
BRF:4
BRH:3
end_of_record
TN:
SF:src/lib/humanizeTaskFilter.ts
FN:28,humanizeTaskFilter
FN:81,benchmarkIdsFromFilter
FN:91,benchmarkSummary
FN:97,detailsFromFilter
FN:101,(anonymous_4)
FN:110,humanizeTagFilters
FN:112,(anonymous_6)
FN:120,diagnosticsFromUnknownKeys
FN:125,(anonymous_8)
FN:127,(anonymous_9)
FN:130,displayBenchmark
FN:134,displayNumber
FNF:12
FNH:11
FNDA:51,humanizeTaskFilter
FNDA:51,benchmarkIdsFromFilter
FNDA:19,benchmarkSummary
FNDA:51,detailsFromFilter
FNDA:20,(anonymous_4)
FNDA:51,humanizeTagFilters
FNDA:0,(anonymous_6)
FNDA:51,diagnosticsFromUnknownKeys
FNDA:105,(anonymous_8)
FNDA:1,(anonymous_9)
FNDA:18,displayBenchmark
FNDA:2,displayNumber
DA:11,5
DA:22,5
DA:32,51
DA:33,51
DA:34,51
DA:35,51
DA:37,51
DA:38,32
DA:41,32
DA:51,19
DA:53,19
DA:54,0
DA:55,0
DA:62,19
DA:63,1
DA:71,18
DA:74,51
DA:82,51
DA:83,18
DA:85,33
DA:86,1
DA:88,32
DA:92,19
DA:93,19
DA:94,1
DA:101,51
DA:102,51
DA:103,0
DA:105,51
DA:106,51
DA:107,51
DA:111,51
DA:112,0
DA:114,0
DA:115,0
DA:124,51
DA:125,105
DA:127,1
DA:131,18
DA:135,2
DA:136,2
LF:41
LH:35
BRDA:30,0,0,51
BRDA:32,1,0,51
BRDA:32,1,1,0
BRDA:37,2,0,32
BRDA:37,2,1,19
BRDA:38,3,0,32
BRDA:38,3,1,0
BRDA:42,4,0,31
BRDA:42,4,1,1
BRDA:46,5,0,0
BRDA:46,5,1,32
BRDA:53,6,0,0
BRDA:53,6,1,19
BRDA:53,7,0,19
BRDA:53,7,1,19
BRDA:54,8,0,0
BRDA:54,8,1,0
BRDA:62,9,0,1
BRDA:62,9,1,18
BRDA:71,10,0,18
BRDA:71,10,1,0
BRDA:72,11,0,0
BRDA:72,11,1,18
BRDA:82,12,0,18
BRDA:82,12,1,33
BRDA:85,13,0,1
BRDA:85,13,1,32
BRDA:85,14,0,33
BRDA:85,14,1,1
BRDA:92,15,0,0
BRDA:92,15,1,19
BRDA:93,16,0,18
BRDA:93,16,1,1
BRDA:102,17,0,0
BRDA:102,17,1,51
BRDA:102,18,0,51
BRDA:102,18,1,0
BRDA:106,19,0,0
BRDA:106,19,1,51
BRDA:111,20,0,51
BRDA:111,20,1,0
BRDA:111,21,0,51
BRDA:111,21,1,0
BRDA:111,21,2,0
BRDA:114,22,0,0
BRDA:114,22,1,0
BRDA:115,23,0,0
BRDA:115,23,1,0
BRDA:131,24,0,18
BRDA:131,24,1,0
BRDA:136,25,0,2
BRDA:136,25,1,0
BRF:52
BRH:31
end_of_record
TN:
SF:src/lib/humanizeTrialConfig.ts
FN:30,humanizeTrialConfig
FN:95,addSeconds
FN:99,addMultiplier
FN:105,addCount
FN:111,humanizeRetry
FN:124,diagnosticsFromUnknownKeys
FN:126,(anonymous_6)
FN:128,(anonymous_7)
FN:131,prettyCode
FNF:9
FNH:9
FNDA:31,humanizeTrialConfig
FNDA:93,addSeconds
FNDA:93,addMultiplier
FNDA:62,addCount
FNDA:31,humanizeRetry
FNDA:31,diagnosticsFromUnknownKeys
FNDA:27,(anonymous_6)
FNDA:1,(anonymous_7)
FNDA:1,prettyCode
DA:9,5
DA:33,31
DA:34,31
DA:35,31
DA:37,31
DA:38,11
DA:40,31
DA:41,11
DA:44,31
DA:45,31
DA:46,0
DA:48,31
DA:49,31
DA:50,0
DA:53,31
DA:54,31
DA:55,31
DA:60,31
DA:61,31
DA:66,31
DA:72,31
DA:73,31
DA:75,31
DA:76,1
DA:79,31
DA:80,31
DA:81,31
DA:82,0
DA:85,31
DA:96,93
DA:100,93
DA:101,0
DA:106,62
DA:107,0
DA:112,31
DA:113,1
DA:114,1
DA:115,1
DA:118,31
DA:119,0
DA:121,1
DA:125,31
DA:126,27
DA:128,1
DA:132,1
LF:45
LH:39
BRDA:33,0,0,31
BRDA:33,0,1,0
BRDA:37,1,0,11
BRDA:37,1,1,20
BRDA:37,2,0,31
BRDA:37,2,1,11
BRDA:40,3,0,11
BRDA:40,3,1,20
BRDA:44,4,0,0
BRDA:44,4,1,31
BRDA:45,5,0,0
BRDA:45,5,1,31
BRDA:48,6,0,1
BRDA:48,6,1,30
BRDA:49,7,0,0
BRDA:49,7,1,31
BRDA:49,8,0,31
BRDA:49,8,1,0
BRDA:73,9,0,1
BRDA:73,9,1,30
BRDA:75,10,0,1
BRDA:75,10,1,30
BRDA:75,11,0,31
BRDA:75,11,1,1
BRDA:81,12,0,0
BRDA:81,12,1,31
BRDA:87,13,0,18
BRDA:87,13,1,13
BRDA:89,14,0,0
BRDA:89,14,1,13
BRDA:96,15,0,1
BRDA:96,15,1,92
BRDA:100,16,0,0
BRDA:100,16,1,93
BRDA:100,17,0,93
BRDA:100,17,1,0
BRDA:106,18,0,0
BRDA:106,18,1,62
BRDA:106,19,0,62
BRDA:106,19,1,0
BRDA:112,20,0,30
BRDA:112,20,1,1
BRDA:112,21,0,31
BRDA:112,21,1,1
BRDA:115,22,0,1
BRDA:115,22,1,0
BRDA:118,23,0,0
BRDA:118,23,1,31
BRDA:118,24,0,31
BRDA:118,24,1,1
BRDA:118,24,2,1
BRF:51
BRH:38
end_of_record
TN:
SF:src/lib/modelLabel.ts
FN:1,modelLabel
FNF:1
FNH:1
FNDA:82,modelLabel
DA:2,82
DA:3,80
DA:4,73
DA:6,72
DA:7,72
DA:8,82
DA:10,82
DA:11,2
DA:12,1
LF:9
LH:9
BRDA:2,0,0,2
BRDA:2,0,1,80
BRDA:3,1,0,7
BRDA:3,1,1,73
BRDA:3,2,0,7
BRDA:3,2,1,1
BRDA:4,3,0,1
BRDA:4,3,1,72
BRDA:7,4,0,71
BRDA:7,4,1,1
BRDA:8,5,0,71
BRDA:8,5,1,1
BRDA:10,6,0,70
BRDA:10,6,1,12
BRDA:10,7,0,82
BRDA:10,7,1,71
BRDA:11,8,0,1
BRDA:11,8,1,1
BRF:18
BRH:18
end_of_record
TN:
SF:src/lib/ownership.ts
FN:15,ownershipLabel
FN:26,ownershipSearchText
FNF:2
FNH:2
FNDA:74,ownershipLabel
FNDA:2,ownershipSearchText
DA:16,74
DA:18,74
DA:22,74
DA:23,6
DA:27,2
LF:5
LH:5
BRDA:18,0,0,74
BRDA:18,0,1,6
BRDA:18,0,2,5
BRDA:18,0,3,3
BRDA:22,1,0,68
BRDA:22,1,1,6
BRDA:22,2,0,74
BRDA:22,2,1,69
BRDA:23,3,0,6
BRDA:23,3,1,5
BRDA:23,3,2,1
BRF:11
BRH:11
end_of_record
TN:
SF:src/lib/parseTaskIds.ts
FN:46,stripCodeFences
FN:52,(anonymous_1)
FN:56,stripLineComment
FN:62,stripBulletPrefix
FN:72,isTableSeparatorRow
FN:80,stripPipeTableDelimiters
FN:90,stripWrappingPunctuation
FN:104,stripSegmentQuotes
FN:121,looksLikeColumnHeader
FN:130,splitSegments
FN:136,expandRange
FN:159,expandNumericPrefixList
FN:177,(anonymous_12)
FN:178,(anonymous_13)
FN:179,(anonymous_14)
FN:182,stripUrlPrefixes
FN:193,parseTaskIds
FN:236,(anonymous_17)
FN:238,(anonymous_18)
FN:287,(anonymous_19)
FNF:20
FNH:20
FNDA:44,stripCodeFences
FNDA:89,(anonymous_1)
FNDA:86,stripLineComment
FNDA:86,stripBulletPrefix
FNDA:87,isTableSeparatorRow
FNDA:4,stripPipeTableDelimiters
FNDA:86,stripWrappingPunctuation
FNDA:155,stripSegmentQuotes
FNDA:26,looksLikeColumnHeader
FNDA:77,splitSegments
FNDA:113,expandRange
FNDA:189,expandNumericPrefixList
FNDA:7,(anonymous_12)
FNDA:6,(anonymous_13)
FNDA:5,(anonymous_14)
FNDA:113,stripUrlPrefixes
FNDA:79,parseTaskIds
FNDA:26,(anonymous_17)
FNDA:2,(anonymous_18)
FNDA:119,(anonymous_19)
DA:44,4
DA:50,44
DA:52,89
DA:57,86
DA:58,86
DA:59,7
DA:66,86
DA:75,87
DA:76,87
DA:77,5
DA:84,4
DA:85,4
DA:86,4
DA:87,4
DA:94,86
DA:96,86
DA:97,93
DA:98,93
DA:99,93
DA:101,86
DA:105,155
DA:107,155
DA:109,155
DA:113,20
DA:117,155
DA:118,155
DA:122,26
DA:123,26
DA:126,26
DA:127,2
DA:133,77
DA:142,113
DA:143,113
DA:144,95
DA:145,95
DA:146,95
DA:147,95
DA:148,2
DA:149,2
DA:150,2
DA:153,2
DA:154,2
DA:155,8
DA:156,2
DA:172,189
DA:173,189
DA:174,153
DA:175,153
DA:176,153
DA:177,7
DA:178,6
DA:179,5
DA:183,113
DA:184,113
DA:185,224
DA:186,3
DA:187,3
DA:190,113
DA:194,79
DA:195,79
DA:198,44
DA:204,44
DA:207,44
DA:211,44
DA:212,44
DA:213,87
DA:214,86
DA:215,86
DA:216,86
DA:217,4
DA:219,86
DA:220,86
DA:221,80
DA:224,44
DA:225,1
DA:233,43
DA:234,43
DA:235,43
DA:236,26
DA:237,6
DA:238,1
DA:239,2
DA:240,2
DA:243,37
DA:247,1
DA:256,43
DA:257,43
DA:258,78
DA:259,78
DA:260,5
DA:261,1
DA:263,77
DA:264,109
DA:265,109
DA:270,43
DA:271,43
DA:272,113
DA:273,113
DA:274,113
DA:275,8
DA:276,2
DA:278,111
DA:279,111
DA:280,0
DA:281,0
DA:283,111
DA:287,119
DA:289,43
DA:290,0
DA:292,43
LF:110
LH:107
BRDA:58,0,0,79
BRDA:58,0,1,7
BRDA:76,1,0,82
BRDA:76,1,1,5
BRDA:76,2,0,87
BRDA:76,2,1,83
BRDA:85,3,0,3
BRDA:85,3,1,1
BRDA:86,4,0,3
BRDA:86,4,1,1
BRDA:99,5,0,86
BRDA:99,5,1,7
BRDA:109,6,0,20
BRDA:109,6,1,135
BRDA:110,7,0,155
BRDA:110,7,1,10
BRDA:110,7,2,145
BRDA:110,7,3,10
BRDA:123,8,0,0
BRDA:123,8,1,26
BRDA:126,9,0,24
BRDA:126,9,1,2
BRDA:143,10,0,18
BRDA:143,10,1,95
BRDA:147,11,0,93
BRDA:147,11,1,2
BRDA:150,12,0,0
BRDA:150,12,1,2
BRDA:150,13,0,2
BRDA:150,13,1,2
BRDA:150,13,2,2
BRDA:153,14,0,0
BRDA:153,14,1,2
BRDA:173,15,0,36
BRDA:173,15,1,153
BRDA:176,16,0,151
BRDA:176,16,1,2
BRDA:178,17,0,1
BRDA:178,17,1,1
BRDA:185,18,0,3
BRDA:185,18,1,221
BRDA:195,19,0,35
BRDA:195,19,1,44
BRDA:213,20,0,1
BRDA:213,20,1,86
BRDA:216,21,0,4
BRDA:216,21,1,82
BRDA:220,22,0,6
BRDA:220,22,1,80
BRDA:224,23,0,1
BRDA:224,23,1,43
BRDA:235,24,0,6
BRDA:235,24,1,37
BRDA:237,25,0,1
BRDA:237,25,1,5
BRDA:237,26,0,6
BRDA:237,26,1,6
BRDA:240,27,0,0
BRDA:240,27,1,2
BRDA:243,28,0,1
BRDA:243,28,1,36
BRDA:244,29,0,37
BRDA:244,29,1,20
BRDA:259,30,0,1
BRDA:259,30,1,77
BRDA:265,31,0,108
BRDA:265,31,1,1
BRDA:274,32,0,2
BRDA:274,32,1,111
BRDA:279,33,0,0
BRDA:279,33,1,111
BRDA:289,34,0,0
BRDA:289,34,1,43
BRF:73
BRH:67
end_of_record
TN:
SF:src/lib/provenanceLabel.ts
FN:1,provenanceLabel
FNF:1
FNH:1
FNDA:36,provenanceLabel
DA:2,36
DA:4,36
DA:8,36
DA:12,36
DA:16,36
LF:5
LH:5
BRDA:2,0,0,36
BRDA:2,0,1,0
BRDA:4,1,0,27
BRDA:4,1,1,9
BRDA:8,2,0,0
BRDA:8,2,1,36
BRDA:12,3,0,20
BRDA:12,3,1,16
BRF:8
BRH:6
end_of_record
TN:
SF:src/lib/providerDisplay.ts
FN:14,providerStatusSummary
FN:40,allowedModelsSummary
FNF:2
FNH:2
FNDA:17,providerStatusSummary
FNDA:13,allowedModelsSummary
DA:17,17
DA:18,13
DA:25,4
DA:26,2
DA:33,2
DA:43,13
DA:44,2
DA:50,11
DA:51,1
DA:57,10
LF:10
LH:10
BRDA:17,0,0,13
BRDA:17,0,1,4
BRDA:25,1,0,2
BRDA:25,1,1,2
BRDA:43,2,0,2
BRDA:43,2,1,11
BRDA:43,3,0,13
BRDA:43,3,1,12
BRDA:50,4,0,1
BRDA:50,4,1,10
BRDA:60,5,0,9
BRDA:60,5,1,1
BRF:12
BRH:12
end_of_record
TN:
SF:src/lib/quickstartSnippets.ts
FN:1,cleanOrigin
FN:6,cliLoginCommands
FN:15,hostedProviderCommands
FN:37,benchmarkCatalogCommands
FN:51,oracleSmokeBatchCommand
FN:63,providerSmokeBatchCommand
FN:80,batchInspectionCommands
FN:87,trialDownloadCommands
FN:104,usageCommand
FN:116,rateCardExampleJson
FN:131,containsUnsafeSnippetValue
FN:139,(anonymous_11)
FNF:12
FNH:12
FNDA:124,cleanOrigin
FNDA:111,cliLoginCommands
FNDA:9,hostedProviderCommands
FNDA:4,benchmarkCatalogCommands
FNDA:609,oracleSmokeBatchCommand
FNDA:614,providerSmokeBatchCommand
FNDA:18,batchInspectionCommands
FNDA:21,trialDownloadCommands
FNDA:16,usageCommand
FNDA:20,rateCardExampleJson
FNDA:7,containsUnsafeSnippetValue
FNDA:28,(anonymous_11)
DA:2,124
DA:3,124
DA:7,111
DA:8,111
DA:19,9
DA:20,9
DA:38,4
DA:39,4
DA:52,609
DA:67,614
DA:81,18
DA:91,21
DA:96,21
DA:97,14
DA:101,21
DA:110,16
DA:111,16
DA:112,16
DA:113,16
DA:117,20
DA:132,7
DA:139,28
LF:22
LH:22
BRDA:3,0,0,124
BRDA:3,0,1,0
BRDA:17,1,0,9
BRDA:64,2,0,614
BRDA:65,3,0,614
BRDA:96,4,0,14
BRDA:96,4,1,7
BRDA:108,5,0,16
BRDA:111,6,0,3
BRDA:111,6,1,13
BRDA:112,7,0,6
BRDA:112,7,1,10
BRF:12
BRH:11
end_of_record
TN:
SF:src/lib/redaction.ts
FN:30,redactText
FN:39,shouldRedactKey
FN:49,redactValue
FN:51,(anonymous_3)
FNF:4
FNH:3
FNDA:146,redactText
FNDA:25,shouldRedactKey
FNDA:27,redactValue
[...]
FNDA:22,(anonymous_34)
FNDA:1,(anonymous_35)
DA:31,3
DA:39,3
DA:48,22
DA:49,22
DA:50,22
DA:51,22
DA:52,22
DA:53,0
DA:54,0
DA:56,22
DA:62,22
DA:66,2
DA:67,2
DA:71,22
DA:77,22
DA:78,22
DA:79,0
DA:80,22
DA:81,0
DA:85,22
DA:86,22
DA:92,33
DA:93,33
DA:94,33
DA:105,11
DA:106,2
DA:107,4
DA:110,9
DA:111,9
DA:117,4
DA:118,3
DA:119,2
DA:123,4
DA:125,4
DA:128,4
DA:132,4
DA:136,4
DA:139,4
DA:149,22
DA:150,22
DA:151,22
DA:152,22
DA:155,0
DA:156,0
DA:160,22
DA:201,1
DA:222,1
DA:242,11
DA:243,2
DA:276,4
DA:311,16
DA:312,16
DA:314,16
DA:316,5
DA:320,16
DA:322,1
DA:326,16
DA:328,5
DA:331,16
DA:333,2
DA:340,16
DA:342,1
DA:343,1
DA:350,16
DA:351,16
DA:352,11
DA:353,11
DA:355,11
DA:356,11
DA:357,11
DA:360,11
DA:361,11
DA:362,55
DA:364,11
DA:366,16
DA:367,16
DA:368,16
DA:369,16
DA:371,16
DA:375,16
DA:379,16
DA:471,2
DA:481,11
DA:489,2
DA:550,1
DA:578,11
DA:597,1
DA:624,44
DA:630,55
DA:631,55
DA:632,22
DA:638,22
DA:641,1
LF:93
LH:87
BRDA:48,0,0,0
BRDA:48,0,1,22
BRDA:48,1,0,22
BRDA:48,1,1,22
BRDA:52,2,0,22
BRDA:52,2,1,0
BRDA:56,3,0,22
BRDA:56,3,1,0
BRDA:58,4,0,0
BRDA:58,4,1,0
BRDA:67,5,0,2
BRDA:67,5,1,0
BRDA:71,6,0,22
BRDA:71,6,1,0
BRDA:72,7,0,22
BRDA:72,7,1,0
BRDA:77,8,0,22
BRDA:77,8,1,0
BRDA:78,9,0,22
BRDA:78,9,1,0
BRDA:80,10,0,0
BRDA:80,10,1,22
BRDA:85,11,0,0
BRDA:85,11,1,22
BRDA:86,12,0,22
BRDA:86,12,1,0
BRDA:92,13,0,33
BRDA:92,13,1,0
BRDA:93,14,0,33
BRDA:93,14,1,0
BRDA:95,15,0,33
BRDA:95,15,1,33
BRDA:95,15,2,22
BRDA:95,15,3,22
BRDA:95,15,4,22
BRDA:95,15,5,22
BRDA:95,15,6,22
BRDA:105,16,0,2
BRDA:105,16,1,9
BRDA:111,17,0,9
BRDA:111,17,1,0
BRDA:117,18,0,1
BRDA:117,18,1,3
BRDA:118,19,0,1
BRDA:118,19,1,2
BRDA:119,20,0,2
BRDA:119,20,1,0
BRDA:125,21,0,4
BRDA:125,21,1,0
BRDA:136,22,0,4
BRDA:136,22,1,0
BRDA:137,23,0,0
BRDA:137,23,1,0
BRDA:137,24,0,0
BRDA:137,24,1,0
BRDA:139,25,0,4
BRDA:139,25,1,0
BRDA:155,26,0,0
BRDA:155,26,1,0
BRDA:155,27,0,0
BRDA:155,27,1,0
BRDA:169,28,0,22
BRDA:169,28,1,0
BRDA:177,29,0,22
BRDA:177,29,1,0
BRDA:182,30,0,22
BRDA:182,30,1,0
BRDA:187,31,0,22
BRDA:187,31,1,0
BRDA:195,32,0,11
BRDA:195,32,1,11
BRDA:201,33,0,1
BRDA:201,33,1,0
BRDA:230,34,0,11
BRDA:230,34,1,11
BRDA:242,35,0,9
BRDA:242,35,1,2
BRDA:283,36,0,3
BRDA:283,36,1,1
BRDA:336,37,0,2
BRDA:336,37,1,0
BRDA:342,38,0,0
BRDA:342,38,1,1
BRDA:350,39,0,0
BRDA:350,39,1,16
BRDA:351,40,0,5
BRDA:351,40,1,11
BRDA:352,41,0,0
BRDA:352,41,1,11
BRDA:353,42,0,0
BRDA:353,42,1,11
BRDA:362,43,0,55
BRDA:362,43,1,0
BRDA:364,44,0,11
BRDA:364,44,1,11
BRDA:364,44,2,7
BRDA:366,45,0,16
BRDA:366,45,1,11
BRDA:366,45,2,7
BRDA:367,46,0,16
BRDA:367,46,1,7
BRDA:369,47,0,16
BRDA:369,47,1,10
BRDA:371,48,0,1
BRDA:371,48,1,10
BRDA:373,49,0,10
BRDA:373,49,1,0
BRDA:375,50,0,16
BRDA:375,50,1,1
BRDA:375,50,2,1
BRDA:375,50,3,0
BRDA:399,51,0,16
BRDA:399,51,1,0
BRDA:417,52,0,11
BRDA:417,52,1,0
BRDA:428,53,0,1
BRDA:428,53,1,10
BRDA:476,54,0,11
BRDA:476,54,1,0
BRDA:480,55,0,16
BRDA:480,55,1,0
BRDA:491,56,0,16
BRDA:491,56,1,11
BRDA:491,56,2,11
BRDA:498,57,0,3
BRDA:498,57,1,8
BRDA:507,58,0,1
BRDA:507,58,1,10
BRDA:531,59,0,1
BRDA:531,59,1,0
BRDA:535,60,0,1
BRDA:535,60,1,0
BRDA:540,61,0,0
BRDA:540,61,1,11
BRDA:546,62,0,7
BRDA:546,62,1,4
BRDA:554,63,0,0
BRDA:554,63,1,7
BRDA:558,64,0,0
BRDA:558,64,1,7
BRDA:573,65,0,0
BRDA:573,65,1,11
BRDA:610,66,0,0
BRDA:610,66,1,11
BRDA:616,67,0,11
BRDA:616,67,1,0
BRDA:620,68,0,11
BRDA:620,68,1,0
BRDA:622,69,0,11
BRDA:622,69,1,0
BRDA:630,70,0,55
BRDA:630,70,1,0
BRDA:631,71,0,33
BRDA:631,71,1,22
BRDA:647,72,0,1
BRDA:647,72,1,10
BRDA:655,73,0,0
BRDA:655,73,1,11
BRF:158
BRH:101
end_of_record
TN:
SF:src/pages/Settings.tsx
FN:39,hasScope
FN:43,formatDate
FN:47,roleLabel
FN:52,tokenStatus
FN:62,TeamMembers
FN:81,(anonymous_5)
FN:101,Settings
FN:121,(anonymous_7)
FN:130,(anonymous_8)
FN:136,(anonymous_9)
FN:143,(anonymous_10)
FN:147,(anonymous_11)
FN:151,(anonymous_12)
FN:152,(anonymous_13)
FN:159,(anonymous_14)
FN:160,(anonymous_15)
FN:163,(anonymous_16)
FN:170,(anonymous_17)
FN:207,(anonymous_18)
FN:214,(anonymous_19)
FN:220,(anonymous_20)
FN:257,(anonymous_21)
FN:264,(anonymous_22)
FN:266,(anonymous_23)
FN:278,(anonymous_24)
FN:301,(anonymous_25)
FN:308,(anonymous_26)
FN:357,(anonymous_27)
FN:404,(anonymous_28)
FN:406,(anonymous_29)
FN:530,(anonymous_30)
FN:545,(anonymous_31)
FNF:32
FNH:28
FNDA:300,hasScope
FNDA:4,formatDate
FNDA:16,roleLabel
FNDA:1,tokenStatus
FNDA:2,TeamMembers
FNDA:2,(anonymous_5)
FNDA:100,Settings
FNDA:7,(anonymous_7)
FNDA:1,(anonymous_8)
FNDA:3,(anonymous_9)
FNDA:10,(anonymous_10)
FNDA:3,(anonymous_11)
FNDA:1,(anonymous_12)
FNDA:1,(anonymous_13)
FNDA:0,(anonymous_14)
FNDA:0,(anonymous_15)
FNDA:1,(anonymous_16)
FNDA:1,(anonymous_17)
FNDA:14,(anonymous_18)
FNDA:51,(anonymous_19)
FNDA:3,(anonymous_20)
FNDA:4,(anonymous_21)
FNDA:1,(anonymous_22)
FNDA:34,(anonymous_23)
FNDA:1,(anonymous_24)
FNDA:4,(anonymous_25)
FNDA:1,(anonymous_26)
FNDA:0,(anonymous_27)
FNDA:1,(anonymous_28)
FNDA:9,(anonymous_29)
FNDA:1,(anonymous_30)
FNDA:0,(anonymous_31)
DA:27,3
DA:28,3
DA:32,3
DA:40,300
DA:44,4
DA:48,16
DA:49,16
DA:53,1
DA:54,0
DA:56,1
DA:57,1
DA:59,0
DA:67,2
DA:68,1
DA:70,1
DA:82,2
DA:110,100
DA:112,100
DA:113,100
DA:114,100
DA:115,100
DA:116,100
DA:117,100
DA:118,100
DA:120,100
DA:121,100
DA:122,100
DA:123,100
DA:124,100
DA:125,100
DA:126,100
DA:128,100
DA:130,1
DA:134,100
DA:136,3
DA:141,100
DA:143,10
DA:146,100
DA:147,3
DA:150,100
DA:151,1
DA:153,1
DA:154,1
DA:158,100
DA:159,0
DA:160,0
DA:162,100
DA:164,1
DA:169,100
DA:170,1
DA:173,100
DA:174,95
DA:175,95
DA:207,14
DA:214,51
DA:220,3
DA:257,4
DA:264,1
DA:267,34
DA:278,1
DA:301,4
DA:308,1
DA:336,5
DA:357,0
DA:404,1
DA:407,9
DA:531,1
DA:545,0
LF:68
LH:62
BRDA:48,0,0,0
BRDA:48,0,1,16
BRDA:53,1,0,0
BRDA:53,1,1,1
BRDA:56,2,0,1
BRDA:56,2,1,0
BRDA:56,3,0,1
BRDA:56,3,1,1
BRDA:67,4,0,1
BRDA:67,4,1,1
BRDA:67,5,0,2
BRDA:67,5,1,2
BRDA:85,6,0,2
BRDA:85,6,1,1
BRDA:121,7,0,100
BRDA:121,7,1,95
BRDA:122,8,0,100
BRDA:122,8,1,95
BRDA:123,9,0,100
BRDA:123,9,1,100
BRDA:124,10,0,100
BRDA:124,10,1,100
BRDA:125,11,0,100
BRDA:125,11,1,100
BRDA:126,12,0,100
BRDA:126,12,1,100
BRDA:131,13,0,100
BRDA:131,13,1,5
BRDA:136,14,0,3
BRDA:136,14,1,0
BRDA:137,15,0,100
BRDA:137,15,1,5
BRDA:166,16,0,1
BRDA:166,16,1,0
BRDA:166,16,2,0
BRDA:173,17,0,95
BRDA:173,17,1,5
BRDA:174,18,0,95
BRDA:174,18,1,65
BRDA:174,18,2,60
BRDA:221,19,0,95
BRDA:221,19,1,69
BRDA:221,19,2,55
BRDA:226,20,0,4
BRDA:226,20,1,91
BRDA:266,21,0,95
BRDA:266,21,1,13
BRDA:274,22,0,95
BRDA:274,22,1,34
BRDA:274,22,2,34
BRDA:282,23,0,29
BRDA:282,23,1,66
BRDA:288,24,0,0
BRDA:288,24,1,95
BRDA:307,25,0,95
BRDA:307,25,1,28
BRDA:312,26,0,24
BRDA:312,26,1,71
BRDA:317,27,0,0
BRDA:317,27,1,95
BRDA:350,28,0,5
BRDA:350,28,1,0
BRDA:351,29,0,5
BRDA:351,29,1,0
BRDA:367,30,0,0
BRDA:367,30,1,5
BRDA:368,31,0,0
BRDA:368,31,1,5
BRDA:371,32,0,5
BRDA:371,32,1,0
BRDA:378,33,0,5
BRDA:378,33,1,0
BRDA:379,34,0,2
BRDA:379,34,1,3
BRDA:382,35,0,2
BRDA:382,35,1,3
BRDA:385,36,0,0
BRDA:385,36,1,5
BRDA:385,37,0,100
BRDA:385,37,1,0
BRDA:385,37,2,0
BRDA:402,38,0,100
BRDA:402,38,1,0
BRDA:403,39,0,100
BRDA:403,39,1,4
BRDA:422,40,0,3
BRDA:422,40,1,2
BRDA:423,41,0,0
BRDA:423,41,1,5
BRDA:428,42,0,2
BRDA:428,42,1,3
BRDA:429,43,0,2
BRDA:429,43,1,0
BRDA:440,44,0,5
BRDA:440,44,1,0
BRDA:452,45,0,2
BRDA:452,45,1,3
BRDA:458,46,0,2
BRDA:458,46,1,3
BRDA:465,47,0,3
BRDA:465,47,1,2
BRDA:488,48,0,2
BRDA:488,48,1,3
BRDA:506,49,0,1
BRDA:506,49,1,1
BRDA:507,50,0,0
BRDA:507,50,1,2
BRDA:512,51,0,1
BRDA:512,51,1,1
BRDA:513,52,0,0
BRDA:513,52,1,1
BRDA:533,53,0,1
BRDA:533,53,1,0
BRDA:541,54,0,1
BRDA:541,54,1,0
BRF:115
BRH:90
end_of_record
TN:
SF:src/pages/TaskSetDetail.tsx
FN:17,parseTab
FN:21,statusVariant
FN:40,capabilityLabel
FN:48,TaskSetDetail
FN:64,(anonymous_4)
FN:66,(anonymous_5)
FN:74,(anonymous_6)
FN:75,(anonymous_7)
FN:82,(anonymous_8)
FN:83,(anonymous_9)
FN:89,(anonymous_10)
FN:152,(anonymous_11)
FN:160,(anonymous_12)
FN:182,(anonymous_13)
FN:187,(anonymous_14)
FN:198,(anonymous_15)
FN:204,(anonymous_16)
FN:209,(anonymous_17)
FN:228,OverviewPanel
FN:281,(anonymous_19)
FN:294,ErrorsPanel
FN:325,(anonymous_21)
FNF:22
FNH:12
FNDA:6,parseTab
FNDA:4,statusVariant
FNDA:4,capabilityLabel
FNDA:6,TaskSetDetail
FNDA:2,(anonymous_4)
FNDA:14,(anonymous_5)
FNDA:0,(anonymous_6)
FNDA:0,(anonymous_7)
FNDA:0,(anonymous_8)
FNDA:0,(anonymous_9)
FNDA:2,(anonymous_10)
FNDA:0,(anonymous_11)
FNDA:0,(anonymous_12)
FNDA:14,(anonymous_13)
FNDA:7,(anonymous_14)
FNDA:0,(anonymous_15)
FNDA:0,(anonymous_16)
FNDA:0,(anonymous_17)
FNDA:3,OverviewPanel
FNDA:0,(anonymous_19)
FNDA:3,ErrorsPanel
FNDA:3,(anonymous_21)
DA:15,3
DA:18,6
DA:22,4
DA:24,4
DA:26,0
DA:28,0
DA:30,0
DA:32,0
DA:34,0
DA:38,3
DA:41,4
DA:42,0
DA:44,4
DA:45,0
DA:49,6
DA:50,6
DA:51,6
DA:52,6
DA:53,6
DA:54,6
DA:56,6
DA:62,6
DA:64,2
DA:67,14
DA:68,14
DA:69,0
DA:73,6
DA:74,0
DA:76,0
DA:77,0
DA:81,6
DA:82,0
DA:84,0
DA:85,0
DA:89,6
DA:90,2
DA:91,2
DA:92,1
DA:93,2
DA:96,6
DA:97,4
DA:99,0
DA:104,0
DA:105,0
DA:113,0
DA:122,4
DA:123,4
DA:125,4
DA:152,0
DA:160,0
DA:183,14
DA:188,7
DA:198,0
DA:204,0
DA:210,0
DA:211,0
DA:229,3
DA:282,0
DA:295,3
DA:296,0
DA:307,3
DA:326,3
LF:62
LH:36
BRDA:18,0,0,3
BRDA:18,0,1,3
BRDA:22,1,0,4
BRDA:22,1,1,0
BRDA:22,1,2,0
BRDA:22,1,3,0
BRDA:22,1,4,0
BRDA:22,1,5,0
BRDA:41,2,0,0
BRDA:41,2,1,4
BRDA:41,3,0,4
BRDA:41,3,1,4
BRDA:44,4,0,4
BRDA:44,4,1,0
BRDA:49,5,0,6
BRDA:68,6,0,14
BRDA:68,6,1,0
BRDA:68,7,0,14
BRDA:68,7,1,6
BRDA:91,8,0,1
BRDA:91,8,1,1
BRDA:96,9,0,2
BRDA:96,9,1,4
BRDA:97,10,0,0
BRDA:97,10,1,4
BRDA:99,11,0,0
BRDA:99,11,1,0
BRDA:99,12,0,0
BRDA:99,12,1,0
BRDA:99,12,2,0
BRDA:104,13,0,0
BRDA:104,13,1,0
BRDA:123,14,0,0
BRDA:123,14,1,4
BRDA:155,15,0,0
BRDA:155,15,1,4
BRDA:183,16,0,7
BRDA:183,16,1,7
BRDA:188,17,0,3
BRDA:188,17,1,4
BRDA:240,18,0,3
BRDA:240,18,1,0
BRDA:246,19,0,3
BRDA:246,19,1,0
BRDA:252,20,0,3
BRDA:252,20,1,0
BRDA:257,21,0,0
BRDA:257,21,1,3
BRDA:267,22,0,0
BRDA:267,22,1,3
BRDA:275,23,0,0
BRDA:275,23,1,3
BRDA:295,24,0,0
BRDA:295,24,1,3
BRDA:328,25,0,3
BRDA:328,25,1,0
BRDA:331,26,0,3
BRDA:331,26,1,0
BRDA:334,27,0,3
BRDA:334,27,1,0
BRF:60
BRH:32
end_of_record
TN:
SF:src/pages/TaskSetSubmit.tsx
FN:10,TaskSetSubmit
FN:18,(anonymous_1)
FN:19,(anonymous_2)
FN:22,(anonymous_3)
FN:28,(anonymous_4)
FN:126,(anonymous_5)
FNF:6
FNH:6
FNDA:8,TaskSetSubmit
FNDA:3,(anonymous_1)
FNDA:1,(anonymous_2)
FNDA:2,(anonymous_3)
FNDA:4,(anonymous_4)
FNDA:1,(anonymous_5)
DA:11,8
DA:12,8
DA:13,8
DA:14,8
DA:15,8
DA:17,8
DA:18,3
DA:20,1
DA:23,2
DA:24,2
DA:28,8
DA:29,4
DA:30,4
DA:32,4
DA:33,4
DA:34,1
DA:35,1
DA:38,3
DA:39,3
DA:41,3
DA:42,4
DA:44,3
DA:45,4
DA:47,3
DA:50,8
DA:126,1
LF:26
LH:26
BRDA:24,0,0,2
BRDA:24,0,1,1
BRDA:33,1,0,1
BRDA:33,1,1,3
BRDA:42,2,0,1
BRDA:42,2,1,3
BRDA:45,3,0,1
BRDA:45,3,1,3
BRDA:110,4,0,4
BRDA:110,4,1,4
BRDA:122,5,0,1
BRDA:122,5,1,7
BRF:12
BRH:12
end_of_record
TN:
SF:src/pages/TaskSetsList.tsx
FN:10,taskSetStatusVariant
FN:27,capabilityLabel
FN:35,TaskSetsList
FN:38,(anonymous_3)
FN:82,(anonymous_4)
FN:95,(anonymous_5)
FNF:6
FNH:6
FNDA:6,taskSetStatusVariant
FNDA:6,capabilityLabel
FNDA:6,TaskSetsList
FNDA:3,(anonymous_3)
FNDA:5,(anonymous_4)
FNDA:6,(anonymous_5)
DA:11,6
DA:13,1
DA:15,1
DA:17,1
DA:19,1
DA:21,1
DA:23,1
DA:28,6
DA:29,1
DA:31,5
DA:32,4
DA:36,6
DA:38,3
DA:41,6
DA:42,3
DA:43,1
DA:52,2
DA:54,6
DA:84,5
DA:96,6
LF:20
LH:20
BRDA:11,0,0,1
BRDA:11,0,1,1
BRDA:11,0,2,1
BRDA:11,0,3,1
BRDA:11,0,4,1
BRDA:11,0,5,1
BRDA:28,1,0,1
BRDA:28,1,1,5
BRDA:28,2,0,6
BRDA:28,2,1,2
BRDA:31,3,0,1
BRDA:31,3,1,4
BRDA:41,4,0,3
BRDA:41,4,1,3
BRDA:42,5,0,1
BRDA:42,5,1,2
BRDA:52,6,0,2
BRDA:52,6,1,0
BRDA:71,7,0,1
BRDA:71,7,1,1
BRF:20
BRH:19
end_of_record
TN:
SF:src/pages/Tasks.tsx
FN:35,Badge
FN:60,Tasks
FN:68,(anonymous_2)
FN:73,(anonymous_3)
FN:82,(anonymous_4)
FN:84,(anonymous_5)
FN:90,(anonymous_6)
FN:110,(anonymous_7)
FN:148,(anonymous_8)
FN:197,(anonymous_9)
FN:203,(anonymous_10)
FN:217,(anonymous_11)
FN:233,(anonymous_12)
FN:235,(anonymous_13)
FN:238,(anonymous_14)
FN:238,(anonymous_15)
FN:248,(anonymous_16)
FNF:17
FNH:11
FNDA:32,Badge
FNDA:17,Tasks
FNDA:5,(anonymous_2)
FNDA:9,(anonymous_3)
FNDA:10,(anonymous_4)
FNDA:10,(anonymous_5)
FNDA:17,(anonymous_6)
FNDA:8,(anonymous_7)
FNDA:0,(anonymous_8)
FNDA:1,(anonymous_9)
FNDA:24,(anonymous_10)
FNDA:3,(anonymous_11)
FNDA:0,(anonymous_12)
FNDA:0,(anonymous_13)
FNDA:0,(anonymous_14)
FNDA:0,(anonymous_15)
FNDA:0,(anonymous_16)
DA:42,32
DA:48,32
DA:61,17
DA:62,17
DA:63,17
DA:64,17
DA:66,17
DA:68,5
DA:71,17
DA:74,9
DA:82,17
DA:83,10
DA:84,10
DA:90,17
DA:91,17
DA:92,8
DA:93,0
DA:99,8
DA:100,8
DA:101,0
DA:108,8
DA:111,8
DA:148,0
DA:159,17
DA:198,1
DA:199,1
DA:204,24
DA:218,3
DA:219,3
DA:234,0
DA:235,0
DA:238,0
DA:248,0
LF:33
LH:26
BRDA:37,0,0,32
BRDA:75,1,0,9
BRDA:75,1,1,8
BRDA:76,2,0,9
BRDA:76,2,1,6
BRDA:77,3,0,9
BRDA:77,3,1,9
BRDA:83,4,0,5
BRDA:83,4,1,5
BRDA:86,5,0,10
BRDA:86,5,1,0
BRDA:91,6,0,9
BRDA:91,6,1,8
BRDA:92,7,0,0
BRDA:92,7,1,8
BRDA:99,8,0,0
BRDA:99,8,1,8
BRDA:100,9,0,0
BRDA:100,9,1,8
BRDA:118,10,0,8
BRDA:118,10,1,0
BRDA:124,11,0,8
BRDA:124,11,1,0
BRDA:130,12,0,8
BRDA:130,12,1,0
BRDA:133,13,0,8
BRDA:133,13,1,0
BRDA:136,14,0,8
BRDA:136,14,1,0
BRDA:140,15,0,0
BRDA:140,15,1,8
BRDA:228,16,0,8
BRDA:228,16,1,9
BRDA:228,17,0,17
BRDA:228,17,1,8
BRDA:234,18,0,0
BRDA:234,18,1,0
BRDA:244,19,0,0
BRDA:244,19,1,17
BRF:39
BRH:26
end_of_record
TN:
SF:src/pages/TrialCompare.tsx
FN:33,TrialColumn
FN:36,(anonymous_1)
FN:44,(anonymous_2)
FN:109,PickerForB
FN:124,(anonymous_4)
FN:130,(anonymous_5)
FN:140,TrialCompare
FN:147,(anonymous_7)
FN:151,(anonymous_8)
FNF:9
FNH:7
FNDA:2,TrialColumn
FNDA:2,(anonymous_1)
FNDA:2,(anonymous_2)
FNDA:5,PickerForB
FNDA:3,(anonymous_4)
FNDA:0,(anonymous_5)
FNDA:3,TrialCompare
FNDA:3,(anonymous_7)
FNDA:0,(anonymous_8)
DA:34,2
DA:36,2
DA:42,2
DA:44,2
DA:48,2
DA:49,0
DA:50,0
DA:51,0
DA:53,0
DA:114,5
DA:115,5
DA:124,3
DA:130,0
DA:141,3
DA:142,3
DA:143,3
DA:144,3
DA:147,3
DA:148,3
DA:151,3
DA:152,0
DA:153,0
DA:154,0
DA:155,0
DA:158,3
DA:159,1
DA:185,2
LF:27
LH:18
BRDA:48,0,0,2
BRDA:48,0,1,0
BRDA:49,1,0,0
BRDA:49,1,1,0
BRDA:50,2,0,0
BRDA:50,2,1,0
BRDA:76,3,0,0
BRDA:76,3,1,0
BRDA:81,4,0,0
BRDA:81,4,1,0
BRDA:100,5,0,0
BRDA:100,5,1,0
BRDA:101,6,0,0
BRDA:101,6,1,0
BRDA:102,7,0,0
BRDA:102,7,1,0
BRDA:142,8,0,3
BRDA:142,8,1,1
BRDA:143,9,0,3
BRDA:143,9,1,3
BRDA:153,10,0,0
BRDA:153,10,1,0
BRDA:158,11,0,1
BRDA:158,11,1,2
BRDA:196,12,0,0
BRDA:196,12,1,2
BRF:26
BRH:8
end_of_record
TN:
SF:src/pages/TrialDetail.tsx
FN:50,artifactLabel
FN:54,artifactDownloadName
FN:59,artifactShareLabel
FN:81,formatBytes
FN:94,trialOutcome
FN:129,TrialHeader
FN:245,(anonymous_6)
FN:275,(anonymous_7)
FN:292,(anonymous_8)
FN:309,(anonymous_9)
FN:325,(anonymous_10)
FN:336,(anonymous_11)
FN:375,Trajectory
FN:393,(anonymous_13)
FN:395,(anonymous_14)
FN:410,(anonymous_15)
FN:438,(anonymous_16)
FN:446,(anonymous_17)
FN:462,TrialDetail
FN:475,(anonymous_19)
FN:477,(anonymous_20)
FNF:21
FNH:18
FNDA:3,artifactLabel
FNDA:1,artifactDownloadName
FNDA:2,artifactShareLabel
FNDA:2,formatBytes
FNDA:9,trialOutcome
FNDA:9,TrialHeader
FNDA:9,(anonymous_6)
FNDA:0,(anonymous_7)
FNDA:1,(anonymous_8)
FNDA:29,(anonymous_9)
FNDA:2,(anonymous_10)
FNDA:1,(anonymous_11)
FNDA:22,Trajectory
FNDA:9,(anonymous_13)
FNDA:3,(anonymous_14)
FNDA:22,(anonymous_15)
FNDA:0,(anonymous_16)
FNDA:0,(anonymous_17)
FNDA:18,TrialDetail
FNDA:9,(anonymous_19)
FNDA:54,(anonymous_20)
DA:43,3
DA:51,3
DA:55,1
DA:56,1
DA:63,2
DA:64,1
DA:69,1
DA:70,0
DA:75,1
DA:82,2
DA:83,2
DA:84,2
DA:85,2
DA:86,2
DA:87,0
DA:88,0
DA:90,2
DA:91,0
DA:97,9
DA:98,4
DA:103,5
DA:104,3
DA:110,2
DA:111,2
DA:117,0
DA:118,0
DA:123,0
DA:134,9
DA:135,9
DA:138,9
DA:141,9
DA:143,9
DA:147,9
DA:246,9
DA:275,0
DA:292,1
DA:310,29
DA:326,2
DA:327,2
DA:328,2
DA:337,1
DA:382,22
DA:383,22
DA:385,22
DA:387,22
DA:388,22
DA:389,22
DA:391,22
DA:394,9
DA:395,8
DA:396,8
DA:397,8
DA:399,0
DA:401,8
DA:406,22
DA:410,22
DA:411,22
DA:412,9
DA:413,9
DA:414,0
DA:415,0
DA:416,0
DA:419,22
DA:438,0
DA:446,0
DA:463,18
DA:465,18
DA:473,18
DA:475,9
DA:478,54
DA:479,54
DA:480,8
DA:484,18
DA:485,0
DA:487,18
DA:488,9
DA:489,9
DA:491,9
LF:78
LH:63
BRDA:51,0,0,3
BRDA:51,0,1,0
BRDA:51,0,2,0
BRDA:56,1,0,1
BRDA:56,1,1,0
BRDA:63,2,0,1
BRDA:63,2,1,1
BRDA:69,3,0,0
BRDA:69,3,1,1
BRDA:82,4,0,0
BRDA:82,4,1,2
BRDA:82,5,0,2
BRDA:82,5,1,2
BRDA:86,6,0,2
BRDA:86,6,1,0
BRDA:90,7,0,2
BRDA:90,7,1,0
BRDA:91,8,0,0
BRDA:91,8,1,0
BRDA:97,9,0,4
BRDA:97,9,1,5
BRDA:103,10,0,3
BRDA:103,10,1,2
BRDA:110,11,0,2
BRDA:110,11,1,0
BRDA:110,12,0,2
BRDA:110,12,1,0
BRDA:117,13,0,0
BRDA:117,13,1,0
BRDA:135,14,0,2
BRDA:135,14,1,7
BRDA:138,15,0,9
BRDA:138,15,1,0
BRDA:141,16,0,9
BRDA:141,16,1,7
BRDA:143,17,0,9
BRDA:143,17,1,8
BRDA:143,17,2,8
BRDA:187,18,0,9
BRDA:187,18,1,0
BRDA:187,19,0,9
BRDA:187,19,1,0
BRDA:189,20,0,9
BRDA:189,20,1,0
BRDA:194,21,0,0
BRDA:194,21,1,9
BRDA:210,22,0,1
BRDA:210,22,1,8
BRDA:241,23,0,9
BRDA:241,23,1,0
BRDA:252,24,0,2
BRDA:252,24,1,7
BRDA:271,25,0,0
BRDA:271,25,1,9
BRDA:288,26,0,1
BRDA:288,26,1,8
BRDA:319,27,0,2
BRDA:319,27,1,7
BRDA:358,28,0,1
BRDA:358,28,1,1
BRDA:396,29,0,8
BRDA:396,29,1,0
BRDA:403,30,0,22
BRDA:403,30,1,13
BRDA:403,30,2,10
BRDA:406,31,0,13
BRDA:406,31,1,9
BRDA:411,32,0,13
BRDA:411,32,1,9
BRDA:412,33,0,0
BRDA:412,33,1,9
BRDA:413,34,0,9
BRDA:413,34,1,0
BRDA:414,35,0,0
BRDA:414,35,1,0
BRDA:415,36,0,0
BRDA:415,36,1,0
BRDA:426,37,0,9
BRDA:426,37,1,13
BRDA:426,38,0,22
BRDA:426,38,1,9
BRDA:426,38,2,9
BRDA:429,39,0,9
BRDA:429,39,1,13
BRDA:429,40,0,22
BRDA:429,40,1,13
BRDA:429,40,2,12
BRDA:432,41,0,1
BRDA:432,41,1,21
BRDA:432,42,0,22
BRDA:432,42,1,13
BRDA:436,43,0,1
BRDA:436,43,1,21
BRDA:436,44,0,22
BRDA:436,44,1,13
BRDA:442,45,0,0
BRDA:442,45,1,1
BRDA:444,46,0,9
BRDA:444,46,1,12
BRDA:444,47,0,21
BRDA:444,47,1,12
BRDA:450,48,0,9
BRDA:450,48,1,0
BRDA:452,49,0,0
BRDA:452,49,1,12
BRDA:452,50,0,12
BRDA:452,50,1,0
BRDA:479,51,0,46
BRDA:479,51,1,8
BRDA:479,52,0,54
BRDA:479,52,1,18
BRDA:484,53,0,0
BRDA:484,53,1,18
BRDA:487,54,0,9
BRDA:487,54,1,9
BRDA:488,55,0,0
BRDA:488,55,1,9
BRDA:489,56,0,0
BRDA:489,56,1,9
BRF:119
BRH:85
end_of_record
TN:
SF:src/pages/UsageDashboard.tsx
FN:32,defaultStart
FN:37,defaultEnd
FN:41,UsageDashboard
FN:50,(anonymous_3)
FN:54,(anonymous_4)
FN:55,(anonymous_5)
FN:60,(anonymous_6)
FN:88,(anonymous_7)
FN:99,(anonymous_8)
FN:109,(anonymous_9)
FN:126,(anonymous_10)
FN:134,(anonymous_11)
FN:183,UsageContent
FN:184,(anonymous_13)
FN:187,(anonymous_14)
FN:203,(anonymous_15)
FN:240,(anonymous_16)
FN:241,(anonymous_17)
FN:263,(anonymous_18)
FN:274,(anonymous_19)
FN:290,UsageBucketRows
FN:342,(anonymous_21)
FN:353,(anonymous_22)
FN:366,UsageBatchRow
FN:398,Chart
FN:423,(anonymous_25)
FNF:26
FNH:23
FNDA:14,defaultStart
FNDA:14,defaultEnd
FNDA:14,UsageDashboard
FNDA:2,(anonymous_3)
FNDA:8,(anonymous_4)
FNDA:2,(anonymous_5)
FNDA:6,(anonymous_6)
FNDA:0,(anonymous_7)
FNDA:0,(anonymous_8)
FNDA:0,(anonymous_9)
FNDA:1,(anonymous_10)
FNDA:8,(anonymous_11)
FNDA:4,UsageContent
FNDA:4,(anonymous_13)
FNDA:4,(anonymous_14)
FNDA:4,(anonymous_15)
FNDA:8,(anonymous_16)
FNDA:4,(anonymous_17)
FNDA:36,(anonymous_18)
FNDA:4,(anonymous_19)
FNDA:4,UsageBucketRows
FNDA:8,(anonymous_21)
FNDA:1,(anonymous_22)
FNDA:1,UsageBatchRow
FNDA:4,Chart
FNDA:4,(anonymous_25)
DA:28,3
DA:30,3
DA:33,14
DA:34,14
DA:35,14
DA:38,14
DA:42,14
DA:43,14
DA:44,14
DA:45,14
DA:46,14
DA:48,14
DA:50,2
DA:53,14
DA:54,14
DA:55,14
DA:56,14
DA:58,14
DA:61,6
DA:70,14
DA:88,0
DA:99,0
DA:110,0
DA:126,1
DA:135,8
DA:184,4
DA:186,4
DA:187,4
DA:188,4
DA:199,4
DA:203,4
DA:205,4
DA:240,8
DA:241,4
DA:264,36
DA:275,4
DA:297,4
DA:343,8
DA:354,1
DA:367,1
DA:407,4
DA:408,4
DA:409,4
DA:410,4
DA:411,4
DA:412,4
DA:417,4
DA:424,4
DA:425,4
DA:426,4
DA:427,4
DA:428,4
LF:52
LH:49
BRDA:53,0,0,14
BRDA:53,0,1,10
BRDA:56,1,0,14
BRDA:56,1,1,12
BRDA:65,2,0,6
BRDA:65,2,1,5
BRDA:66,3,0,3
BRDA:66,3,1,3
BRDA:119,4,0,6
BRDA:119,4,1,8
BRDA:131,5,0,0
BRDA:131,5,1,6
BRDA:131,6,0,6
BRDA:131,6,1,2
BRDA:157,7,0,6
BRDA:157,7,1,8
BRDA:158,8,0,2
BRDA:158,8,1,4
BRDA:165,9,0,9
BRDA:165,9,1,5
BRDA:166,10,0,0
BRDA:166,10,1,14
BRDA:167,11,0,5
BRDA:167,11,1,9
BRDA:168,12,0,0
BRDA:168,12,1,5
BRDA:170,13,0,0
BRDA:170,13,1,5
BRDA:203,14,0,4
BRDA:203,14,1,3
BRDA:240,15,0,8
BRDA:240,15,1,2
BRDA:326,16,0,1
BRDA:326,16,1,3
BRDA:326,17,0,4
BRDA:326,17,1,1
BRDA:326,18,0,1
BRDA:326,18,1,0
BRDA:353,19,0,1
BRDA:353,19,1,0
BRDA:376,20,0,1
BRDA:376,20,1,0
BRF:42
BRH:35
end_of_record
